[2025-05-07T05:05:05.856Z] INFO: ✅Server running on port 4000
[2025-05-07T05:05:35.861Z] ERROR: ❌ MongoDB Connection Error: connect ECONNREFUSED 127.0.0.1:27017, connect ECONNREFUSED ::1:27017
[2025-05-07T05:06:06.730Z] INFO: ✅Server running on port 4000
[2025-05-07T05:06:06.754Z] INFO: ✅ MongoDB Connected
[2025-05-07T05:13:47.917Z] INFO: ✅Server running on port 4000
[2025-05-07T05:13:47.939Z] INFO: ✅ MongoDB Connected
[2025-05-07T05:19:43.587Z] INFO: ✅Server running on port 4000
[2025-05-07T05:19:43.604Z] INFO: ✅ MongoDB Connected
[2025-05-07T05:20:18.396Z] INFO: ✅Server running on port 4000
[2025-05-07T05:20:18.409Z] INFO: ✅ MongoDB Connected
[2025-05-07T05:20:36.530Z] INFO: ✅Server running on port 4000
[2025-05-07T05:20:36.548Z] INFO: ✅ MongoDB Connected
[2025-05-07T05:26:24.254Z] INFO: ✅Server running on port 4000
[2025-05-07T05:26:24.277Z] INFO: ✅ MongoDB Connected
[2025-05-07T05:28:24.401Z] INFO: ✅Server running on port 4000
[2025-05-07T05:28:24.411Z] INFO: ✅ MongoDB Connected
[2025-05-07T05:31:39.122Z] INFO: ✅Server running on port 4000
[2025-05-07T05:31:39.141Z] INFO: ✅ MongoDB Connected
[2025-05-07T05:32:20.717Z] INFO: ✅Server running on port 4000
[2025-05-07T05:32:20.736Z] INFO: ✅ MongoDB Connected
[2025-05-07T05:32:46.031Z] INFO: ✅Server running on port 4000
[2025-05-07T05:32:46.054Z] INFO: ✅ MongoDB Connected
[2025-05-07T05:33:04.045Z] INFO: ✅Server running on port 4000
[2025-05-07T05:33:04.068Z] INFO: ✅ MongoDB Connected
[2025-05-07T05:34:42.455Z] INFO: ✅Server running on port 4000
[2025-05-07T05:34:42.476Z] INFO: ✅ MongoDB Connected
[2025-05-07T05:35:22.809Z] INFO: ✅Server running on port 4000
[2025-05-07T05:35:22.832Z] INFO: ✅ MongoDB Connected
[2025-05-07T05:35:49.008Z] INFO: ✅Server running on port 4000
[2025-05-07T05:35:49.031Z] INFO: ✅ MongoDB Connected
[2025-05-07T05:36:22.099Z] INFO: ✅Server running on port 4000
[2025-05-07T05:36:22.120Z] INFO: ✅ MongoDB Connected
[2025-05-07T05:36:34.003Z] INFO: ✅Server running on port 4000
[2025-05-07T05:36:34.023Z] INFO: ✅ MongoDB Connected
[2025-05-07T05:36:41.475Z] INFO: ✅Server running on port 4000
[2025-05-07T05:36:41.499Z] INFO: ✅ MongoDB Connected
[2025-05-07T05:36:56.472Z] INFO: ✅Server running on port 4000
[2025-05-07T05:36:56.493Z] INFO: ✅ MongoDB Connected
[2025-05-07T05:39:14.178Z] INFO: ✅Server running on port 4000
[2025-05-07T05:39:14.199Z] INFO: ✅ MongoDB Connected
[2025-05-07T05:41:16.390Z] INFO: ✅Server running on port 4000
[2025-05-07T05:41:16.417Z] INFO: ✅ MongoDB Connected
[2025-05-07T05:47:16.243Z] INFO: ✅Server running on port 4000
[2025-05-07T05:47:16.262Z] INFO: ✅ MongoDB Connected
[2025-05-07T05:47:21.231Z] INFO: ✅Server running on port 4000
[2025-05-07T05:47:21.253Z] INFO: ✅ MongoDB Connected
[2025-05-07T05:48:16.053Z] INFO: ✅Server running on port 4000
[2025-05-07T05:48:16.080Z] INFO: ✅ MongoDB Connected
[2025-05-07T05:48:21.390Z] ERROR:  ❌ In throw Map error
[2025-05-07T05:49:19.459Z] INFO: ✅Server running on port 4000
[2025-05-07T05:49:19.480Z] INFO: ✅ MongoDB Connected
[2025-05-07T05:56:19.520Z] INFO: ✅Server running on port 4000
[2025-05-07T05:56:19.540Z] INFO: ✅ MongoDB Connected
[2025-05-07T05:56:30.401Z] INFO: in the Worker transaction 
[2025-05-07T05:56:30.402Z] INFO: 0xDAf96cB61d28799b3B174C56D3E9335838E5e46D,0xEbF0701BFf3996B1E443Ce74959C8DEd304B1f11,2,1,0xfacce3dca73f4e05690000ae73b9431e206a9a9dff5f14bfc29105cf17ebb73b
[2025-05-07T05:56:30.403Z] INFO: in the TransferServiceNFT 
[2025-05-07T05:56:32.981Z] INFO: SaveTransaction------,0xDAf96cB61d28799b3B174C56D3E9335838E5e46D,0xEbF0701BFf3996B1E443Ce74959C8DEd304B1f11,2,0xb496e9f7e7d90b2fd67ac2ab46b79817b17dd8c805fea7c175664bbb1037dd3d
[2025-05-07T05:57:38.924Z] INFO: ✅Server running on port 4000
[2025-05-07T05:57:38.946Z] INFO: ✅ MongoDB Connected
[2025-05-07T05:57:38.949Z] INFO: in the Worker transaction 
[2025-05-07T05:57:38.950Z] INFO: 0xDAf96cB61d28799b3B174C56D3E9335838E5e46D,0xEbF0701BFf3996B1E443Ce74959C8DEd304B1f11,2,1,0xfacce3dca73f4e05690000ae73b9431e206a9a9dff5f14bfc29105cf17ebb73b
[2025-05-07T05:57:38.950Z] INFO: in the TransferServiceNFT 
[2025-05-07T05:57:41.251Z] INFO: SaveTransaction------,0xDAf96cB61d28799b3B174C56D3E9335838E5e46D,0xEbF0701BFf3996B1E443Ce74959C8DEd304B1f11,2,0xd1fbf1d8db8f36c2355d0fd314f451d43378a002a8c55aede491600b59da56fc
[2025-05-07T05:57:58.140Z] INFO: Service Updated ,[object Object],0xd1fbf1d8db8f36c2355d0fd314f451d43378a002a8c55aede491600b59da56fc
[2025-05-07T05:57:58.141Z] INFO: 53 Job Id in the Worker
[2025-05-07T05:57:58.141Z] INFO: Transaction completed: https://holesky.etherscan.io/tx/0xd1fbf1d8db8f36c2355d0fd314f451d43378a002a8c55aede491600b59da56fc
[2025-05-07T05:58:48.983Z] INFO: ✅Server running on port 4000
[2025-05-07T05:58:49.003Z] INFO: ✅ MongoDB Connected
[2025-05-07T05:59:02.114Z] INFO: ✅Server running on port 4000
[2025-05-07T05:59:02.135Z] INFO: ✅ MongoDB Connected
[2025-05-07T06:02:21.353Z] INFO: ✅Server running on port 4000
[2025-05-07T06:02:21.372Z] INFO: ✅ MongoDB Connected
[2025-05-07T06:20:06.514Z] INFO: ✅Server running on port 4000
[2025-05-07T06:20:06.530Z] INFO: ✅ MongoDB Connected
[2025-05-07T06:32:38.427Z] INFO: ✅Server running on port 4000
[2025-05-07T06:32:38.458Z] INFO: ✅ MongoDB Connected
[2025-05-07T06:33:16.141Z] INFO: ✅Server running on port 4000
[2025-05-07T06:33:16.171Z] INFO: ✅ MongoDB Connected
[2025-05-07T06:36:03.003Z] INFO: ✅Server running on port 4000
[2025-05-07T06:36:03.038Z] INFO: ✅ MongoDB Connected
[2025-05-07T06:36:09.401Z] INFO: ✅Server running on port 4000
[2025-05-07T06:36:09.435Z] INFO: ✅ MongoDB Connected
[2025-05-07T06:36:40.995Z] INFO: ✅Server running on port 4000
[2025-05-07T06:36:41.033Z] INFO: ✅ MongoDB Connected
[2025-05-07T06:36:49.994Z] INFO: ✅Server running on port 4000
[2025-05-07T06:36:50.030Z] INFO: ✅ MongoDB Connected
[2025-05-07T06:38:37.912Z] INFO: ✅Server running on port 4000
[2025-05-07T06:38:37.947Z] INFO: ✅ MongoDB Connected
[2025-05-07T06:46:01.594Z] INFO: ✅Server running on port 4000
[2025-05-07T06:46:01.650Z] INFO: ✅ MongoDB Connected
[2025-05-07T06:48:05.626Z] INFO: ✅Server running on port 4000
[2025-05-07T06:48:05.661Z] INFO: ✅ MongoDB Connected
[2025-05-07T06:49:23.535Z] INFO: ✅Server running on port 4000
[2025-05-07T06:49:23.565Z] INFO: ✅ MongoDB Connected
[2025-05-07T06:49:30.976Z] INFO: ✅Server running on port 4000
[2025-05-07T06:49:31.011Z] INFO: ✅ MongoDB Connected
[2025-05-07T06:57:29.815Z] INFO: ✅Server running on port 4000
[2025-05-07T06:57:29.849Z] INFO: ✅ MongoDB Connected
[2025-05-07T06:57:57.018Z] INFO: ✅Server running on port 4000
[2025-05-07T06:57:57.052Z] INFO: ✅ MongoDB Connected
[2025-05-07T07:14:15.237Z] INFO: ✅Server running on port 4000
[2025-05-07T07:14:15.260Z] INFO: ✅ MongoDB Connected
[2025-05-07T07:16:05.931Z] INFO: ✅Server running on port 4000
[2025-05-07T07:16:05.951Z] INFO: ✅ MongoDB Connected
[2025-05-07T07:16:39.893Z] INFO: ✅Server running on port 4000
[2025-05-07T07:16:39.913Z] INFO: ✅ MongoDB Connected
[2025-05-07T07:17:17.816Z] INFO: ✅Server running on port 4000
[2025-05-07T07:17:17.840Z] INFO: ✅ MongoDB Connected
[2025-05-07T07:17:46.731Z] INFO: ✅Server running on port 4000
[2025-05-07T07:17:46.790Z] INFO: ✅ MongoDB Connected
[2025-05-07T07:18:56.230Z] INFO: ✅Server running on port 4000
[2025-05-07T07:18:56.258Z] INFO: ✅ MongoDB Connected
[2025-05-07T07:19:29.068Z] INFO: ✅Server running on port 4000
[2025-05-07T07:19:29.088Z] INFO: ✅ MongoDB Connected
[2025-05-07T08:52:31.143Z] INFO: ✅Server running on port 4000
[2025-05-07T08:52:31.175Z] INFO: ✅ MongoDB Connected
[2025-05-07T08:54:19.749Z] INFO: ✅Server running on port 4000
[2025-05-07T08:54:19.783Z] INFO: ✅ MongoDB Connected
[2025-05-07T08:54:37.747Z] INFO: ✅Server running on port 4000
[2025-05-07T08:54:37.782Z] INFO: ✅ MongoDB Connected
[2025-05-07T08:57:05.300Z] INFO: ✅Server running on port 4000
[2025-05-07T08:57:05.334Z] INFO: ✅ MongoDB Connected
[2025-05-07T08:57:24.294Z] INFO: ✅Server running on port 4000
[2025-05-07T08:57:24.331Z] INFO: ✅ MongoDB Connected
[2025-05-07T09:00:27.716Z] INFO: ✅Server running on port 4000
[2025-05-07T09:00:27.754Z] INFO: ✅ MongoDB Connected
[2025-05-07T09:05:03.763Z] INFO: ✅Server running on port 4000
[2025-05-07T09:05:03.801Z] INFO: ✅ MongoDB Connected
[2025-05-07T09:31:10.441Z] INFO: ✅Server running on port 4000
[2025-05-07T09:31:10.481Z] INFO: ✅ MongoDB Connected
[2025-05-07T09:32:38.104Z] INFO: ✅Server running on port 4000
[2025-05-07T09:32:38.140Z] INFO: ✅ MongoDB Connected
[2025-05-07T09:32:52.274Z] INFO: ✅Server running on port 4000
[2025-05-07T09:32:52.305Z] INFO: ✅ MongoDB Connected
[2025-05-07T09:32:59.697Z] INFO: ✅Server running on port 4000
[2025-05-07T09:32:59.734Z] INFO: ✅ MongoDB Connected
[2025-05-07T09:33:34.269Z] INFO: ✅Server running on port 4000
[2025-05-07T09:33:34.300Z] INFO: ✅ MongoDB Connected
[2025-05-07T09:33:42.986Z] INFO: ✅Server running on port 4000
[2025-05-07T09:33:43.021Z] INFO: ✅ MongoDB Connected
[2025-05-07T09:33:51.659Z] INFO: ✅Server running on port 4000
[2025-05-07T09:33:51.691Z] INFO: ✅ MongoDB Connected
[2025-05-07T09:34:04.352Z] INFO: ✅Server running on port 4000
[2025-05-07T09:34:04.392Z] INFO: ✅ MongoDB Connected
[2025-05-07T09:34:26.622Z] INFO: ✅Server running on port 4000
[2025-05-07T09:34:26.752Z] INFO: ✅ MongoDB Connected
[2025-05-07T09:35:11.852Z] INFO: ✅Server running on port 4000
[2025-05-07T09:35:11.889Z] INFO: ✅ MongoDB Connected
[2025-05-07T09:35:28.967Z] INFO: ✅Server running on port 4000
[2025-05-07T09:35:29.007Z] INFO: ✅ MongoDB Connected
[2025-05-07T09:35:53.222Z] INFO: ✅Server running on port 4000
[2025-05-07T09:35:53.279Z] INFO: ✅ MongoDB Connected
[2025-05-07T09:36:07.589Z] INFO: ✅Server running on port 4000
[2025-05-07T09:36:07.630Z] INFO: ✅ MongoDB Connected
[2025-05-07T09:37:42.213Z] INFO: ✅Server running on port 4000
[2025-05-07T09:37:42.263Z] INFO: ✅ MongoDB Connected
[2025-05-07T09:38:09.538Z] INFO: ✅Server running on port 4000
[2025-05-07T09:38:09.587Z] INFO: ✅ MongoDB Connected
[2025-05-07T09:38:34.698Z] INFO: ✅Server running on port 4000
[2025-05-07T09:38:34.735Z] INFO: ✅ MongoDB Connected
[2025-05-07T09:39:30.217Z] INFO: ✅Server running on port 4000
[2025-05-07T09:39:30.258Z] INFO: ✅ MongoDB Connected
[2025-05-07T09:41:53.663Z] INFO: ✅Server running on port 4000
[2025-05-07T09:41:53.700Z] INFO: ✅ MongoDB Connected
[2025-05-07T09:43:57.610Z] INFO: ✅Server running on port 4000
[2025-05-07T09:43:57.663Z] INFO: ✅ MongoDB Connected
[2025-05-07T09:44:07.744Z] INFO: ✅Server running on port 4000
[2025-05-07T09:44:07.789Z] INFO: ✅ MongoDB Connected
[2025-05-07T09:46:22.676Z] INFO: ✅Server running on port 4000
[2025-05-07T09:46:22.711Z] INFO: ✅ MongoDB Connected
[2025-05-07T09:47:07.511Z] INFO: ✅Server running on port 4000
[2025-05-07T09:47:07.545Z] INFO: ✅ MongoDB Connected
[2025-05-07T10:17:38.926Z] INFO: ✅Server running on port 4000
[2025-05-07T10:17:38.955Z] INFO: ✅ MongoDB Connected
[2025-05-07T11:41:23.585Z] INFO: ✅Server running on port 4000
[2025-05-07T11:41:23.656Z] INFO: ✅ MongoDB Connected
