[2025-04-02T05:10:12.913Z] INFO: createTransfer
[2025-04-02T05:10:12.917Z] INFO: 1
[2025-04-02T05:10:12.969Z] INFO: 2
[2025-04-02T05:10:13.982Z] INFO: price from tatum 29874874
[2025-04-02T05:10:13.983Z] INFO: 3
[2025-04-02T05:10:14.896Z] INFO: 4
[2025-04-02T05:10:14.897Z] INFO: 5
[2025-04-02T05:10:17.074Z] INFO: 6
[2025-04-02T05:10:31.311Z] INFO: Service Updated,[object Object],0x34d19ff29020f846ac43f53de6bdbfe232d5998e528dacdd6175bf1a2e815173
[2025-04-02T05:10:31.317Z] INFO: DB Updated------,0xDAf96cB61d28799b3B174C56D3E9335838E5e46D,0xEbF0701BFf3996B1E443Ce74959C8DEd304B1f11,11,0x34d19ff29020f846ac43f53de6bdbfe232d5998e528dacdd6175bf1a2e815173
[2025-04-02T05:10:31.341Z] INFO: createTransfer error
[2025-04-02T05:17:22.061Z] INFO: createTransfer
[2025-04-02T05:17:22.063Z] INFO: 1
[2025-04-02T05:17:22.119Z] INFO: 2
[2025-04-02T05:17:23.036Z] INFO: price from tatum 29874874
[2025-04-02T05:17:23.037Z] INFO: 3
[2025-04-02T05:17:23.754Z] INFO: 4
[2025-04-02T05:17:23.755Z] INFO: 5
[2025-04-02T05:17:25.605Z] INFO: 6
[2025-04-02T05:17:38.394Z] INFO: Service Updated,[object Object],0x7a67771641551c3e5eb536595f003de2ed9b08d7986bb5f35673d10d718e0552
[2025-04-02T05:17:38.399Z] INFO: DB Updated------,0xDAf96cB61d28799b3B174C56D3E9335838E5e46D,0xEbF0701BFf3996B1E443Ce74959C8DEd304B1f11,11,0x7a67771641551c3e5eb536595f003de2ed9b08d7986bb5f35673d10d718e0552
[2025-04-02T05:20:24.153Z] INFO: createTransfer
[2025-04-02T05:20:24.155Z] INFO: 1
[2025-04-02T05:20:24.194Z] INFO: 2
[2025-04-02T05:20:24.996Z] INFO: price from tatum 29874874
[2025-04-02T05:20:24.997Z] INFO: 3
[2025-04-02T05:20:25.715Z] INFO: 4
[2025-04-02T05:20:25.715Z] INFO: 5
[2025-04-02T05:20:28.198Z] INFO: 6
[2025-04-02T05:20:41.286Z] INFO: Service Updated,[object Object],0xfedbb53a0758e20f26a4d476a8ed0803728a3bf41b032f0849b9a6ce307ca563
[2025-04-02T05:20:41.291Z] INFO: DB Updated------,0xDAf96cB61d28799b3B174C56D3E9335838E5e46D,0xEbF0701BFf3996B1E443Ce74959C8DEd304B1f11,111,0xfedbb53a0758e20f26a4d476a8ed0803728a3bf41b032f0849b9a6ce307ca563
[2025-04-02T06:14:47.952Z] INFO: createTransfer
[2025-04-02T06:14:48.975Z] INFO: 1
[2025-04-02T06:14:49.022Z] INFO: 2
[2025-04-02T06:14:49.797Z] INFO: price from tatum 29874874
[2025-04-02T06:14:49.797Z] INFO: 3
[2025-04-02T06:14:50.713Z] INFO: 4
[2025-04-02T06:14:50.714Z] INFO: 5
[2025-04-02T06:14:52.785Z] INFO: 6
[2025-04-02T06:14:52.788Z] INFO: DB Updated------,0xDAf96cB61d28799b3B174C56D3E9335838E5e46D,0xEbF0701BFf3996B1E443Ce74959C8DEd304B1f11,111,0x69c68062289c9b0f1ad60ebe0c2d8344e0a4dbe6198ef5f0319dcb9f8c70321f
[2025-04-02T06:15:02.019Z] INFO: Service Updated,[object Object],0x69c68062289c9b0f1ad60ebe0c2d8344e0a4dbe6198ef5f0319dcb9f8c70321f
[2025-04-02T06:17:06.121Z] INFO: createTransfer
[2025-04-02T06:17:06.526Z] INFO: 1
[2025-04-02T06:17:06.574Z] INFO: 2
[2025-04-02T06:17:07.264Z] INFO: price from tatum 29874874
[2025-04-02T06:17:07.264Z] INFO: 3
[2025-04-02T06:17:07.992Z] INFO: 4
[2025-04-02T06:17:07.993Z] INFO: 5
[2025-04-02T06:17:09.902Z] INFO: 6
[2025-04-02T06:17:09.906Z] INFO: DB Updated------,0xDAf96cB61d28799b3B174C56D3E9335838E5e46D,0xEbF0701BFf3996B1E443Ce74959C8DEd304B1f11,111,0xc1e219df09ce9b9dcedfad596be420a43bcf015b51c393b8268a31a104959e66
[2025-04-02T06:17:29.238Z] INFO: Service Updated,[object Object],0xc1e219df09ce9b9dcedfad596be420a43bcf015b51c393b8268a31a104959e66
[2025-04-02T06:17:29.265Z] INFO: createTransfer error
[2025-04-02T08:36:02.516Z] INFO: createTransfer
[2025-04-02T08:36:03.493Z] INFO: 1
[2025-04-02T08:36:03.547Z] INFO: 2
[2025-04-02T08:36:04.268Z] INFO: price from tatum 28109269
[2025-04-02T08:36:04.269Z] INFO: 3
[2025-04-02T08:36:05.174Z] INFO: 4
[2025-04-02T08:36:05.175Z] INFO: 5
[2025-04-02T08:36:07.558Z] INFO: 6
[2025-04-02T08:36:07.562Z] INFO: DB Updated------,0xDAf96cB61d28799b3B174C56D3E9335838E5e46D,0xEbF0701BFf3996B1E443Ce74959C8DEd304B1f11,10000000000000000000,0x24491de547b83614f7cf941ef3c0a5368490505acbaa85aa895535cfcd6fa901
[2025-04-02T08:36:29.558Z] INFO: Service Updated,[object Object],0x24491de547b83614f7cf941ef3c0a5368490505acbaa85aa895535cfcd6fa901
[2025-04-02T08:36:29.604Z] INFO: createTransfer error
[2025-04-02T08:44:43.986Z] INFO: createTransfer
[2025-04-02T08:44:44.467Z] INFO: createTransfer error
[2025-04-02T08:44:53.080Z] INFO: createTransfer
[2025-04-02T08:44:53.879Z] INFO: createTransfer error
[2025-04-02T08:45:36.702Z] INFO: createTransfer
[2025-04-02T08:45:37.540Z] INFO: createTransfer error
[2025-04-02T08:47:29.571Z] INFO: createTransfer
[2025-04-02T08:47:30.365Z] INFO: createTransfer error
[2025-04-02T08:47:52.991Z] INFO: createTransfer
[2025-04-02T08:47:53.809Z] INFO: createTransfer error
[2025-04-02T08:59:10.533Z] INFO: createTransfer
[2025-04-02T09:00:23.654Z] INFO: createTransfer
[2025-04-02T09:04:30.763Z] INFO: createTransfer
[2025-04-02T09:12:18.509Z] INFO: createTransfer
[2025-04-02T09:12:41.283Z] INFO: createTransfer
[2025-04-02T09:12:53.517Z] INFO: createTransfer
[2025-04-02T09:12:53.899Z] INFO: 1
[2025-04-02T09:12:53.953Z] INFO: 2
[2025-04-02T09:12:54.715Z] INFO: price from tatum 27265989
[2025-04-02T09:12:54.715Z] INFO: 3
[2025-04-02T09:12:55.537Z] INFO: 4
[2025-04-02T09:12:55.538Z] INFO: 5
[2025-04-02T09:12:57.718Z] INFO: 6
[2025-04-02T09:12:57.722Z] INFO: DB Updated------,0xDAf96cB61d28799b3B174C56D3E9335838E5e46D,0xEbF0701BFf3996B1E443Ce74959C8DEd304B1f11,10,0x01b46f0a92e24c1cdf28634c26202659dac4642c7f0678a42a96de9cd0244e57
[2025-04-02T09:13:16.547Z] INFO: Service Updated,[object Object],0x01b46f0a92e24c1cdf28634c26202659dac4642c7f0678a42a96de9cd0244e57
[2025-04-02T11:12:19.084Z] INFO: ✅MongoDB Connected
[2025-04-02T11:12:24.008Z] INFO: ✅MongoDB Connected
[2025-04-02T11:13:08.532Z] INFO: ✅MongoDB Connected
[2025-04-02T11:13:31.594Z] INFO: ✅Server running on port 4000
[2025-04-02T11:13:31.604Z] INFO: ✅MongoDB Connected
[2025-04-02T11:14:18.312Z] INFO: ✅Server running on port 4000
[2025-04-02T11:14:18.322Z] INFO: ✅MongoDB Connected
[2025-04-02T11:14:31.640Z] INFO: ✅Server running on port 4000
[2025-04-02T11:14:31.651Z] INFO: ✅MongoDB Connected
[2025-04-02T11:14:47.097Z] INFO: ✅Server running on port 4000
[2025-04-02T11:14:47.107Z] INFO: ✅MongoDB Connected
[2025-04-02T11:19:27.238Z] INFO: ✅Server running on port 4000
[2025-04-02T11:19:27.249Z] INFO: ✅MongoDB Connected
[2025-04-02T11:20:28.719Z] INFO: ✅Server running on port 4000
[2025-04-02T11:20:28.730Z] INFO: ✅MongoDB Connected
[2025-04-02T11:20:45.828Z] INFO: ✅Server running on port 4000
[2025-04-02T11:20:45.839Z] INFO: ✅MongoDB Connected
[2025-04-02T11:21:01.355Z] INFO: ✅Server running on port 4000
[2025-04-02T11:21:01.368Z] INFO: ✅MongoDB Connected
[2025-04-02T11:42:47.246Z] INFO: ✅Server running on port 4000
[2025-04-02T11:42:47.280Z] INFO: ✅MongoDB Connected
[2025-04-02T11:46:33.050Z] INFO: ✅Server running on port 4000
[2025-04-02T11:46:33.060Z] INFO: ✅MongoDB Connected
[2025-04-02T11:46:53.600Z] INFO: ✅Server running on port 4000
[2025-04-02T11:46:53.610Z] INFO: ✅MongoDB Connected
[2025-04-02T11:47:03.014Z] INFO: ✅Server running on port 4000
[2025-04-02T11:47:03.024Z] INFO: ✅MongoDB Connected
[2025-04-02T11:47:27.352Z] INFO: createTransfer
[2025-04-02T11:48:13.496Z] INFO: ✅Server running on port 4000
[2025-04-02T11:48:13.507Z] INFO: ✅MongoDB Connected
[2025-04-02T11:51:52.537Z] INFO: ✅Server running on port 4000
[2025-04-02T11:51:52.547Z] INFO: ✅MongoDB Connected
[2025-04-02T13:03:47.514Z] INFO: ✅Server running on port 4000
[2025-04-02T13:03:47.528Z] INFO: ✅MongoDB Connected
[2025-04-02T13:04:04.456Z] INFO: ✅Server running on port 4000
[2025-04-02T13:04:04.467Z] INFO: ✅MongoDB Connected
[2025-04-02T13:04:10.667Z] INFO: ✅Server running on port 4000
[2025-04-02T13:04:10.678Z] INFO: ✅MongoDB Connected
[2025-04-02T13:04:25.751Z] INFO: ✅Server running on port 4000
[2025-04-02T13:04:25.761Z] INFO: ✅MongoDB Connected
[2025-04-02T13:04:53.096Z] INFO: ✅Server running on port 4000
[2025-04-02T13:04:53.106Z] INFO: ✅MongoDB Connected
[2025-04-02T13:10:33.393Z] INFO: ✅Server running on port 4000
[2025-04-02T13:10:33.407Z] INFO: ✅MongoDB Connected
[2025-04-02T13:11:19.202Z] INFO: ✅Server running on port 4000
[2025-04-02T13:11:19.213Z] INFO: ✅MongoDB Connected
