[2025-05-01T05:19:11.503Z] INFO: ✅Server running on port 4000
[2025-05-01T05:19:11.521Z] INFO: ✅MongoDB Connected
[2025-05-01T05:19:41.547Z] INFO: in the Worker transaction 
[2025-05-01T05:19:41.549Z] INFO: 0xDAf96cB61d28799b3B174C56D3E9335838E5e46D,0xEbF0701BFf3996B1E443Ce74959C8DEd304B1f11,180,0xfacce3dca73f4e05690000ae73b9431e206a9a9dff5f14bfc29105cf17ebb73b
[2025-05-01T05:19:44.056Z] INFO: SaveTransaction------,0xDAf96cB61d28799b3B174C56D3E9335838E5e46D,0xEbF0701BFf3996B1E443Ce74959C8DEd304B1f11,180,0x5184c0b6af1a3eb0ea71768a127e68d4d18b89afde6d2a1f95643ce5f077fd62
[2025-05-01T05:19:52.066Z] INFO: Service Updated,[object Object],0x5184c0b6af1a3eb0ea71768a127e68d4d18b89afde6d2a1f95643ce5f077fd62
[2025-05-01T05:19:52.067Z] INFO: 6 Job Id in the Worker
[2025-05-01T05:19:52.067Z] INFO: Transaction completed: https://holesky.etherscan.io/tx/0x5184c0b6af1a3eb0ea71768a127e68d4d18b89afde6d2a1f95643ce5f077fd62
[2025-05-01T06:22:02.644Z] INFO: ✅Server running on port 4000
[2025-05-01T06:22:02.669Z] INFO: ✅MongoDB Connected
[2025-05-01T06:22:26.335Z] INFO: ✅Server running on port 4000
[2025-05-01T06:22:26.363Z] INFO: ✅MongoDB Connected
[2025-05-01T06:22:33.415Z] INFO: ✅Server running on port 4000
[2025-05-01T06:22:33.442Z] INFO: ✅MongoDB Connected
[2025-05-01T06:25:14.029Z] INFO: ✅Server running on port 4000
[2025-05-01T06:25:14.057Z] INFO: ✅MongoDB Connected
[2025-05-01T06:27:29.447Z] INFO: ✅Server running on port 4000
[2025-05-01T06:27:29.477Z] INFO: ✅ MongoDB Connected
[2025-05-01T06:27:48.189Z] WARN: Mongoose disconnected
[2025-05-01T06:27:57.253Z] INFO: ✅Server running on port 4000
[2025-05-01T06:27:57.284Z] INFO: ✅ MongoDB Connected
[2025-05-01T06:28:20.811Z] WARN: Mongoose disconnected
[2025-05-01T06:28:36.485Z] INFO: ✅Server running on port 4000
[2025-05-01T06:28:36.513Z] INFO: ✅MongoDB Connected
[2025-05-01T06:49:09.574Z] INFO: ✅Server running on port 4000
[2025-05-01T06:49:09.603Z] INFO: ✅MongoDB Connected
[2025-05-01T06:49:09.603Z] ERROR: ✅MongoDB Connected
[2025-05-01T06:49:25.318Z] INFO: ✅Server running on port 4000
[2025-05-01T06:49:25.522Z] INFO: ✅MongoDB Connected
[2025-05-01T06:49:31.678Z] INFO: ✅Server running on port 4000
[2025-05-01T06:49:31.718Z] INFO: ✅MongoDB Connected
[2025-05-01T06:50:12.284Z] INFO: ✅Server running on port 4000
[2025-05-01T06:50:12.321Z] INFO: ✅ MongoDB Connected
[2025-05-01T06:50:53.338Z] INFO: ✅Server running on port 4000
[2025-05-01T06:50:53.380Z] INFO: ✅ MongoDB Connected
[2025-05-01T07:19:52.143Z] INFO: ✅Server running on port 4000
[2025-05-01T07:19:52.182Z] INFO: ✅ MongoDB Connected
[2025-05-01T07:20:11.325Z] INFO: ✅Server running on port 4000
[2025-05-01T07:20:11.363Z] INFO: ✅ MongoDB Connected
[2025-05-01T07:20:48.190Z] INFO: ✅Server running on port 4000
[2025-05-01T07:20:48.267Z] INFO: ✅ MongoDB Connected
[2025-05-01T07:21:37.518Z] INFO: ✅Server running on port 4000
[2025-05-01T07:21:37.546Z] INFO: ✅ MongoDB Connected
[2025-05-01T09:08:16.363Z] INFO: ✅Server running on port 4000
[2025-05-01T09:08:16.423Z] INFO: ✅ MongoDB Connected
[2025-05-01T09:14:52.560Z] INFO: ✅Server running on port 4000
[2025-05-01T09:14:52.603Z] INFO: ✅ MongoDB Connected
[2025-05-01T09:15:46.869Z] INFO: ✅Server running on port 4000
[2025-05-01T09:15:46.912Z] INFO: ✅ MongoDB Connected
[2025-05-01T09:15:55.901Z] INFO: ✅Server running on port 4000
[2025-05-01T09:15:55.946Z] INFO: ✅ MongoDB Connected
[2025-05-01T09:24:16.055Z] INFO: ✅Server running on port 4000
[2025-05-01T09:24:16.098Z] INFO: ✅ MongoDB Connected
[2025-05-01T09:24:38.432Z] INFO: ✅Server running on port 4000
[2025-05-01T09:24:38.479Z] INFO: ✅ MongoDB Connected
[2025-05-01T09:24:59.882Z] INFO: ✅Server running on port 4000
[2025-05-01T09:24:59.936Z] INFO: ✅ MongoDB Connected
[2025-05-01T09:25:13.560Z] INFO: ✅Server running on port 4000
[2025-05-01T09:25:13.623Z] INFO: ✅ MongoDB Connected
[2025-05-01T09:25:40.019Z] INFO: ✅Server running on port 4000
[2025-05-01T09:25:40.077Z] INFO: ✅ MongoDB Connected
[2025-05-01T09:25:57.912Z] INFO: ✅Server running on port 4000
[2025-05-01T09:25:57.967Z] INFO: ✅ MongoDB Connected
[2025-05-01T09:26:15.850Z] INFO: ✅Server running on port 4000
[2025-05-01T09:26:15.905Z] INFO: ✅ MongoDB Connected
[2025-05-01T09:27:05.363Z] INFO: ✅Server running on port 4000
[2025-05-01T09:27:05.423Z] INFO: ✅ MongoDB Connected
[2025-05-01T09:27:24.905Z] INFO: ✅Server running on port 4000
[2025-05-01T09:27:24.958Z] INFO: ✅ MongoDB Connected
[2025-05-01T09:30:43.491Z] INFO: ✅Server running on port 4000
[2025-05-01T09:30:43.532Z] INFO: ✅ MongoDB Connected
[2025-05-01T09:31:32.349Z] INFO: ✅Server running on port 4000
[2025-05-01T09:31:32.397Z] INFO: ✅ MongoDB Connected
[2025-05-01T09:35:48.565Z] INFO: ✅Server running on port 4000
[2025-05-01T09:35:48.597Z] INFO: ✅ MongoDB Connected
[2025-05-01T09:36:27.681Z] INFO: ✅Server running on port 4000
[2025-05-01T09:36:27.747Z] INFO: ✅ MongoDB Connected
[2025-05-01T09:46:09.910Z] INFO: ✅Server running on port 4000
[2025-05-01T09:46:09.941Z] INFO: ✅ MongoDB Connected
[2025-05-01T09:46:26.647Z] INFO: ✅Server running on port 4000
[2025-05-01T09:46:26.682Z] INFO: ✅ MongoDB Connected
[2025-05-01T09:47:40.462Z] INFO: ✅Server running on port 4000
[2025-05-01T09:47:40.499Z] INFO: ✅ MongoDB Connected
[2025-05-01T09:48:15.257Z] INFO: ✅Server running on port 4000
[2025-05-01T09:48:15.298Z] INFO: ✅ MongoDB Connected
[2025-05-01T09:48:34.191Z] INFO: ✅Server running on port 4000
[2025-05-01T09:48:34.236Z] INFO: ✅ MongoDB Connected
[2025-05-01T09:56:55.924Z] INFO: ✅Server running on port 4000
[2025-05-01T09:56:55.956Z] INFO: ✅ MongoDB Connected
[2025-05-01T09:58:21.752Z] INFO: ✅Server running on port 4000
[2025-05-01T09:58:21.792Z] INFO: ✅ MongoDB Connected
[2025-05-01T09:59:51.532Z] INFO: ✅Server running on port 4000
[2025-05-01T09:59:51.567Z] INFO: ✅ MongoDB Connected
[2025-05-01T09:59:59.580Z] INFO: ✅Server running on port 4000
[2025-05-01T09:59:59.604Z] INFO: ✅ MongoDB Connected
[2025-05-01T10:02:13.670Z] INFO: ✅Server running on port 4000
[2025-05-01T10:02:13.707Z] INFO: ✅ MongoDB Connected
[2025-05-01T10:02:28.987Z] INFO: ✅Server running on port 4000
[2025-05-01T10:02:29.031Z] INFO: ✅ MongoDB Connected
[2025-05-01T10:03:10.201Z] INFO: ✅Server running on port 4000
[2025-05-01T10:03:10.241Z] INFO: ✅ MongoDB Connected
[2025-05-01T10:03:28.404Z] INFO: ✅Server running on port 4000
[2025-05-01T10:03:28.440Z] INFO: ✅ MongoDB Connected
[2025-05-01T10:04:35.355Z] INFO: ✅Server running on port 4000
[2025-05-01T10:04:35.394Z] INFO: ✅ MongoDB Connected
[2025-05-01T10:07:42.594Z] INFO: ✅Server running on port 4000
[2025-05-01T10:07:42.629Z] INFO: ✅ MongoDB Connected
[2025-05-01T10:08:47.786Z] INFO: ✅Server running on port 4000
[2025-05-01T10:08:47.826Z] INFO: ✅ MongoDB Connected
[2025-05-01T10:08:58.850Z] INFO: ✅Server running on port 4000
[2025-05-01T10:08:58.883Z] INFO: ✅ MongoDB Connected
[2025-05-01T10:09:10.907Z] INFO: ✅Server running on port 4000
[2025-05-01T10:09:10.941Z] INFO: ✅ MongoDB Connected
[2025-05-01T10:09:36.107Z] INFO: ✅Server running on port 4000
[2025-05-01T10:09:36.159Z] INFO: ✅ MongoDB Connected
[2025-05-01T10:14:31.594Z] INFO: ✅Server running on port 4000
[2025-05-01T10:14:31.643Z] INFO: ✅ MongoDB Connected
[2025-05-01T10:15:04.648Z] INFO: ✅Server running on port 4000
[2025-05-01T10:15:04.684Z] INFO: ✅ MongoDB Connected
[2025-05-01T10:15:29.040Z] INFO: ✅Server running on port 4000
[2025-05-01T10:15:29.082Z] INFO: ✅ MongoDB Connected
[2025-05-01T10:15:48.378Z] INFO: ✅Server running on port 4000
[2025-05-01T10:15:48.415Z] INFO: ✅ MongoDB Connected
[2025-05-01T10:17:14.405Z] INFO: ✅Server running on port 4000
[2025-05-01T10:17:14.441Z] INFO: ✅ MongoDB Connected
[2025-05-01T10:17:39.778Z] INFO: ✅Server running on port 4000
[2025-05-01T10:17:39.822Z] INFO: ✅ MongoDB Connected
[2025-05-01T10:18:04.961Z] INFO: ✅Server running on port 4000
[2025-05-01T10:18:05.006Z] INFO: ✅ MongoDB Connected
[2025-05-01T10:18:12.490Z] INFO: ✅Server running on port 4000
[2025-05-01T10:18:12.526Z] INFO: ✅ MongoDB Connected
[2025-05-01T10:18:36.748Z] INFO: ✅Server running on port 4000
[2025-05-01T10:18:36.799Z] INFO: ✅ MongoDB Connected
[2025-05-01T10:18:47.153Z] INFO: ✅Server running on port 4000
[2025-05-01T10:18:47.206Z] INFO: ✅ MongoDB Connected
[2025-05-01T10:19:03.061Z] INFO: ✅Server running on port 4000
[2025-05-01T10:19:03.094Z] INFO: ✅ MongoDB Connected
[2025-05-01T10:19:30.979Z] INFO: ✅Server running on port 4000
[2025-05-01T10:19:31.047Z] INFO: ✅ MongoDB Connected
[2025-05-01T10:19:49.241Z] INFO: ✅Server running on port 4000
[2025-05-01T10:19:49.286Z] INFO: ✅ MongoDB Connected
[2025-05-01T10:21:17.329Z] INFO: ✅Server running on port 4000
[2025-05-01T10:21:17.382Z] INFO: ✅ MongoDB Connected
[2025-05-01T11:38:43.459Z] INFO: ✅Server running on port 4000
[2025-05-01T11:38:43.483Z] INFO: ✅ MongoDB Connected
[2025-05-01T11:39:01.796Z] INFO: ✅Server running on port 4000
[2025-05-01T11:39:01.812Z] INFO: ✅ MongoDB Connected
[2025-05-01T11:40:43.298Z] INFO: ✅Server running on port 4000
[2025-05-01T11:40:43.316Z] INFO: ✅ MongoDB Connected
[2025-05-01T11:40:51.873Z] INFO: ✅Server running on port 4000
[2025-05-01T11:40:51.890Z] INFO: ✅ MongoDB Connected
[2025-05-01T11:41:03.334Z] INFO: ✅Server running on port 4000
[2025-05-01T11:41:03.351Z] INFO: ✅ MongoDB Connected
[2025-05-01T11:41:54.527Z] INFO: ✅Server running on port 4000
[2025-05-01T11:41:54.549Z] INFO: ✅ MongoDB Connected
[2025-05-01T11:44:54.928Z] INFO: ✅Server running on port 4000
[2025-05-01T11:44:54.949Z] INFO: ✅ MongoDB Connected
[2025-05-01T11:58:32.417Z] INFO: ✅Server running on port 4000
[2025-05-01T11:58:32.435Z] INFO: ✅ MongoDB Connected
[2025-05-01T11:59:13.200Z] INFO: ✅Server running on port 4000
[2025-05-01T11:59:13.223Z] INFO: ✅ MongoDB Connected
[2025-05-01T11:59:30.702Z] INFO: ✅Server running on port 4000
[2025-05-01T11:59:30.720Z] INFO: ✅ MongoDB Connected
[2025-05-01T12:07:18.566Z] INFO: ✅Server running on port 4000
[2025-05-01T12:07:18.613Z] INFO: ✅ MongoDB Connected
[2025-05-01T12:07:28.078Z] INFO: ✅Server running on port 4000
[2025-05-01T12:07:28.086Z] INFO: ✅ MongoDB Connected
[2025-05-01T12:07:37.551Z] INFO: ✅Server running on port 4000
[2025-05-01T12:07:37.575Z] INFO: ✅ MongoDB Connected
[2025-05-01T12:07:54.724Z] INFO: ✅Server running on port 4000
[2025-05-01T12:07:54.742Z] INFO: ✅ MongoDB Connected
[2025-05-01T12:08:19.977Z] INFO: ✅Server running on port 4000
[2025-05-01T12:08:19.994Z] INFO: ✅ MongoDB Connected
[2025-05-01T12:08:37.625Z] INFO: ✅Server running on port 4000
[2025-05-01T12:08:37.644Z] INFO: ✅ MongoDB Connected
[2025-05-01T12:09:24.535Z] INFO: ✅Server running on port 4000
[2025-05-01T12:09:24.558Z] INFO: ✅ MongoDB Connected
[2025-05-01T12:09:59.080Z] INFO: ✅Server running on port 4000
[2025-05-01T12:09:59.097Z] INFO: ✅ MongoDB Connected
[2025-05-01T12:11:17.788Z] INFO: ✅Server running on port 4000
[2025-05-01T12:11:17.805Z] INFO: ✅ MongoDB Connected
[2025-05-01T12:11:41.938Z] INFO: ✅Server running on port 4000
[2025-05-01T12:11:41.957Z] INFO: ✅ MongoDB Connected
[2025-05-01T12:13:40.196Z] INFO: ✅Server running on port 4000
[2025-05-01T12:13:40.215Z] INFO: ✅ MongoDB Connected
[2025-05-01T12:15:16.228Z] INFO: ✅Server running on port 4000
[2025-05-01T12:15:16.256Z] INFO: ✅ MongoDB Connected
[2025-05-01T12:16:31.118Z] INFO: ✅Server running on port 4000
[2025-05-01T12:16:31.135Z] INFO: ✅ MongoDB Connected
[2025-05-01T12:17:07.494Z] INFO: ✅Server running on port 4000
[2025-05-01T12:17:07.511Z] INFO: ✅ MongoDB Connected
[2025-05-01T12:17:43.887Z] INFO: ✅Server running on port 4000
[2025-05-01T12:17:43.915Z] INFO: ✅ MongoDB Connected
[2025-05-01T12:20:00.910Z] INFO: ✅Server running on port 4000
[2025-05-01T12:20:00.928Z] INFO: ✅ MongoDB Connected
[2025-05-01T12:32:09.305Z] INFO: ✅Server running on port 4000
[2025-05-01T12:32:09.328Z] INFO: ✅ MongoDB Connected
[2025-05-01T12:34:08.442Z] INFO: ✅Server running on port 4000
[2025-05-01T12:34:08.461Z] INFO: ✅ MongoDB Connected
[2025-05-01T12:34:22.789Z] INFO: In the Middlewares....
[2025-05-01T12:34:22.810Z] INFO: in the Worker transaction 
[2025-05-01T12:34:22.810Z] INFO: 0xDAf96cB61d28799b3B174C56D3E9335838E5e46D,0xEbF0701BFf3996B1E443Ce74959C8DEd304B1f11,180,0xfacce3dca73f4e05690000ae73b9431e206a9a9dff5f14bfc29105cf17ebb73b
[2025-05-01T12:34:25.743Z] INFO: SaveTransaction------,0xDAf96cB61d28799b3B174C56D3E9335838E5e46D,0xEbF0701BFf3996B1E443Ce74959C8DEd304B1f11,180,0xd0363baf8b65401d7b1f146cc4c48d5e2ac50f4d4ddd50f2dd16cb4e2d796dda
[2025-05-01T12:34:37.499Z] INFO: Service Updated,[object Object],0xd0363baf8b65401d7b1f146cc4c48d5e2ac50f4d4ddd50f2dd16cb4e2d796dda
[2025-05-01T12:34:37.499Z] INFO: 7 Job Id in the Worker
[2025-05-01T12:34:37.500Z] INFO: Transaction completed: https://holesky.etherscan.io/tx/0xd0363baf8b65401d7b1f146cc4c48d5e2ac50f4d4ddd50f2dd16cb4e2d796dda
[2025-05-01T13:15:04.724Z] INFO: In the Middlewares....
[2025-05-01T13:15:04.760Z] INFO: in the Worker transaction 
[2025-05-01T13:15:04.760Z] INFO: 0xDAf96cB61d28799b3B174C56D3E9335838E5e46D,0xEbF0701BFf3996B1E443Ce74959C8DEd304B1f11,180,0xfacce3dca73f4e05690000ae73b9431e206a9a9dff5f14bfc29105cf17ebb73b
[2025-05-01T13:15:05.005Z] INFO: In the Middlewares....
[2025-05-01T13:15:05.267Z] INFO: In the Middlewares....
[2025-05-01T13:15:05.566Z] INFO: In the Middlewares....
[2025-05-01T13:15:08.451Z] INFO: SaveTransaction------,0xDAf96cB61d28799b3B174C56D3E9335838E5e46D,0xEbF0701BFf3996B1E443Ce74959C8DEd304B1f11,180,0xc8ecd893599bd55a38fad8f26de9707ae54de997452bdc3eb7361b5fba62dac1
[2025-05-01T13:15:26.555Z] INFO: Service Updated,[object Object],0xc8ecd893599bd55a38fad8f26de9707ae54de997452bdc3eb7361b5fba62dac1
[2025-05-01T13:15:26.555Z] INFO: 8 Job Id in the Worker
[2025-05-01T13:15:26.555Z] INFO: Transaction completed: https://holesky.etherscan.io/tx/0xc8ecd893599bd55a38fad8f26de9707ae54de997452bdc3eb7361b5fba62dac1
[2025-05-01T13:15:26.561Z] INFO: in the Worker transaction 
[2025-05-01T13:15:26.561Z] INFO: 0xDAf96cB61d28799b3B174C56D3E9335838E5e46D,0xEbF0701BFf3996B1E443Ce74959C8DEd304B1f11,180,0xfacce3dca73f4e05690000ae73b9431e206a9a9dff5f14bfc29105cf17ebb73b
[2025-05-01T13:15:30.263Z] INFO: SaveTransaction------,0xDAf96cB61d28799b3B174C56D3E9335838E5e46D,0xEbF0701BFf3996B1E443Ce74959C8DEd304B1f11,180,0xdb7f5834bce7b6cffe21809a677365187d4b802ce977ceaa08d070421ca726b1
[2025-05-01T13:15:40.910Z] INFO: Service Updated,[object Object],0xdb7f5834bce7b6cffe21809a677365187d4b802ce977ceaa08d070421ca726b1
[2025-05-01T13:15:40.910Z] INFO: 9 Job Id in the Worker
[2025-05-01T13:15:40.911Z] INFO: Transaction completed: https://holesky.etherscan.io/tx/0xdb7f5834bce7b6cffe21809a677365187d4b802ce977ceaa08d070421ca726b1
[2025-05-01T13:15:40.912Z] INFO: in the Worker transaction 
[2025-05-01T13:15:40.912Z] INFO: 0xDAf96cB61d28799b3B174C56D3E9335838E5e46D,0xEbF0701BFf3996B1E443Ce74959C8DEd304B1f11,180,0xfacce3dca73f4e05690000ae73b9431e206a9a9dff5f14bfc29105cf17ebb73b
[2025-05-01T13:15:44.081Z] INFO: SaveTransaction------,0xDAf96cB61d28799b3B174C56D3E9335838E5e46D,0xEbF0701BFf3996B1E443Ce74959C8DEd304B1f11,180,0xf059c9c204fa1577f4eec4ebb2ec2fbd8270e95dda5aaefeb9801e57bd7d40dd
[2025-05-01T13:15:51.539Z] INFO: Service Updated,[object Object],0xf059c9c204fa1577f4eec4ebb2ec2fbd8270e95dda5aaefeb9801e57bd7d40dd
[2025-05-01T13:15:51.539Z] INFO: 10 Job Id in the Worker
[2025-05-01T13:15:51.539Z] INFO: Transaction completed: https://holesky.etherscan.io/tx/0xf059c9c204fa1577f4eec4ebb2ec2fbd8270e95dda5aaefeb9801e57bd7d40dd
[2025-05-01T13:15:51.545Z] INFO: in the Worker transaction 
[2025-05-01T13:15:51.545Z] INFO: 0xDAf96cB61d28799b3B174C56D3E9335838E5e46D,0xEbF0701BFf3996B1E443Ce74959C8DEd304B1f11,180,0xfacce3dca73f4e05690000ae73b9431e206a9a9dff5f14bfc29105cf17ebb73b
[2025-05-01T13:15:54.567Z] INFO: SaveTransaction------,0xDAf96cB61d28799b3B174C56D3E9335838E5e46D,0xEbF0701BFf3996B1E443Ce74959C8DEd304B1f11,180,0x423bb6196c0af74b017e272f9618714f806005d5d2007d087d7f0004c280bb3c
[2025-05-01T13:16:15.193Z] INFO: Service Updated,[object Object],0x423bb6196c0af74b017e272f9618714f806005d5d2007d087d7f0004c280bb3c
[2025-05-01T13:16:15.194Z] INFO: 11 Job Id in the Worker
[2025-05-01T13:16:15.194Z] INFO: Transaction completed: https://holesky.etherscan.io/tx/0x423bb6196c0af74b017e272f9618714f806005d5d2007d087d7f0004c280bb3c
