[2025-04-08T05:29:40.739Z] INFO: ✅Server running on port 4000
[2025-04-08T05:29:40.752Z] INFO: ✅MongoDB Connected
[2025-04-08T05:38:38.168Z] INFO: ✅Server running on port 4000
[2025-04-08T05:38:38.184Z] INFO: ✅MongoDB Connected
[2025-04-08T05:45:15.478Z] INFO: ✅Server running on port 4000
[2025-04-08T05:45:15.489Z] INFO: ✅MongoDB Connected
[2025-04-08T05:47:54.505Z] INFO: ✅Server running on port 4000
[2025-04-08T05:47:54.517Z] INFO: ✅MongoDB Connected
[2025-04-08T05:48:17.556Z] INFO: ✅Server running on port 4000
[2025-04-08T05:48:17.570Z] INFO: ✅MongoDB Connected
[2025-04-08T05:50:21.728Z] INFO: ✅Server running on port 4000
[2025-04-08T05:50:21.739Z] INFO: ✅MongoDB Connected
[2025-04-08T05:55:11.144Z] INFO: ✅Server running on port 4000
[2025-04-08T05:55:11.224Z] INFO: ✅MongoDB Connected
[2025-04-08T05:56:16.995Z] INFO: ✅Server running on port 4000
[2025-04-08T05:56:17.020Z] INFO: ✅MongoDB Connected
[2025-04-08T05:56:35.856Z] INFO: ✅Server running on port 4000
[2025-04-08T05:56:35.873Z] INFO: ✅MongoDB Connected
[2025-04-08T05:57:32.693Z] INFO: ✅Server running on port 4000
[2025-04-08T05:57:32.709Z] INFO: ✅MongoDB Connected
[2025-04-08T05:59:52.688Z] INFO: ✅Server running on port 4000
[2025-04-08T05:59:52.703Z] INFO: ✅MongoDB Connected
[2025-04-08T06:03:22.971Z] INFO: ✅Server running on port 4000
[2025-04-08T06:03:22.988Z] INFO: ✅MongoDB Connected
[2025-04-08T06:03:36.283Z] INFO: ✅Server running on port 4000
[2025-04-08T06:03:36.293Z] INFO: ✅MongoDB Connected
[2025-04-08T06:04:09.541Z] INFO: ✅Server running on port 4000
[2025-04-08T06:04:09.555Z] INFO: ✅MongoDB Connected
[2025-04-08T06:04:27.239Z] INFO: ✅Server running on port 4000
[2025-04-08T06:04:27.251Z] INFO: ✅MongoDB Connected
[2025-04-08T06:12:33.875Z] INFO: ✅Server running on port 4000
[2025-04-08T06:12:33.892Z] INFO: ✅MongoDB Connected
[2025-04-08T06:17:08.697Z] INFO: ✅Server running on port 4000
[2025-04-08T06:17:08.709Z] INFO: ✅MongoDB Connected
[2025-04-08T06:20:15.686Z] INFO: ✅Server running on port 4000
[2025-04-08T06:20:15.698Z] INFO: ✅MongoDB Connected
[2025-04-08T06:20:42.354Z] INFO: ✅Server running on port 4000
[2025-04-08T06:20:42.431Z] INFO: ✅MongoDB Connected
[2025-04-08T06:20:55.596Z] INFO: ✅Server running on port 4000
[2025-04-08T06:20:55.617Z] INFO: ✅MongoDB Connected
[2025-04-08T06:21:48.190Z] INFO: ✅Server running on port 4000
[2025-04-08T06:21:48.198Z] INFO: ✅MongoDB Connected
[2025-04-08T06:22:55.874Z] INFO: ✅Server running on port 4000
[2025-04-08T06:22:55.880Z] INFO: ✅MongoDB Connected
[2025-04-08T06:23:42.862Z] INFO: ✅Server running on port 4000
[2025-04-08T06:23:42.874Z] INFO: ✅MongoDB Connected
[2025-04-08T06:27:17.257Z] INFO: ✅Server running on port 4000
[2025-04-08T06:27:17.263Z] INFO: ✅MongoDB Connected
[2025-04-08T06:28:17.289Z] INFO: ✅Server running on port 4000
[2025-04-08T06:28:17.297Z] INFO: ✅MongoDB Connected
[2025-04-08T06:28:56.373Z] INFO: ✅Server running on port 4000
[2025-04-08T06:28:56.382Z] INFO: ✅MongoDB Connected
[2025-04-08T06:29:46.263Z] INFO: ✅Server running on port 4000
[2025-04-08T06:29:46.275Z] INFO: ✅MongoDB Connected
[2025-04-08T06:30:31.632Z] INFO: ✅Server running on port 4000
[2025-04-08T06:30:31.642Z] INFO: ✅MongoDB Connected
[2025-04-08T06:31:48.878Z] INFO: ✅Server running on port 4000
[2025-04-08T06:31:48.886Z] INFO: ✅MongoDB Connected
[2025-04-08T06:34:09.328Z] INFO: ✅Server running on port 4000
[2025-04-08T06:34:09.336Z] INFO: ✅MongoDB Connected
[2025-04-08T06:34:41.078Z] INFO: ✅Server running on port 4000
[2025-04-08T06:34:41.084Z] INFO: ✅MongoDB Connected
[2025-04-08T06:38:36.924Z] INFO: ✅Server running on port 4000
[2025-04-08T06:38:36.931Z] INFO: ✅MongoDB Connected
[2025-04-08T06:38:53.027Z] INFO: ✅Server running on port 4000
[2025-04-08T06:38:53.033Z] INFO: ✅MongoDB Connected
[2025-04-08T06:39:01.655Z] INFO: ✅Server running on port 4000
[2025-04-08T06:39:01.664Z] INFO: ✅MongoDB Connected
[2025-04-08T06:39:10.016Z] INFO: ✅Server running on port 4000
[2025-04-08T06:39:10.025Z] INFO: ✅MongoDB Connected
[2025-04-08T06:39:32.241Z] INFO: ✅Server running on port 4000
[2025-04-08T06:39:32.249Z] INFO: ✅MongoDB Connected
[2025-04-08T06:39:55.512Z] INFO: ✅Server running on port 4000
[2025-04-08T06:39:55.522Z] INFO: ✅MongoDB Connected
[2025-04-08T06:39:57.190Z] INFO: Total Supply Value",{"totalSupply":"1000000000000000000000"}
[2025-04-08T06:40:00.422Z] INFO: Total Supply Value",{"totalSupply":"1000000000000000000000"}
[2025-04-08T06:40:02.063Z] INFO: Total Supply Value",{"totalSupply":"1000000000000000000000"}
[2025-04-08T06:40:06.156Z] INFO: Total Supply Value",{"totalSupply":"1000000000000000000000"}
[2025-04-08T06:41:08.627Z] INFO: ✅Server running on port 4000
[2025-04-08T06:41:08.635Z] INFO: ✅MongoDB Connected
[2025-04-08T06:41:10.679Z] INFO: Total Supply Value",{"totalSupply":"1000000000000000000000"}
[2025-04-08T06:41:54.655Z] INFO: ✅Server running on port 4000
[2025-04-08T06:41:54.661Z] INFO: ✅MongoDB Connected
[2025-04-08T06:42:06.278Z] INFO: ✅Server running on port 4000
[2025-04-08T06:42:06.286Z] INFO: ✅MongoDB Connected
[2025-04-08T06:42:07.604Z] INFO: Total Supply Value",[object Object]
[2025-04-08T06:42:14.705Z] INFO: ✅Server running on port 4000
[2025-04-08T06:42:14.711Z] INFO: ✅MongoDB Connected
[2025-04-08T06:45:38.350Z] INFO: Total Supply Value",{"totalSupply":"1000000000000000000000"}
[2025-04-08T06:46:55.741Z] INFO: ✅Server running on port 4000
[2025-04-08T06:46:55.747Z] INFO: ✅MongoDB Connected
[2025-04-08T06:48:58.397Z] INFO: ✅Server running on port 4000
[2025-04-08T06:48:58.406Z] INFO: ✅MongoDB Connected
[2025-04-08T06:49:03.430Z] INFO: ✅Server running on port 4000
[2025-04-08T06:49:03.438Z] INFO: ✅MongoDB Connected
[2025-04-08T06:51:21.576Z] INFO: ✅Server running on port 4000
[2025-04-08T06:51:21.583Z] INFO: ✅MongoDB Connected
[2025-04-08T06:51:34.675Z] INFO: ✅Server running on port 4000
[2025-04-08T06:51:34.682Z] INFO: ✅MongoDB Connected
[2025-04-08T06:51:53.403Z] INFO: ✅Server running on port 4000
[2025-04-08T06:51:53.412Z] INFO: ✅MongoDB Connected
[2025-04-08T06:52:09.503Z] INFO: ✅Server running on port 4000
[2025-04-08T06:52:09.511Z] INFO: ✅MongoDB Connected
[2025-04-08T06:52:23.347Z] INFO: ✅Server running on port 4000
[2025-04-08T06:52:23.357Z] INFO: ✅MongoDB Connected
[2025-04-08T06:52:37.974Z] INFO: ✅Server running on port 4000
[2025-04-08T06:52:37.980Z] INFO: ✅MongoDB Connected
[2025-04-08T06:59:52.313Z] INFO: ✅Server running on port 4000
[2025-04-08T06:59:52.321Z] INFO: ✅MongoDB Connected
[2025-04-08T07:00:11.740Z] INFO: ✅Server running on port 4000
[2025-04-08T07:00:11.746Z] INFO: ✅MongoDB Connected
[2025-04-08T07:00:15.362Z] INFO: ✅Server running on port 4000
[2025-04-08T07:00:15.369Z] INFO: ✅MongoDB Connected
[2025-04-08T07:02:40.263Z] INFO: ✅Server running on port 4000
[2025-04-08T07:02:40.269Z] INFO: ✅MongoDB Connected
[2025-04-08T07:02:54.786Z] INFO: ✅Server running on port 4000
[2025-04-08T07:02:54.792Z] INFO: ✅MongoDB Connected
[2025-04-08T07:07:14.006Z] INFO: ✅Server running on port 4000
[2025-04-08T07:07:14.012Z] INFO: ✅MongoDB Connected
[2025-04-08T07:09:30.664Z] INFO: ✅Server running on port 4000
[2025-04-08T07:09:30.670Z] INFO: ✅MongoDB Connected
[2025-04-08T07:09:41.183Z] INFO: ✅Server running on port 4000
[2025-04-08T07:09:41.189Z] INFO: ✅MongoDB Connected
[2025-04-08T07:10:02.109Z] INFO: CONTRACT USER BALANCE,989999999999999831135
[2025-04-08T07:10:02.988Z] INFO: processTransfer error
[2025-04-08T07:10:02.988Z] INFO: createTransfer error
[2025-04-08T07:10:43.983Z] INFO: ✅Server running on port 4000
[2025-04-08T07:10:43.989Z] INFO: ✅MongoDB Connected
[2025-04-08T07:11:04.012Z] INFO: ✅Server running on port 4000
[2025-04-08T07:11:04.020Z] INFO: ✅MongoDB Connected
[2025-04-08T07:11:15.249Z] INFO: CONTRACT USER BALANCE,989999999999999831135
[2025-04-08T07:11:15.867Z] INFO: processTransfer error
[2025-04-08T07:11:15.868Z] INFO: createTransfer error
[2025-04-08T07:11:27.303Z] INFO: CONTRACT USER BALANCE,989999999999999831135
[2025-04-08T07:11:27.743Z] INFO: processTransfer error
[2025-04-08T07:11:27.744Z] INFO: createTransfer error
[2025-04-08T07:19:55.283Z] INFO: ✅Server running on port 4000
[2025-04-08T07:19:55.293Z] INFO: ✅MongoDB Connected
[2025-04-08T07:19:59.633Z] INFO: CONTRACT USER BALANCE,989999999999999831135
[2025-04-08T07:20:00.163Z] INFO: processTransfer error
[2025-04-08T07:20:00.164Z] INFO: createTransfer error
[2025-04-08T07:21:02.208Z] INFO: ✅Server running on port 4000
[2025-04-08T07:21:02.215Z] INFO: ✅MongoDB Connected
[2025-04-08T07:21:03.332Z] INFO: CONTRACT USER BALANCE,989999999999999831135
[2025-04-08T07:21:04.282Z] INFO: processTransfer error
[2025-04-08T07:21:04.282Z] INFO: createTransfer error
[2025-04-08T07:21:38.449Z] INFO: ✅Server running on port 4000
[2025-04-08T07:21:38.456Z] INFO: ✅MongoDB Connected
[2025-04-08T07:21:39.787Z] INFO: CONTRACT USER BALANCE,989999999999999831135
[2025-04-08T07:21:40.333Z] INFO: processTransfer error
[2025-04-08T07:21:40.333Z] INFO: createTransfer error
[2025-04-08T07:24:08.004Z] INFO: ✅Server running on port 4000
[2025-04-08T07:24:08.013Z] INFO: ✅MongoDB Connected
[2025-04-08T07:24:09.906Z] INFO: CONTRACT USER BALANCE,989999999999999831135
[2025-04-08T07:24:09.907Z] INFO: createTransfer error
[2025-04-08T07:28:52.315Z] INFO: ✅Server running on port 4000
[2025-04-08T07:28:52.322Z] INFO: ✅MongoDB Connected
[2025-04-08T07:28:54.187Z] INFO: CONTRACT USER BALANCE,989999999999999831135
[2025-04-08T07:28:54.188Z] INFO: createTransfer error
[2025-04-08T07:29:25.861Z] INFO: ✅Server running on port 4000
[2025-04-08T07:29:25.870Z] INFO: ✅MongoDB Connected
[2025-04-08T07:29:42.300Z] INFO: ✅Server running on port 4000
[2025-04-08T07:29:42.306Z] INFO: ✅MongoDB Connected
[2025-04-08T07:29:52.655Z] INFO: CONTRACT USER BALANCE,989999999999999831135
[2025-04-08T07:29:52.656Z] INFO: createTransfer error
[2025-04-08T07:30:11.521Z] INFO: ✅Server running on port 4000
[2025-04-08T07:30:11.530Z] INFO: ✅MongoDB Connected
[2025-04-08T07:31:24.232Z] INFO: ✅Server running on port 4000
[2025-04-08T07:31:24.239Z] INFO: ✅MongoDB Connected
[2025-04-08T07:31:26.021Z] INFO: CONTRACT USER BALANCE,989999999999999831135
[2025-04-08T07:31:26.022Z] INFO: createTransfer error
[2025-04-08T07:31:42.043Z] INFO: ✅Server running on port 4000
[2025-04-08T07:31:42.052Z] INFO: ✅MongoDB Connected
[2025-04-08T07:31:43.041Z] INFO: CONTRACT USER BALANCE,989999999999999831135
[2025-04-08T07:31:43.042Z] INFO: createTransfer error
[2025-04-08T07:31:53.585Z] INFO: CONTRACT USER BALANCE,989999999999999831135
[2025-04-08T07:31:53.587Z] INFO: createTransfer error
[2025-04-08T07:31:54.514Z] INFO: CONTRACT USER BALANCE,989999999999999831135
[2025-04-08T07:31:54.514Z] INFO: createTransfer error
[2025-04-08T08:51:38.492Z] INFO: ✅Server running on port 4000
[2025-04-08T08:51:38.512Z] INFO: ✅MongoDB Connected
[2025-04-08T08:51:40.154Z] INFO: CONTRACT USER BALANCE,989999999999999831135
[2025-04-08T08:51:41.449Z] INFO: processTransfer error
[2025-04-08T08:51:41.450Z] INFO: createTransfer error
[2025-04-08T08:52:29.210Z] INFO: ✅Server running on port 4000
[2025-04-08T08:52:29.220Z] INFO: ✅MongoDB Connected
[2025-04-08T08:52:45.146Z] INFO: ✅Server running on port 4000
[2025-04-08T08:52:45.160Z] INFO: ✅MongoDB Connected
[2025-04-08T08:52:57.989Z] INFO: ✅Server running on port 4000
[2025-04-08T08:52:58.002Z] INFO: ✅MongoDB Connected
[2025-04-08T08:52:59.555Z] INFO: CONTRACT USER BALANCE,989999999999999831135
[2025-04-08T08:53:00.195Z] INFO: processTransfer error
[2025-04-08T08:53:00.196Z] INFO: createTransfer error
[2025-04-08T08:53:52.987Z] INFO: ✅Server running on port 4000
[2025-04-08T08:53:53.009Z] INFO: ✅MongoDB Connected
[2025-04-08T08:54:00.072Z] INFO: ✅Server running on port 4000
[2025-04-08T08:54:00.085Z] INFO: ✅MongoDB Connected
[2025-04-08T08:54:03.130Z] INFO: CONTRACT USER BALANCE,989999999999999831135
[2025-04-08T08:54:04.951Z] INFO: processTransfer error
[2025-04-08T08:54:04.951Z] INFO: createTransfer error
[2025-04-08T08:54:41.960Z] INFO: ✅Server running on port 4000
[2025-04-08T08:54:41.973Z] INFO: ✅MongoDB Connected
[2025-04-08T08:54:42.909Z] INFO: CONTRACT USER BALANCE,989999999999999831135
[2025-04-08T08:54:43.476Z] INFO: processTransfer error
[2025-04-08T08:54:43.476Z] INFO: createTransfer error
[2025-04-08T08:55:26.752Z] INFO: ✅Server running on port 4000
[2025-04-08T08:55:26.762Z] INFO: ✅MongoDB Connected
[2025-04-08T08:55:28.940Z] INFO: CONTRACT USER BALANCE,989999999999999831135
[2025-04-08T08:55:29.442Z] INFO: processTransfer error
[2025-04-08T08:55:29.442Z] INFO: createTransfer error
[2025-04-08T08:58:27.464Z] INFO: ✅Server running on port 4000
[2025-04-08T08:58:27.474Z] INFO: ✅MongoDB Connected
[2025-04-08T08:59:12.882Z] INFO: ✅Server running on port 4000
[2025-04-08T08:59:12.896Z] INFO: ✅MongoDB Connected
[2025-04-08T08:59:15.572Z] INFO: CONTRACT USER BALANCE,989999999999999831135
[2025-04-08T08:59:16.143Z] INFO: processTransfer error
[2025-04-08T08:59:16.143Z] INFO: createTransfer error
[2025-04-08T08:59:59.852Z] INFO: ✅Server running on port 4000
[2025-04-08T08:59:59.862Z] INFO: ✅MongoDB Connected
[2025-04-08T09:00:05.027Z] INFO: CONTRACT USER BALANCE,989999999999999831135
[2025-04-08T09:00:06.189Z] INFO: processTransfer error
[2025-04-08T09:00:06.189Z] INFO: createTransfer error
[2025-04-08T09:01:21.926Z] INFO: ✅Server running on port 4000
[2025-04-08T09:01:21.937Z] INFO: ✅MongoDB Connected
[2025-04-08T09:01:23.270Z] INFO: CONTRACT USER BALANCE,989999999999999831135
[2025-04-08T09:01:23.782Z] INFO: processTransfer error
[2025-04-08T09:01:23.783Z] INFO: createTransfer error
[2025-04-08T09:02:04.962Z] INFO: ✅Server running on port 4000
[2025-04-08T09:02:04.972Z] INFO: ✅MongoDB Connected
[2025-04-08T09:05:26.423Z] INFO: ✅Server running on port 4000
[2025-04-08T09:05:26.436Z] INFO: ✅MongoDB Connected
[2025-04-08T09:07:42.426Z] INFO: ✅Server running on port 4000
[2025-04-08T09:07:42.436Z] INFO: ✅MongoDB Connected
[2025-04-08T09:07:48.709Z] INFO: CONTRACT USER BALANCE,989999999999999831135
[2025-04-08T09:07:50.199Z] INFO: processTransfer error
[2025-04-08T09:10:43.211Z] INFO: ✅Server running on port 4000
[2025-04-08T09:10:43.222Z] INFO: ✅MongoDB Connected
[2025-04-08T09:10:45.950Z] INFO: CONTRACT USER BALANCE,989999999999999831135
[2025-04-08T09:10:48.427Z] INFO: processTransfer error
[2025-04-08T09:10:48.428Z] INFO: createTransfer error
[2025-04-08T09:14:03.897Z] INFO: ✅Server running on port 4000
[2025-04-08T09:14:03.908Z] INFO: ✅MongoDB Connected
[2025-04-08T09:14:11.204Z] INFO: CONTRACT USER BALANCE,989999999999999831135
[2025-04-08T09:14:11.837Z] INFO: processTransfer error
[2025-04-08T09:14:11.838Z] INFO: createTransfer error
[2025-04-08T09:14:41.687Z] INFO: ✅Server running on port 4000
[2025-04-08T09:14:41.697Z] INFO: ✅MongoDB Connected
[2025-04-08T09:14:49.267Z] INFO: CONTRACT USER BALANCE,989999999999999831135
[2025-04-08T09:14:49.845Z] INFO: processTransfer error
[2025-04-08T09:15:47.313Z] INFO: ✅Server running on port 4000
[2025-04-08T09:15:47.324Z] INFO: ✅MongoDB Connected
[2025-04-08T09:42:09.139Z] INFO: CONTRACT USER BALANCE,989999999999999831135
[2025-04-08T09:42:09.938Z] INFO: processTransfer error
[2025-04-08T10:17:06.367Z] INFO: ✅Server running on port 4000
[2025-04-08T10:17:06.387Z] INFO: ✅MongoDB Connected
[2025-04-08T10:17:19.613Z] INFO: CONTRACT USER BALANCE,989999999999999831135
[2025-04-08T10:17:20.498Z] INFO: processTransfer error
[2025-04-08T10:18:09.361Z] INFO: ✅Server running on port 4000
[2025-04-08T10:18:09.374Z] INFO: ✅MongoDB Connected
[2025-04-08T10:18:11.850Z] INFO: CONTRACT USER BALANCE,989999999999999831135
[2025-04-08T10:18:12.880Z] INFO: processTransfer error
[2025-04-08T10:18:46.042Z] INFO: ✅Server running on port 4000
[2025-04-08T10:18:46.056Z] INFO: ✅MongoDB Connected
[2025-04-08T10:18:48.712Z] INFO: CONTRACT USER BALANCE,989999999999999831135
[2025-04-08T10:18:49.260Z] INFO: processTransfer error
[2025-04-08T10:19:53.459Z] INFO: ✅Server running on port 4000
[2025-04-08T10:19:53.469Z] INFO: ✅MongoDB Connected
[2025-04-08T10:19:58.959Z] INFO: CONTRACT USER BALANCE,989999999999999831135
[2025-04-08T10:19:59.544Z] INFO: createTransfer error
[2025-04-08T10:20:49.886Z] INFO: ✅Server running on port 4000
[2025-04-08T10:20:49.901Z] INFO: ✅MongoDB Connected
[2025-04-08T10:20:52.304Z] INFO: CONTRACT USER BALANCE,989999999999999831135
[2025-04-08T10:20:52.887Z] INFO: createTransfer error
[2025-04-08T10:57:56.517Z] INFO: ✅Server running on port 4000
[2025-04-08T10:57:56.532Z] INFO: ✅MongoDB Connected
[2025-04-08T10:57:58.895Z] INFO: CONTRACT USER BALANCE,989999999999999831135
[2025-04-08T10:57:59.619Z] INFO: createTransfer error
[2025-04-08T10:58:21.193Z] INFO: ✅Server running on port 4000
[2025-04-08T10:58:21.206Z] INFO: ✅MongoDB Connected
[2025-04-08T10:58:25.672Z] INFO: CONTRACT USER BALANCE,989999999999999831135
[2025-04-08T10:58:26.167Z] INFO: createTransfer error
[2025-04-08T10:58:54.568Z] INFO: CONTRACT USER BALANCE,989999999999999831135
[2025-04-08T10:58:55.087Z] INFO: createTransfer error
[2025-04-08T11:05:46.320Z] INFO: ✅Server running on port 4000
[2025-04-08T11:05:46.334Z] INFO: ✅MongoDB Connected
[2025-04-08T11:06:02.520Z] INFO: CONTRACT USER BALANCE,989999999999999831135
[2025-04-08T11:06:03.117Z] INFO: createTransfer error
[2025-04-08T11:08:06.428Z] INFO: ✅Server running on port 4000
[2025-04-08T11:08:06.442Z] INFO: ✅MongoDB Connected
[2025-04-08T11:08:08.934Z] INFO: CONTRACT USER BALANCE,989999999999999831135
[2025-04-08T11:08:09.497Z] INFO: createTransfer error
[2025-04-08T11:08:41.740Z] INFO: ✅Server running on port 4000
[2025-04-08T11:08:41.751Z] INFO: ✅MongoDB Connected
[2025-04-08T11:08:44.283Z] INFO: CONTRACT USER BALANCE,989999999999999831135
[2025-04-08T11:08:44.839Z] INFO: processTransfer error
[2025-04-08T11:08:44.839Z] INFO: createTransfer error
[2025-04-08T11:08:54.187Z] INFO: CONTRACT USER BALANCE,989999999999999831135
[2025-04-08T11:08:54.694Z] INFO: processTransfer error
[2025-04-08T11:08:54.695Z] INFO: createTransfer error
[2025-04-08T11:09:06.336Z] INFO: ✅Server running on port 4000
[2025-04-08T11:09:06.349Z] INFO: ✅MongoDB Connected
[2025-04-08T11:12:19.518Z] INFO: CONTRACT USER BALANCE,989999999999999831135
[2025-04-08T11:12:20.077Z] INFO: createTransfer error
[2025-04-08T11:15:50.373Z] INFO: ✅Server running on port 4000
[2025-04-08T11:15:50.383Z] INFO: ✅MongoDB Connected
[2025-04-08T11:19:34.018Z] INFO: ✅Server running on port 4000
[2025-04-08T11:19:34.028Z] INFO: ✅MongoDB Connected
[2025-04-08T11:25:14.843Z] INFO: ✅Server running on port 4000
[2025-04-08T11:25:14.859Z] INFO: ✅MongoDB Connected
[2025-04-08T11:25:42.185Z] INFO: ✅Server running on port 4000
[2025-04-08T11:25:42.195Z] INFO: ✅MongoDB Connected
[2025-04-08T11:25:56.065Z] INFO: ✅Server running on port 4000
[2025-04-08T11:25:56.082Z] INFO: ✅MongoDB Connected
[2025-04-08T11:27:03.598Z] INFO: ✅Server running on port 4000
[2025-04-08T11:27:03.610Z] INFO: ✅MongoDB Connected
[2025-04-08T11:29:52.088Z] INFO: CONTRACT USER BALANCE,989999999999999831135
[2025-04-08T11:29:52.948Z] INFO: createTransfer error
[2025-04-08T11:32:48.334Z] INFO: CONTRACT USER BALANCE,989999999999999831135
[2025-04-08T11:32:48.888Z] INFO: createTransfer error
[2025-04-08T12:01:17.077Z] INFO: ✅Server running on port 4000
[2025-04-08T12:01:17.139Z] INFO: ✅MongoDB Connected
[2025-04-08T12:01:34.452Z] INFO: ✅Server running on port 4000
[2025-04-08T12:01:34.465Z] INFO: ✅MongoDB Connected
[2025-04-08T12:01:39.960Z] INFO: ✅Server running on port 4000
[2025-04-08T12:01:39.973Z] INFO: ✅MongoDB Connected
[2025-04-08T12:02:58.460Z] INFO: ✅Server running on port 4000
[2025-04-08T12:02:58.471Z] INFO: ✅MongoDB Connected
[2025-04-08T12:03:15.065Z] INFO: ✅Server running on port 4000
[2025-04-08T12:03:15.082Z] INFO: ✅MongoDB Connected
[2025-04-08T12:06:06.181Z] INFO: ✅Server running on port 4000
[2025-04-08T12:06:06.192Z] INFO: ✅MongoDB Connected
[2025-04-08T12:06:08.524Z] INFO: CONTRACT USER BALANCE,989999999999999831135
[2025-04-08T12:06:09.253Z] INFO: createTransfer error
[2025-04-08T12:10:20.608Z] INFO: ✅Server running on port 4000
[2025-04-08T12:10:20.621Z] INFO: ✅MongoDB Connected
[2025-04-08T12:10:30.777Z] INFO: CONTRACT USER BALANCE,989999999999999831135
[2025-04-08T12:10:31.316Z] INFO: createTransfer error
[2025-04-08T12:10:59.354Z] INFO: ✅Server running on port 4000
[2025-04-08T12:10:59.366Z] INFO: ✅MongoDB Connected
[2025-04-08T12:11:03.098Z] INFO: CONTRACT USER BALANCE,989999999999999831135
[2025-04-08T12:11:03.780Z] INFO: createTransfer error
[2025-04-08T12:14:45.457Z] INFO: CONTRACT USER BALANCE,989999999999999831135
[2025-04-08T12:14:46.080Z] INFO: createTransfer error
[2025-04-08T12:16:55.667Z] INFO: ✅Server running on port 4000
[2025-04-08T12:16:55.680Z] INFO: ✅MongoDB Connected
[2025-04-08T12:17:00.781Z] INFO: CONTRACT USER BALANCE,989999999999999831135
[2025-04-08T12:17:01.426Z] INFO: createTransfer error
[2025-04-08T12:17:26.153Z] INFO: ✅Server running on port 4000
[2025-04-08T12:17:26.163Z] INFO: ✅MongoDB Connected
[2025-04-08T12:17:27.658Z] INFO: CONTRACT USER BALANCE,989999999999999831135
[2025-04-08T12:17:28.246Z] INFO: createTransfer error
[2025-04-08T12:19:52.169Z] INFO: ✅Server running on port 4000
[2025-04-08T12:19:52.185Z] INFO: ✅MongoDB Connected
[2025-04-08T12:31:21.595Z] INFO: ✅Server running on port 4000
[2025-04-08T12:31:21.606Z] INFO: ✅MongoDB Connected
[2025-04-08T12:31:38.667Z] INFO: ✅Server running on port 4000
[2025-04-08T12:31:38.677Z] INFO: ✅MongoDB Connected
[2025-04-08T12:31:45.854Z] INFO: ✅Server running on port 4000
[2025-04-08T12:31:45.868Z] INFO: ✅MongoDB Connected
[2025-04-08T12:31:50.319Z] INFO: CONTRACT USER BALANCE,989999999999999831135
[2025-04-08T12:31:53.998Z] INFO: SaveTransaction------,0xDAf96cB61d28799b3B174C56D3E9335838E5e46D,0xEbF0701BFf3996B1E443Ce74959C8DEd304B1f11,1,0xdaeb3fe0c28d7b0448468dd81a2febba7bbbcf09f29e635076a28b78a88d244b
[2025-04-08T12:32:22.902Z] INFO: updateTransactionStatus------,0xdaeb3fe0c28d7b0448468dd81a2febba7bbbcf09f29e635076a28b78a88d244b,2
[2025-04-08T12:32:22.902Z] INFO: Service Updated,[object Object],0xdaeb3fe0c28d7b0448468dd81a2febba7bbbcf09f29e635076a28b78a88d244b
[2025-04-08T12:32:22.903Z] INFO: createTransfer error
[2025-04-08T12:34:29.937Z] INFO: ✅Server running on port 4000
[2025-04-08T12:34:29.947Z] INFO: ✅MongoDB Connected
[2025-04-08T12:35:09.336Z] INFO: ✅Server running on port 4000
[2025-04-08T12:35:09.347Z] INFO: ✅MongoDB Connected
[2025-04-08T12:35:21.505Z] INFO: CONTRACT USER BALANCE,989999999999999831134
[2025-04-08T12:35:24.535Z] INFO: SaveTransaction------,0xDAf96cB61d28799b3B174C56D3E9335838E5e46D,0xEbF0701BFf3996B1E443Ce74959C8DEd304B1f11,1,0xba7b73418813ea38c3ae400a6fcba2e710d0698f4a0565cce7ff11401a595285
[2025-04-08T12:35:37.814Z] INFO: updateTransactionStatus------,0xba7b73418813ea38c3ae400a6fcba2e710d0698f4a0565cce7ff11401a595285,2
[2025-04-08T12:35:37.814Z] INFO: Service Updated,[object Object],0xba7b73418813ea38c3ae400a6fcba2e710d0698f4a0565cce7ff11401a595285
[2025-04-08T12:35:37.815Z] INFO: createTransfer error
[2025-04-08T12:36:59.903Z] INFO: ✅Server running on port 4000
[2025-04-08T12:36:59.915Z] INFO: ✅MongoDB Connected
[2025-04-08T12:37:05.156Z] INFO: ✅Server running on port 4000
[2025-04-08T12:37:05.172Z] INFO: ✅MongoDB Connected
[2025-04-08T12:37:06.455Z] INFO: CONTRACT USER BALANCE,989999999999999831133
[2025-04-08T12:37:10.200Z] INFO: SaveTransaction------,0xDAf96cB61d28799b3B174C56D3E9335838E5e46D,0xEbF0701BFf3996B1E443Ce74959C8DEd304B1f11,1,0xec0ebc49a5a1bf464f9e1cc9b7c861b813ce0abc5b254c1f74b3ee4e18511a72
[2025-04-08T12:37:28.945Z] INFO: updateTransactionStatus------,0xec0ebc49a5a1bf464f9e1cc9b7c861b813ce0abc5b254c1f74b3ee4e18511a72,2
[2025-04-08T12:37:28.945Z] INFO: Service Updated,[object Object],0xec0ebc49a5a1bf464f9e1cc9b7c861b813ce0abc5b254c1f74b3ee4e18511a72
[2025-04-08T12:37:28.947Z] INFO: createTransfer error
[2025-04-08T12:38:20.858Z] INFO: ✅Server running on port 4000
[2025-04-08T12:38:20.884Z] INFO: ✅MongoDB Connected
[2025-04-08T12:38:28.384Z] INFO: CONTRACT USER BALANCE,989999999999999831132
[2025-04-08T12:38:32.438Z] INFO: SaveTransaction------,0xDAf96cB61d28799b3B174C56D3E9335838E5e46D,0xEbF0701BFf3996B1E443Ce74959C8DEd304B1f11,1,0x8a448a75d9c4a95484e77dc85ada934ad857a2702d89bcec5cf6fe2433c1fe4a
[2025-04-08T12:38:44.771Z] INFO: updateTransactionStatus------,0x8a448a75d9c4a95484e77dc85ada934ad857a2702d89bcec5cf6fe2433c1fe4a,2
[2025-04-08T12:38:44.772Z] INFO: Service Updated,[object Object],0x8a448a75d9c4a95484e77dc85ada934ad857a2702d89bcec5cf6fe2433c1fe4a
[2025-04-08T12:38:44.773Z] INFO: createTransfer error
[2025-04-08T12:41:48.998Z] INFO: ✅Server running on port 4000
[2025-04-08T12:41:49.008Z] INFO: ✅MongoDB Connected
[2025-04-08T12:50:51.135Z] INFO: ✅Server running on port 4000
[2025-04-08T12:50:51.149Z] INFO: ✅MongoDB Connected
[2025-04-08T12:53:16.696Z] INFO: ✅Server running on port 4000
[2025-04-08T12:53:16.709Z] INFO: ✅MongoDB Connected
[2025-04-08T12:53:18.863Z] INFO: CONTRACT USER BALANCE,989999999999999831131
[2025-04-08T12:53:21.903Z] INFO: SaveTransaction------,0xDAf96cB61d28799b3B174C56D3E9335838E5e46D,0xEbF0701BFf3996B1E443Ce74959C8DEd304B1f11,1,0x97394e1c01034654233a515f91e837441b7f7ccb3be7cb7ad751f62db84f941e
[2025-04-08T12:53:38.652Z] INFO: updateTransactionStatus------,0x97394e1c01034654233a515f91e837441b7f7ccb3be7cb7ad751f62db84f941e,2
[2025-04-08T12:53:38.653Z] INFO: Service Updated,[object Object],0x97394e1c01034654233a515f91e837441b7f7ccb3be7cb7ad751f62db84f941e
[2025-04-08T12:57:40.702Z] INFO: ✅Server running on port 4000
[2025-04-08T12:57:40.714Z] INFO: ✅MongoDB Connected
[2025-04-08T12:57:59.047Z] INFO: ✅Server running on port 4000
[2025-04-08T12:57:59.057Z] INFO: ✅MongoDB Connected
[2025-04-08T12:58:36.354Z] INFO: ✅Server running on port 4000
[2025-04-08T12:58:36.364Z] INFO: ✅MongoDB Connected
[2025-04-08T12:59:42.408Z] INFO: ✅Server running on port 4000
[2025-04-08T12:59:42.423Z] INFO: ✅MongoDB Connected
[2025-04-08T13:00:10.171Z] INFO: ✅Server running on port 4000
[2025-04-08T13:00:10.182Z] INFO: ✅MongoDB Connected
[2025-04-08T13:00:33.332Z] INFO: ✅Server running on port 4000
[2025-04-08T13:00:33.346Z] INFO: ✅MongoDB Connected
[2025-04-08T13:00:54.548Z] INFO: ✅Server running on port 4000
[2025-04-08T13:00:54.559Z] INFO: ✅MongoDB Connected
[2025-04-08T13:01:20.839Z] INFO: ✅Server running on port 4000
[2025-04-08T13:01:20.863Z] INFO: ✅MongoDB Connected
[2025-04-08T13:01:44.277Z] INFO: ✅Server running on port 4000
[2025-04-08T13:01:44.287Z] INFO: ✅MongoDB Connected
[2025-04-08T13:02:21.938Z] INFO: ✅Server running on port 4000
[2025-04-08T13:02:21.948Z] INFO: ✅MongoDB Connected
[2025-04-08T13:02:43.150Z] INFO: ✅Server running on port 4000
[2025-04-08T13:02:43.165Z] INFO: ✅MongoDB Connected
[2025-04-08T13:03:13.880Z] INFO: ✅Server running on port 4000
[2025-04-08T13:03:13.891Z] INFO: ✅MongoDB Connected
[2025-04-08T13:03:34.035Z] INFO: ✅Server running on port 4000
[2025-04-08T13:03:34.048Z] INFO: ✅MongoDB Connected
[2025-04-08T13:04:56.842Z] INFO: ✅Server running on port 4000
[2025-04-08T13:04:56.853Z] INFO: ✅MongoDB Connected
[2025-04-08T13:15:55.592Z] INFO: CONTRACT USER BALANCE,989999999999999831130
[2025-04-08T13:15:59.078Z] INFO: SaveTransaction------,0xDAf96cB61d28799b3B174C56D3E9335838E5e46D,0xEbF0701BFf3996B1E443Ce74959C8DEd304B1f11,1,0x1c036e9cf9b673f362e8cf0f987abdaad714d380132142bc8da74c3d13e62dfa
[2025-04-08T13:16:27.559Z] INFO: updateTransactionStatus------,0x1c036e9cf9b673f362e8cf0f987abdaad714d380132142bc8da74c3d13e62dfa,2
[2025-04-08T13:16:27.559Z] INFO: Service Updated,[object Object],0x1c036e9cf9b673f362e8cf0f987abdaad714d380132142bc8da74c3d13e62dfa
[2025-04-08T13:17:35.155Z] INFO: ✅Server running on port 4000
[2025-04-08T13:17:35.167Z] INFO: ✅MongoDB Connected
