[2025-05-06T05:10:53.125Z] INFO: ✅Server running on port 4000
[2025-05-06T05:10:53.164Z] INFO: ✅ MongoDB Connected
[2025-05-06T05:11:05.669Z] INFO: ✅Server running on port 4000
[2025-05-06T05:11:05.703Z] INFO: ✅ MongoDB Connected
[2025-05-06T05:29:33.950Z] INFO: ✅Server running on port 4000
[2025-05-06T05:29:33.992Z] INFO: ✅ MongoDB Connected
[2025-05-06T05:30:04.776Z] INFO: ✅Server running on port 4000
[2025-05-06T05:30:04.817Z] INFO: ✅ MongoDB Connected
[2025-05-06T05:30:14.316Z] INFO: in the Worker transaction 
[2025-05-06T05:30:14.317Z] INFO: 0xDAf96cB61d28799b3B174C56D3E9335838E5e46D,0xEbF0701BFf3996B1E443Ce74959C8DEd304B1f11,0,11,0xfacce3dca73f4e05690000ae73b9431e206a9a9dff5f14bfc29105cf17ebb73b
[2025-05-06T05:30:14.318Z] INFO: in the TransferServiceNFT 
[2025-05-06T05:30:15.403Z] INFO: in the Worker transaction 
[2025-05-06T05:30:15.404Z] INFO: 0xDAf96cB61d28799b3B174C56D3E9335838E5e46D,0xEbF0701BFf3996B1E443Ce74959C8DEd304B1f11,0,11,0xfacce3dca73f4e05690000ae73b9431e206a9a9dff5f14bfc29105cf17ebb73b
[2025-05-06T05:30:15.404Z] INFO: in the TransferServiceNFT 
[2025-05-06T05:30:16.619Z] INFO: SaveTransaction------,0xDAf96cB61d28799b3B174C56D3E9335838E5e46D,0xEbF0701BFf3996B1E443Ce74959C8DEd304B1f11,0,0x44ec8af16c3a484c056c068100f375b9f15714b2284f8c4c97ea510482e8f730
[2025-05-06T05:30:16.920Z] INFO: in the Worker transaction 
[2025-05-06T05:30:16.920Z] INFO: 0xDAf96cB61d28799b3B174C56D3E9335838E5e46D,0xEbF0701BFf3996B1E443Ce74959C8DEd304B1f11,0,11,0xfacce3dca73f4e05690000ae73b9431e206a9a9dff5f14bfc29105cf17ebb73b
[2025-05-06T05:30:16.921Z] INFO: in the TransferServiceNFT 
[2025-05-06T05:30:17.398Z] INFO: SaveTransaction------,0xDAf96cB61d28799b3B174C56D3E9335838E5e46D,0xEbF0701BFf3996B1E443Ce74959C8DEd304B1f11,0,0x44ec8af16c3a484c056c068100f375b9f15714b2284f8c4c97ea510482e8f730
[2025-05-06T05:30:17.792Z] INFO: in the Worker transaction 
[2025-05-06T05:30:17.792Z] INFO: 0xDAf96cB61d28799b3B174C56D3E9335838E5e46D,0xEbF0701BFf3996B1E443Ce74959C8DEd304B1f11,0,11,0xfacce3dca73f4e05690000ae73b9431e206a9a9dff5f14bfc29105cf17ebb73b
[2025-05-06T05:30:17.792Z] INFO: in the TransferServiceNFT 
[2025-05-06T05:30:18.498Z] ERROR: Transaction failed: Returned error: already known
[2025-05-06T05:30:18.820Z] INFO: in the Worker transaction 
[2025-05-06T05:30:18.821Z] INFO: 0xDAf96cB61d28799b3B174C56D3E9335838E5e46D,0xEbF0701BFf3996B1E443Ce74959C8DEd304B1f11,0,11,0xfacce3dca73f4e05690000ae73b9431e206a9a9dff5f14bfc29105cf17ebb73b
[2025-05-06T05:30:18.821Z] INFO: in the TransferServiceNFT 
[2025-05-06T05:30:18.879Z] INFO: SaveTransaction------,0xDAf96cB61d28799b3B174C56D3E9335838E5e46D,0xEbF0701BFf3996B1E443Ce74959C8DEd304B1f11,0,0x44ec8af16c3a484c056c068100f375b9f15714b2284f8c4c97ea510482e8f730
[2025-05-06T05:30:19.673Z] INFO: SaveTransaction------,0xDAf96cB61d28799b3B174C56D3E9335838E5e46D,0xEbF0701BFf3996B1E443Ce74959C8DEd304B1f11,0,0x44ec8af16c3a484c056c068100f375b9f15714b2284f8c4c97ea510482e8f730
[2025-05-06T05:30:19.846Z] INFO: in the Worker transaction 
[2025-05-06T05:30:19.847Z] INFO: 0xDAf96cB61d28799b3B174C56D3E9335838E5e46D,0xEbF0701BFf3996B1E443Ce74959C8DEd304B1f11,0,11,0xfacce3dca73f4e05690000ae73b9431e206a9a9dff5f14bfc29105cf17ebb73b
[2025-05-06T05:30:19.848Z] INFO: in the TransferServiceNFT 
[2025-05-06T05:30:20.015Z] ERROR: Transaction failed: Returned error: already known
[2025-05-06T05:30:20.748Z] INFO: SaveTransaction------,0xDAf96cB61d28799b3B174C56D3E9335838E5e46D,0xEbF0701BFf3996B1E443Ce74959C8DEd304B1f11,0,0x6d3b42d128d7c49f8aa893d2c6f7a9935997f5caa0b3f71124476229f361cef3
[2025-05-06T05:30:20.803Z] ERROR: Transaction failed: Returned error: already known
[2025-05-06T05:30:21.797Z] INFO: SaveTransaction------,0xDAf96cB61d28799b3B174C56D3E9335838E5e46D,0xEbF0701BFf3996B1E443Ce74959C8DEd304B1f11,0,0x6d3b42d128d7c49f8aa893d2c6f7a9935997f5caa0b3f71124476229f361cef3
[2025-05-06T05:30:21.865Z] ERROR: Transaction failed: Returned error: replacement transaction underpriced
[2025-05-06T05:30:23.198Z] ERROR: Transaction failed: Returned error: replacement transaction underpriced
[2025-05-06T05:30:28.192Z] INFO: Service Updated ,[object Object],0x44ec8af16c3a484c056c068100f375b9f15714b2284f8c4c97ea510482e8f730
[2025-05-06T05:30:28.192Z] INFO: 9 Job Id in the Worker
[2025-05-06T05:30:28.192Z] INFO: Transaction completed: https://holesky.etherscan.io/tx/0x44ec8af16c3a484c056c068100f375b9f15714b2284f8c4c97ea510482e8f730
[2025-05-06T05:31:28.706Z] INFO: ✅Server running on port 4000
[2025-05-06T05:31:28.738Z] INFO: ✅ MongoDB Connected
[2025-05-06T05:31:34.988Z] INFO: in the Worker transaction 
[2025-05-06T05:31:34.988Z] INFO: 0xDAf96cB61d28799b3B174C56D3E9335838E5e46D,0xEbF0701BFf3996B1E443Ce74959C8DEd304B1f11,0,3,0xfacce3dca73f4e05690000ae73b9431e206a9a9dff5f14bfc29105cf17ebb73b
[2025-05-06T05:31:34.989Z] INFO: in the TransferServiceNFT 
[2025-05-06T05:31:35.890Z] INFO: in the Worker transaction 
[2025-05-06T05:31:35.891Z] INFO: 0xDAf96cB61d28799b3B174C56D3E9335838E5e46D,0xEbF0701BFf3996B1E443Ce74959C8DEd304B1f11,0,3,0xfacce3dca73f4e05690000ae73b9431e206a9a9dff5f14bfc29105cf17ebb73b
[2025-05-06T05:31:35.892Z] INFO: in the TransferServiceNFT 
[2025-05-06T05:31:36.692Z] INFO: in the Worker transaction 
[2025-05-06T05:31:36.693Z] INFO: 0xDAf96cB61d28799b3B174C56D3E9335838E5e46D,0xEbF0701BFf3996B1E443Ce74959C8DEd304B1f11,0,3,0xfacce3dca73f4e05690000ae73b9431e206a9a9dff5f14bfc29105cf17ebb73b
[2025-05-06T05:31:36.694Z] INFO: in the TransferServiceNFT 
[2025-05-06T05:31:37.032Z] INFO: SaveTransaction------,0xDAf96cB61d28799b3B174C56D3E9335838E5e46D,0xEbF0701BFf3996B1E443Ce74959C8DEd304B1f11,0,0xcb432146859ed9b237f2f5f48bea1a02690e9b15ea81344e91ba5e7f7b81c5b3
[2025-05-06T05:31:37.440Z] INFO: in the Worker transaction 
[2025-05-06T05:31:37.440Z] INFO: 0xDAf96cB61d28799b3B174C56D3E9335838E5e46D,0xEbF0701BFf3996B1E443Ce74959C8DEd304B1f11,0,3,0xfacce3dca73f4e05690000ae73b9431e206a9a9dff5f14bfc29105cf17ebb73b
[2025-05-06T05:31:37.441Z] INFO: in the TransferServiceNFT 
[2025-05-06T05:31:38.317Z] INFO: SaveTransaction------,0xDAf96cB61d28799b3B174C56D3E9335838E5e46D,0xEbF0701BFf3996B1E443Ce74959C8DEd304B1f11,0,0xcb432146859ed9b237f2f5f48bea1a02690e9b15ea81344e91ba5e7f7b81c5b3
[2025-05-06T05:31:38.322Z] INFO: in the Worker transaction 
[2025-05-06T05:31:38.322Z] INFO: 0xDAf96cB61d28799b3B174C56D3E9335838E5e46D,0xEbF0701BFf3996B1E443Ce74959C8DEd304B1f11,0,3,0xfacce3dca73f4e05690000ae73b9431e206a9a9dff5f14bfc29105cf17ebb73b
[2025-05-06T05:31:38.322Z] INFO: in the TransferServiceNFT 
[2025-05-06T05:31:38.555Z] INFO: SaveTransaction------,0xDAf96cB61d28799b3B174C56D3E9335838E5e46D,0xEbF0701BFf3996B1E443Ce74959C8DEd304B1f11,0,0xcb432146859ed9b237f2f5f48bea1a02690e9b15ea81344e91ba5e7f7b81c5b3
[2025-05-06T05:31:39.030Z] INFO: in the Worker transaction 
[2025-05-06T05:31:39.031Z] INFO: 0xDAf96cB61d28799b3B174C56D3E9335838E5e46D,0xEbF0701BFf3996B1E443Ce74959C8DEd304B1f11,0,3,0xfacce3dca73f4e05690000ae73b9431e206a9a9dff5f14bfc29105cf17ebb73b
[2025-05-06T05:31:39.031Z] INFO: in the TransferServiceNFT 
[2025-05-06T05:31:39.349Z] INFO: SaveTransaction------,0xDAf96cB61d28799b3B174C56D3E9335838E5e46D,0xEbF0701BFf3996B1E443Ce74959C8DEd304B1f11,0,0xcb432146859ed9b237f2f5f48bea1a02690e9b15ea81344e91ba5e7f7b81c5b3
[2025-05-06T05:31:39.447Z] ERROR: Transaction failed: Returned error: already known
[2025-05-06T05:31:39.836Z] INFO: in the Worker transaction 
[2025-05-06T05:31:39.837Z] INFO: 0xDAf96cB61d28799b3B174C56D3E9335838E5e46D,0xEbF0701BFf3996B1E443Ce74959C8DEd304B1f11,0,3,0xfacce3dca73f4e05690000ae73b9431e206a9a9dff5f14bfc29105cf17ebb73b
[2025-05-06T05:31:39.837Z] INFO: in the TransferServiceNFT 
[2025-05-06T05:31:39.920Z] ERROR: Transaction failed: Returned error: already known
[2025-05-06T05:31:40.319Z] INFO: SaveTransaction------,0xDAf96cB61d28799b3B174C56D3E9335838E5e46D,0xEbF0701BFf3996B1E443Ce74959C8DEd304B1f11,0,0xcb432146859ed9b237f2f5f48bea1a02690e9b15ea81344e91ba5e7f7b81c5b3
[2025-05-06T05:31:40.555Z] ERROR: Transaction failed: Returned error: already known
[2025-05-06T05:31:40.587Z] INFO: in the Worker transaction 
[2025-05-06T05:31:40.587Z] INFO: 0xDAf96cB61d28799b3B174C56D3E9335838E5e46D,0xEbF0701BFf3996B1E443Ce74959C8DEd304B1f11,0,3,0xfacce3dca73f4e05690000ae73b9431e206a9a9dff5f14bfc29105cf17ebb73b
[2025-05-06T05:31:40.587Z] INFO: in the TransferServiceNFT 
[2025-05-06T05:31:41.045Z] INFO: SaveTransaction------,0xDAf96cB61d28799b3B174C56D3E9335838E5e46D,0xEbF0701BFf3996B1E443Ce74959C8DEd304B1f11,0,0xcb432146859ed9b237f2f5f48bea1a02690e9b15ea81344e91ba5e7f7b81c5b3
[2025-05-06T05:31:41.426Z] ERROR: Transaction failed: Returned error: already known
[2025-05-06T05:31:41.755Z] INFO: SaveTransaction------,0xDAf96cB61d28799b3B174C56D3E9335838E5e46D,0xEbF0701BFf3996B1E443Ce74959C8DEd304B1f11,0,0xcb432146859ed9b237f2f5f48bea1a02690e9b15ea81344e91ba5e7f7b81c5b3
[2025-05-06T05:31:42.222Z] ERROR: Transaction failed: Returned error: already known
[2025-05-06T05:31:42.486Z] INFO: SaveTransaction------,0xDAf96cB61d28799b3B174C56D3E9335838E5e46D,0xEbF0701BFf3996B1E443Ce74959C8DEd304B1f11,0,0xcb432146859ed9b237f2f5f48bea1a02690e9b15ea81344e91ba5e7f7b81c5b3
[2025-05-06T05:31:42.870Z] ERROR: Transaction failed: Returned error: already known
[2025-05-06T05:31:43.727Z] ERROR: Transaction failed: Returned error: already known
[2025-05-06T05:31:50.634Z] INFO: Service Updated ,[object Object],0xcb432146859ed9b237f2f5f48bea1a02690e9b15ea81344e91ba5e7f7b81c5b3
[2025-05-06T05:31:50.635Z] INFO: 15 Job Id in the Worker
[2025-05-06T05:31:50.635Z] INFO: Transaction completed: https://holesky.etherscan.io/tx/0xcb432146859ed9b237f2f5f48bea1a02690e9b15ea81344e91ba5e7f7b81c5b3
[2025-05-06T05:32:25.995Z] INFO: in the Worker transaction 
[2025-05-06T05:32:25.996Z] INFO: 0xDAf96cB61d28799b3B174C56D3E9335838E5e46D,0xEbF0701BFf3996B1E443Ce74959C8DEd304B1f11,0,3,0xfacce3dca73f4e05690000ae73b9431e206a9a9dff5f14bfc29105cf17ebb73b
[2025-05-06T05:32:25.996Z] INFO: in the TransferServiceNFT 
[2025-05-06T05:32:28.153Z] INFO: SaveTransaction------,0xDAf96cB61d28799b3B174C56D3E9335838E5e46D,0xEbF0701BFf3996B1E443Ce74959C8DEd304B1f11,0,0x9722f3a5eb0ffe3fd339d7f5ca648b3e326b1065c7ad41e1ec4c62949790113d
[2025-05-06T05:32:29.998Z] INFO: in the Worker transaction 
[2025-05-06T05:32:29.998Z] INFO: 0xDAf96cB61d28799b3B174C56D3E9335838E5e46D,0xEbF0701BFf3996B1E443Ce74959C8DEd304B1f11,0,4,0xfacce3dca73f4e05690000ae73b9431e206a9a9dff5f14bfc29105cf17ebb73b
[2025-05-06T05:32:29.999Z] INFO: in the TransferServiceNFT 
[2025-05-06T05:32:31.915Z] INFO: SaveTransaction------,0xDAf96cB61d28799b3B174C56D3E9335838E5e46D,0xEbF0701BFf3996B1E443Ce74959C8DEd304B1f11,0,0x1e90abb9058d108a3f534e1bd4749f585c32038502b32864d418a0a64963a791
[2025-05-06T05:32:32.674Z] INFO: in the Worker transaction 
[2025-05-06T05:32:32.674Z] INFO: 0xDAf96cB61d28799b3B174C56D3E9335838E5e46D,0xEbF0701BFf3996B1E443Ce74959C8DEd304B1f11,0,5,0xfacce3dca73f4e05690000ae73b9431e206a9a9dff5f14bfc29105cf17ebb73b
[2025-05-06T05:32:32.674Z] INFO: in the TransferServiceNFT 
[2025-05-06T05:32:33.018Z] ERROR: Transaction failed: Returned error: replacement transaction underpriced
[2025-05-06T05:32:34.579Z] INFO: SaveTransaction------,0xDAf96cB61d28799b3B174C56D3E9335838E5e46D,0xEbF0701BFf3996B1E443Ce74959C8DEd304B1f11,0,0x47a009e90ef811fb77f70ade7672c7840afa34eeb854eaa205ff209e4ea3792f
[2025-05-06T05:32:35.530Z] INFO: in the Worker transaction 
[2025-05-06T05:32:35.530Z] INFO: 0xDAf96cB61d28799b3B174C56D3E9335838E5e46D,0xEbF0701BFf3996B1E443Ce74959C8DEd304B1f11,0,6,0xfacce3dca73f4e05690000ae73b9431e206a9a9dff5f14bfc29105cf17ebb73b
[2025-05-06T05:32:35.530Z] INFO: in the TransferServiceNFT 
[2025-05-06T05:32:35.652Z] ERROR: Transaction failed: Returned error: replacement transaction underpriced
[2025-05-06T05:32:37.548Z] INFO: SaveTransaction------,0xDAf96cB61d28799b3B174C56D3E9335838E5e46D,0xEbF0701BFf3996B1E443Ce74959C8DEd304B1f11,0,0x47f5cf7fe92b25cbead933055c350bd15f9dc61ac633e14db7c13dfd4eea5b14
[2025-05-06T05:32:38.677Z] ERROR: Transaction failed: Returned error: replacement transaction underpriced
[2025-05-06T05:32:39.228Z] INFO: in the Worker transaction 
[2025-05-06T05:32:39.228Z] INFO: 0xDAf96cB61d28799b3B174C56D3E9335838E5e46D,0xEbF0701BFf3996B1E443Ce74959C8DEd304B1f11,0,7,0xfacce3dca73f4e05690000ae73b9431e206a9a9dff5f14bfc29105cf17ebb73b
[2025-05-06T05:32:39.228Z] INFO: in the TransferServiceNFT 
[2025-05-06T05:32:39.725Z] INFO: Service Updated ,[object Object],0x9722f3a5eb0ffe3fd339d7f5ca648b3e326b1065c7ad41e1ec4c62949790113d
[2025-05-06T05:32:39.726Z] INFO: 23 Job Id in the Worker
[2025-05-06T05:32:39.726Z] INFO: Transaction completed: https://holesky.etherscan.io/tx/0x9722f3a5eb0ffe3fd339d7f5ca648b3e326b1065c7ad41e1ec4c62949790113d
[2025-05-06T05:32:41.181Z] INFO: SaveTransaction------,0xDAf96cB61d28799b3B174C56D3E9335838E5e46D,0xEbF0701BFf3996B1E443Ce74959C8DEd304B1f11,0,0xc8de981a7e956f9d938c2ccc0d8a06c9d5050aaf09577d335a8dc9c410704cf4
[2025-05-06T05:32:42.941Z] INFO: in the Worker transaction 
[2025-05-06T05:32:42.941Z] INFO: 0xDAf96cB61d28799b3B174C56D3E9335838E5e46D,0xEbF0701BFf3996B1E443Ce74959C8DEd304B1f11,0,8,0xfacce3dca73f4e05690000ae73b9431e206a9a9dff5f14bfc29105cf17ebb73b
[2025-05-06T05:32:42.943Z] INFO: in the TransferServiceNFT 
[2025-05-06T05:32:44.978Z] INFO: SaveTransaction------,0xDAf96cB61d28799b3B174C56D3E9335838E5e46D,0xEbF0701BFf3996B1E443Ce74959C8DEd304B1f11,0,0x1fb4ee667b2b6980be3e889f64ec6923fbae033a2177a15dafede77db74faf66
[2025-05-06T05:32:46.126Z] ERROR: Transaction failed: Returned error: replacement transaction underpriced
[2025-05-06T05:33:00.829Z] INFO: in the Worker transaction 
[2025-05-06T05:33:00.830Z] INFO: 0xDAf96cB61d28799b3B174C56D3E9335838E5e46D,0xEbF0701BFf3996B1E443Ce74959C8DEd304B1f11,1,8,0xfacce3dca73f4e05690000ae73b9431e206a9a9dff5f14bfc29105cf17ebb73b
[2025-05-06T05:33:00.830Z] INFO: in the TransferServiceNFT 
[2025-05-06T05:33:01.844Z] INFO: Service Updated ,[object Object],0xc8de981a7e956f9d938c2ccc0d8a06c9d5050aaf09577d335a8dc9c410704cf4
[2025-05-06T05:33:01.844Z] INFO: 27 Job Id in the Worker
[2025-05-06T05:33:01.844Z] INFO: Transaction completed: https://holesky.etherscan.io/tx/0xc8de981a7e956f9d938c2ccc0d8a06c9d5050aaf09577d335a8dc9c410704cf4
[2025-05-06T05:33:02.857Z] INFO: SaveTransaction------,0xDAf96cB61d28799b3B174C56D3E9335838E5e46D,0xEbF0701BFf3996B1E443Ce74959C8DEd304B1f11,1,0xcb44b8a5d96a31fc4db04751e424512c54a93af849357717d705f394b964b7e2
[2025-05-06T05:33:03.849Z] INFO: in the Worker transaction 
[2025-05-06T05:33:03.849Z] INFO: 0xDAf96cB61d28799b3B174C56D3E9335838E5e46D,0xEbF0701BFf3996B1E443Ce74959C8DEd304B1f11,2,8,0xfacce3dca73f4e05690000ae73b9431e206a9a9dff5f14bfc29105cf17ebb73b
[2025-05-06T05:33:03.849Z] INFO: in the TransferServiceNFT 
[2025-05-06T05:33:05.885Z] INFO: SaveTransaction------,0xDAf96cB61d28799b3B174C56D3E9335838E5e46D,0xEbF0701BFf3996B1E443Ce74959C8DEd304B1f11,2,0xe00aeb98216ba27cc267112508afb5e1acb0b49f2583d7ac20a0144829a7a043
[2025-05-06T05:33:07.070Z] ERROR: Transaction failed: Returned error: replacement transaction underpriced
[2025-05-06T05:33:07.224Z] INFO: in the Worker transaction 
[2025-05-06T05:33:07.225Z] INFO: 0xDAf96cB61d28799b3B174C56D3E9335838E5e46D,0xEbF0701BFf3996B1E443Ce74959C8DEd304B1f11,2,1,0xfacce3dca73f4e05690000ae73b9431e206a9a9dff5f14bfc29105cf17ebb73b
[2025-05-06T05:33:07.225Z] INFO: in the TransferServiceNFT 
[2025-05-06T05:33:09.155Z] INFO: SaveTransaction------,0xDAf96cB61d28799b3B174C56D3E9335838E5e46D,0xEbF0701BFf3996B1E443Ce74959C8DEd304B1f11,2,0x3576bccb625bc3764c90ac5ddf14c3ca6b4b3b0de93af6b03cbb633d4805924b
[2025-05-06T05:33:09.611Z] INFO: in the Worker transaction 
[2025-05-06T05:33:09.612Z] INFO: 0xDAf96cB61d28799b3B174C56D3E9335838E5e46D,0xEbF0701BFf3996B1E443Ce74959C8DEd304B1f11,2,11,0xfacce3dca73f4e05690000ae73b9431e206a9a9dff5f14bfc29105cf17ebb73b
[2025-05-06T05:33:09.612Z] INFO: in the TransferServiceNFT 
[2025-05-06T05:33:10.647Z] ERROR: Transaction failed: Returned error: replacement transaction underpriced
[2025-05-06T05:33:11.514Z] INFO: SaveTransaction------,0xDAf96cB61d28799b3B174C56D3E9335838E5e46D,0xEbF0701BFf3996B1E443Ce74959C8DEd304B1f11,2,0x9a20cb06119ecec25560ec4b1795e997e8eb2da35e2021ecbc3c0b0d67131843
[2025-05-06T05:33:12.728Z] ERROR: Transaction failed: Returned error: replacement transaction underpriced
[2025-05-06T05:33:13.703Z] INFO: Service Updated ,[object Object],0xcb44b8a5d96a31fc4db04751e424512c54a93af849357717d705f394b964b7e2
[2025-05-06T05:33:13.704Z] INFO: 29 Job Id in the Worker
[2025-05-06T05:33:13.704Z] INFO: Transaction completed: https://holesky.etherscan.io/tx/0xcb44b8a5d96a31fc4db04751e424512c54a93af849357717d705f394b964b7e2
[2025-05-06T05:33:15.542Z] INFO: in the Worker transaction 
[2025-05-06T05:33:15.543Z] INFO: 0xDAf96cB61d28799b3B174C56D3E9335838E5e46D,0xEbF0701BFf3996B1E443Ce74959C8DEd304B1f11,2,4,0xfacce3dca73f4e05690000ae73b9431e206a9a9dff5f14bfc29105cf17ebb73b
[2025-05-06T05:33:15.543Z] INFO: in the TransferServiceNFT 
[2025-05-06T05:33:17.704Z] INFO: SaveTransaction------,0xDAf96cB61d28799b3B174C56D3E9335838E5e46D,0xEbF0701BFf3996B1E443Ce74959C8DEd304B1f11,2,0x76263f444e13004e6ebb6cbf58fb510cbe61e388c698e617f729fecaed5c5899
[2025-05-06T05:33:18.418Z] INFO: in the Worker transaction 
[2025-05-06T05:33:18.418Z] INFO: 0xDAf96cB61d28799b3B174C56D3E9335838E5e46D,0xEbF0701BFf3996B1E443Ce74959C8DEd304B1f11,2,5,0xfacce3dca73f4e05690000ae73b9431e206a9a9dff5f14bfc29105cf17ebb73b
[2025-05-06T05:33:18.419Z] INFO: in the TransferServiceNFT 
[2025-05-06T05:33:20.358Z] INFO: SaveTransaction------,0xDAf96cB61d28799b3B174C56D3E9335838E5e46D,0xEbF0701BFf3996B1E443Ce74959C8DEd304B1f11,2,0x16fb2c70d22e726d9f25eac4bb121fb0326c8871af734fb32ddb74a3a4ea3a54
[2025-05-06T05:33:21.634Z] ERROR: Transaction failed: Returned error: replacement transaction underpriced
[2025-05-06T05:33:27.243Z] INFO: Service Updated ,[object Object],0x76263f444e13004e6ebb6cbf58fb510cbe61e388c698e617f729fecaed5c5899
[2025-05-06T05:33:27.244Z] INFO: 33 Job Id in the Worker
[2025-05-06T05:33:27.244Z] INFO: Transaction completed: https://holesky.etherscan.io/tx/0x76263f444e13004e6ebb6cbf58fb510cbe61e388c698e617f729fecaed5c5899
[2025-05-06T05:35:18.862Z] INFO: ✅Server running on port 4000
[2025-05-06T05:35:18.888Z] INFO: ✅ MongoDB Connected
[2025-05-06T05:35:27.019Z] INFO: ✅Server running on port 4000
[2025-05-06T05:35:27.051Z] INFO: ✅ MongoDB Connected
[2025-05-06T05:35:47.720Z] INFO: ✅Server running on port 4000
[2025-05-06T05:35:47.751Z] INFO: ✅ MongoDB Connected
[2025-05-06T05:35:58.667Z] INFO: in the Worker transaction 
[2025-05-06T05:35:58.668Z] INFO: 0xDAf96cB61d28799b3B174C56D3E9335838E5e46D,0xEbF0701BFf3996B1E443Ce74959C8DEd304B1f11,2,5,0xfacce3dca73f4e05690000ae73b9431e206a9a9dff5f14bfc29105cf17ebb73b
[2025-05-06T05:35:58.669Z] INFO: in the TransferServiceNFT 
[2025-05-06T05:36:00.727Z] INFO: SaveTransaction------,0xDAf96cB61d28799b3B174C56D3E9335838E5e46D,0xEbF0701BFf3996B1E443Ce74959C8DEd304B1f11,2,0x5d59aaf2c46ffd299b7857dca8c906cc0ece6f710252579c8ff45460c9f6717d
[2025-05-06T05:36:00.998Z] INFO: in the Worker transaction 
[2025-05-06T05:36:00.998Z] INFO: 0xDAf96cB61d28799b3B174C56D3E9335838E5e46D,0xEbF0701BFf3996B1E443Ce74959C8DEd304B1f11,2,5,0xfacce3dca73f4e05690000ae73b9431e206a9a9dff5f14bfc29105cf17ebb73b
[2025-05-06T05:36:00.999Z] INFO: in the TransferServiceNFT 
[2025-05-06T05:36:02.933Z] INFO: SaveTransaction------,0xDAf96cB61d28799b3B174C56D3E9335838E5e46D,0xEbF0701BFf3996B1E443Ce74959C8DEd304B1f11,2,0x5d59aaf2c46ffd299b7857dca8c906cc0ece6f710252579c8ff45460c9f6717d
[2025-05-06T05:36:04.040Z] ERROR: Transaction failed: Returned error: already known
[2025-05-06T05:36:04.168Z] INFO: in the Worker transaction 
[2025-05-06T05:36:04.169Z] INFO: 0xDAf96cB61d28799b3B174C56D3E9335838E5e46D,0xEbF0701BFf3996B1E443Ce74959C8DEd304B1f11,2,5,0xfacce3dca73f4e05690000ae73b9431e206a9a9dff5f14bfc29105cf17ebb73b
[2025-05-06T05:36:04.169Z] INFO: in the TransferServiceNFT 
[2025-05-06T05:36:06.139Z] INFO: SaveTransaction------,0xDAf96cB61d28799b3B174C56D3E9335838E5e46D,0xEbF0701BFf3996B1E443Ce74959C8DEd304B1f11,2,0xa158ed8f9b836b57eb0b6bb935879a8a811bce976b01e17be8c3a96adaa8e2c9
[2025-05-06T05:36:07.179Z] INFO: in the Worker transaction 
[2025-05-06T05:36:07.180Z] INFO: 0xDAf96cB61d28799b3B174C56D3E9335838E5e46D,0xEbF0701BFf3996B1E443Ce74959C8DEd304B1f11,2,5,0xfacce3dca73f4e05690000ae73b9431e206a9a9dff5f14bfc29105cf17ebb73b
[2025-05-06T05:36:07.180Z] INFO: in the TransferServiceNFT 
[2025-05-06T05:36:09.015Z] INFO: in the Worker transaction 
[2025-05-06T05:36:09.016Z] INFO: 0xDAf96cB61d28799b3B174C56D3E9335838E5e46D,0xEbF0701BFf3996B1E443Ce74959C8DEd304B1f11,2,5,0xfacce3dca73f4e05690000ae73b9431e206a9a9dff5f14bfc29105cf17ebb73b
[2025-05-06T05:36:09.017Z] INFO: in the TransferServiceNFT 
[2025-05-06T05:36:09.100Z] INFO: SaveTransaction------,0xDAf96cB61d28799b3B174C56D3E9335838E5e46D,0xEbF0701BFf3996B1E443Ce74959C8DEd304B1f11,2,0x7e97333988127a7f01ca1627039ebf263386a7ba6104db55f51b4aa6559eeaf9
[2025-05-06T05:36:10.941Z] INFO: SaveTransaction------,0xDAf96cB61d28799b3B174C56D3E9335838E5e46D,0xEbF0701BFf3996B1E443Ce74959C8DEd304B1f11,2,0x7e97333988127a7f01ca1627039ebf263386a7ba6104db55f51b4aa6559eeaf9
[2025-05-06T05:36:11.251Z] INFO: in the Worker transaction 
[2025-05-06T05:36:11.251Z] INFO: 0xDAf96cB61d28799b3B174C56D3E9335838E5e46D,0xEbF0701BFf3996B1E443Ce74959C8DEd304B1f11,2,5,0xfacce3dca73f4e05690000ae73b9431e206a9a9dff5f14bfc29105cf17ebb73b
[2025-05-06T05:36:11.251Z] INFO: in the TransferServiceNFT 
[2025-05-06T05:36:12.061Z] ERROR: Transaction failed: Returned error: already known
[2025-05-06T05:36:13.176Z] INFO: SaveTransaction------,0xDAf96cB61d28799b3B174C56D3E9335838E5e46D,0xEbF0701BFf3996B1E443Ce74959C8DEd304B1f11,2,0x7f1ce4c28026e0c3f6450b6ad28f9029c52b2b916ffb81760b6931794080ad25
[2025-05-06T05:36:13.321Z] INFO: in the Worker transaction 
[2025-05-06T05:36:13.322Z] INFO: 0xDAf96cB61d28799b3B174C56D3E9335838E5e46D,0xEbF0701BFf3996B1E443Ce74959C8DEd304B1f11,2,5,0xfacce3dca73f4e05690000ae73b9431e206a9a9dff5f14bfc29105cf17ebb73b
[2025-05-06T05:36:13.322Z] INFO: in the TransferServiceNFT 
[2025-05-06T05:36:15.236Z] INFO: SaveTransaction------,0xDAf96cB61d28799b3B174C56D3E9335838E5e46D,0xEbF0701BFf3996B1E443Ce74959C8DEd304B1f11,2,0x7f1ce4c28026e0c3f6450b6ad28f9029c52b2b916ffb81760b6931794080ad25
[2025-05-06T05:36:16.404Z] ERROR: Transaction failed: Returned error: already known
[2025-05-06T05:36:18.934Z] INFO: in the Worker transaction 
[2025-05-06T05:36:18.935Z] INFO: 0xDAf96cB61d28799b3B174C56D3E9335838E5e46D,0xEbF0701BFf3996B1E443Ce74959C8DEd304B1f11,2,6,0xfacce3dca73f4e05690000ae73b9431e206a9a9dff5f14bfc29105cf17ebb73b
[2025-05-06T05:36:18.935Z] INFO: in the TransferServiceNFT 
[2025-05-06T05:36:20.937Z] INFO: SaveTransaction------,0xDAf96cB61d28799b3B174C56D3E9335838E5e46D,0xEbF0701BFf3996B1E443Ce74959C8DEd304B1f11,2,0x49ae934ba2b2113ec1cdf22c17a2cb0f205724aa4663e95fd39b53510fc7f725
[2025-05-06T05:36:23.136Z] INFO: in the Worker transaction 
[2025-05-06T05:36:23.136Z] INFO: 0xDAf96cB61d28799b3B174C56D3E9335838E5e46D,0xEbF0701BFf3996B1E443Ce74959C8DEd304B1f11,2,1,0xfacce3dca73f4e05690000ae73b9431e206a9a9dff5f14bfc29105cf17ebb73b
[2025-05-06T05:36:23.137Z] INFO: in the TransferServiceNFT 
[2025-05-06T05:36:25.142Z] INFO: SaveTransaction------,0xDAf96cB61d28799b3B174C56D3E9335838E5e46D,0xEbF0701BFf3996B1E443Ce74959C8DEd304B1f11,2,0x6f652a61b3b26eae1b4d2ff11ee8deb17dc75669d8c28c5515aeb9dacf9227fa
[2025-05-06T05:36:25.845Z] INFO: in the Worker transaction 
[2025-05-06T05:36:25.846Z] INFO: 0xDAf96cB61d28799b3B174C56D3E9335838E5e46D,0xEbF0701BFf3996B1E443Ce74959C8DEd304B1f11,2,2,0xfacce3dca73f4e05690000ae73b9431e206a9a9dff5f14bfc29105cf17ebb73b
[2025-05-06T05:36:25.846Z] INFO: in the TransferServiceNFT 
[2025-05-06T05:36:26.328Z] INFO: Service Updated ,[object Object],0x5d59aaf2c46ffd299b7857dca8c906cc0ece6f710252579c8ff45460c9f6717d
[2025-05-06T05:36:26.328Z] INFO: 35 Job Id in the Worker
[2025-05-06T05:36:26.328Z] INFO: Transaction completed: https://holesky.etherscan.io/tx/0x5d59aaf2c46ffd299b7857dca8c906cc0ece6f710252579c8ff45460c9f6717d
[2025-05-06T05:36:26.511Z] INFO: Service Updated ,[object Object],0x49ae934ba2b2113ec1cdf22c17a2cb0f205724aa4663e95fd39b53510fc7f725
[2025-05-06T05:36:26.512Z] INFO: 42 Job Id in the Worker
[2025-05-06T05:36:26.512Z] INFO: Transaction completed: https://holesky.etherscan.io/tx/0x49ae934ba2b2113ec1cdf22c17a2cb0f205724aa4663e95fd39b53510fc7f725
[2025-05-06T05:36:26.580Z] INFO: Service Updated ,[object Object],0xa158ed8f9b836b57eb0b6bb935879a8a811bce976b01e17be8c3a96adaa8e2c9
[2025-05-06T05:36:26.580Z] INFO: 37 Job Id in the Worker
[2025-05-06T05:36:26.580Z] INFO: Transaction completed: https://holesky.etherscan.io/tx/0xa158ed8f9b836b57eb0b6bb935879a8a811bce976b01e17be8c3a96adaa8e2c9
[2025-05-06T05:36:26.594Z] INFO: Service Updated ,[object Object],0x7e97333988127a7f01ca1627039ebf263386a7ba6104db55f51b4aa6559eeaf9
[2025-05-06T05:36:26.594Z] INFO: 38 Job Id in the Worker
[2025-05-06T05:36:26.594Z] INFO: Transaction completed: https://holesky.etherscan.io/tx/0x7e97333988127a7f01ca1627039ebf263386a7ba6104db55f51b4aa6559eeaf9
[2025-05-06T05:36:26.664Z] INFO: Service Updated ,[object Object],0x7f1ce4c28026e0c3f6450b6ad28f9029c52b2b916ffb81760b6931794080ad25
[2025-05-06T05:36:26.664Z] INFO: 40 Job Id in the Worker
[2025-05-06T05:36:26.664Z] INFO: Transaction completed: https://holesky.etherscan.io/tx/0x7f1ce4c28026e0c3f6450b6ad28f9029c52b2b916ffb81760b6931794080ad25
[2025-05-06T05:36:27.752Z] INFO: SaveTransaction------,0xDAf96cB61d28799b3B174C56D3E9335838E5e46D,0xEbF0701BFf3996B1E443Ce74959C8DEd304B1f11,2,0x6b2d71363596a64a89c99546c250731002fd6c5ccd5eb67ce11b54109fc56a61
[2025-05-06T05:36:29.126Z] ERROR: Transaction failed: Returned error: replacement transaction underpriced
[2025-05-06T05:36:51.863Z] INFO: Service Updated ,[object Object],0x6f652a61b3b26eae1b4d2ff11ee8deb17dc75669d8c28c5515aeb9dacf9227fa
[2025-05-06T05:36:51.863Z] INFO: 43 Job Id in the Worker
[2025-05-06T05:36:51.864Z] INFO: Transaction completed: https://holesky.etherscan.io/tx/0x6f652a61b3b26eae1b4d2ff11ee8deb17dc75669d8c28c5515aeb9dacf9227fa
[2025-05-06T05:38:02.372Z] INFO: in the Worker transaction 
[2025-05-06T05:38:02.373Z] INFO: 0xDAf96cB61d28799b3B174C56D3E9335838E5e46D,0xEbF0701BFf3996B1E443Ce74959C8DEd304B1f11,2,1,0xfacce3dca73f4e05690000ae73b9431e206a9a9dff5f14bfc29105cf17ebb73b
[2025-05-06T05:38:02.373Z] INFO: in the TransferServiceNFT 
[2025-05-06T05:38:03.610Z] INFO: in the Worker transaction 
[2025-05-06T05:38:03.610Z] INFO: 0xDAf96cB61d28799b3B174C56D3E9335838E5e46D,0xEbF0701BFf3996B1E443Ce74959C8DEd304B1f11,2,1,0xfacce3dca73f4e05690000ae73b9431e206a9a9dff5f14bfc29105cf17ebb73b
[2025-05-06T05:38:03.610Z] INFO: in the TransferServiceNFT 
[2025-05-06T05:38:04.416Z] INFO: SaveTransaction------,0xDAf96cB61d28799b3B174C56D3E9335838E5e46D,0xEbF0701BFf3996B1E443Ce74959C8DEd304B1f11,2,0xf2a333cf6d708cd3196824d0a3d16cc89060c4f4e59e9c24fe5658c07387ae47
[2025-05-06T05:38:04.919Z] INFO: in the Worker transaction 
[2025-05-06T05:38:04.919Z] INFO: 0xDAf96cB61d28799b3B174C56D3E9335838E5e46D,0xEbF0701BFf3996B1E443Ce74959C8DEd304B1f11,2,1,0xfacce3dca73f4e05690000ae73b9431e206a9a9dff5f14bfc29105cf17ebb73b
[2025-05-06T05:38:04.919Z] INFO: in the TransferServiceNFT 
[2025-05-06T05:38:05.557Z] INFO: SaveTransaction------,0xDAf96cB61d28799b3B174C56D3E9335838E5e46D,0xEbF0701BFf3996B1E443Ce74959C8DEd304B1f11,2,0xf2a333cf6d708cd3196824d0a3d16cc89060c4f4e59e9c24fe5658c07387ae47
[2025-05-06T05:38:06.645Z] ERROR: Transaction failed: Returned error: already known
[2025-05-06T05:38:06.729Z] INFO: in the Worker transaction 
[2025-05-06T05:38:06.730Z] INFO: 0xDAf96cB61d28799b3B174C56D3E9335838E5e46D,0xEbF0701BFf3996B1E443Ce74959C8DEd304B1f11,2,1,0xfacce3dca73f4e05690000ae73b9431e206a9a9dff5f14bfc29105cf17ebb73b
[2025-05-06T05:38:06.730Z] INFO: in the TransferServiceNFT 
[2025-05-06T05:38:06.812Z] INFO: SaveTransaction------,0xDAf96cB61d28799b3B174C56D3E9335838E5e46D,0xEbF0701BFf3996B1E443Ce74959C8DEd304B1f11,2,0x5f883df2a8bb89e12bd870a28946db471f3570ef4e8063d45c4fe21ed88ec138
[2025-05-06T05:38:07.976Z] INFO: in the Worker transaction 
[2025-05-06T05:38:07.976Z] INFO: 0xDAf96cB61d28799b3B174C56D3E9335838E5e46D,0xEbF0701BFf3996B1E443Ce74959C8DEd304B1f11,2,1,0xfacce3dca73f4e05690000ae73b9431e206a9a9dff5f14bfc29105cf17ebb73b
[2025-05-06T05:38:07.976Z] INFO: in the TransferServiceNFT 
[2025-05-06T05:38:08.703Z] INFO: SaveTransaction------,0xDAf96cB61d28799b3B174C56D3E9335838E5e46D,0xEbF0701BFf3996B1E443Ce74959C8DEd304B1f11,2,0xc119aad9bec59466d51e82b43fdf0a73e600847a98746b2f2318112e54c9556d
[2025-05-06T05:38:09.675Z] INFO: in the Worker transaction 
[2025-05-06T05:38:09.676Z] INFO: 0xDAf96cB61d28799b3B174C56D3E9335838E5e46D,0xEbF0701BFf3996B1E443Ce74959C8DEd304B1f11,2,1,0xfacce3dca73f4e05690000ae73b9431e206a9a9dff5f14bfc29105cf17ebb73b
[2025-05-06T05:38:09.676Z] INFO: in the TransferServiceNFT 
[2025-05-06T05:38:09.909Z] INFO: SaveTransaction------,0xDAf96cB61d28799b3B174C56D3E9335838E5e46D,0xEbF0701BFf3996B1E443Ce74959C8DEd304B1f11,2,0xc119aad9bec59466d51e82b43fdf0a73e600847a98746b2f2318112e54c9556d
[2025-05-06T05:38:11.077Z] ERROR: Transaction failed: Returned error: already known
[2025-05-06T05:38:11.156Z] INFO: in the Worker transaction 
[2025-05-06T05:38:11.157Z] INFO: 0xDAf96cB61d28799b3B174C56D3E9335838E5e46D,0xEbF0701BFf3996B1E443Ce74959C8DEd304B1f11,2,1,0xfacce3dca73f4e05690000ae73b9431e206a9a9dff5f14bfc29105cf17ebb73b
[2025-05-06T05:38:11.157Z] INFO: in the TransferServiceNFT 
[2025-05-06T05:38:11.668Z] INFO: SaveTransaction------,0xDAf96cB61d28799b3B174C56D3E9335838E5e46D,0xEbF0701BFf3996B1E443Ce74959C8DEd304B1f11,2,0x8fd372d2feb1001e1091164303381da65287c947260ae0132a4c7defa8d4351c
[2025-05-06T05:38:12.521Z] INFO: in the Worker transaction 
[2025-05-06T05:38:12.521Z] INFO: 0xDAf96cB61d28799b3B174C56D3E9335838E5e46D,0xEbF0701BFf3996B1E443Ce74959C8DEd304B1f11,2,1,0xfacce3dca73f4e05690000ae73b9431e206a9a9dff5f14bfc29105cf17ebb73b
[2025-05-06T05:38:12.521Z] INFO: in the TransferServiceNFT 
[2025-05-06T05:38:13.059Z] INFO: SaveTransaction------,0xDAf96cB61d28799b3B174C56D3E9335838E5e46D,0xEbF0701BFf3996B1E443Ce74959C8DEd304B1f11,2,0x8fd372d2feb1001e1091164303381da65287c947260ae0132a4c7defa8d4351c
[2025-05-06T05:38:14.146Z] ERROR: Transaction failed: Returned error: already known
[2025-05-06T05:38:14.408Z] INFO: SaveTransaction------,0xDAf96cB61d28799b3B174C56D3E9335838E5e46D,0xEbF0701BFf3996B1E443Ce74959C8DEd304B1f11,2,0x29ace38661a22ffb68e34a04c6b7862c4a8b1d6f7e4f6a812fc49b8b5bb85faa
[2025-05-06T05:38:38.890Z] INFO: Service Updated ,[object Object],0x29ace38661a22ffb68e34a04c6b7862c4a8b1d6f7e4f6a812fc49b8b5bb85faa
[2025-05-06T05:38:38.891Z] INFO: 52 Job Id in the Worker
[2025-05-06T05:38:38.891Z] INFO: Transaction completed: https://holesky.etherscan.io/tx/0x29ace38661a22ffb68e34a04c6b7862c4a8b1d6f7e4f6a812fc49b8b5bb85faa
[2025-05-06T05:38:39.227Z] INFO: Service Updated ,[object Object],0xc119aad9bec59466d51e82b43fdf0a73e600847a98746b2f2318112e54c9556d
[2025-05-06T05:38:39.227Z] INFO: 48 Job Id in the Worker
[2025-05-06T05:38:39.227Z] INFO: Transaction completed: https://holesky.etherscan.io/tx/0xc119aad9bec59466d51e82b43fdf0a73e600847a98746b2f2318112e54c9556d
[2025-05-06T05:38:39.228Z] INFO: Service Updated ,[object Object],0x8fd372d2feb1001e1091164303381da65287c947260ae0132a4c7defa8d4351c
[2025-05-06T05:38:39.229Z] INFO: 50 Job Id in the Worker
[2025-05-06T05:38:39.229Z] INFO: Transaction completed: https://holesky.etherscan.io/tx/0x8fd372d2feb1001e1091164303381da65287c947260ae0132a4c7defa8d4351c
[2025-05-06T05:38:39.426Z] INFO: Service Updated ,[object Object],0x5f883df2a8bb89e12bd870a28946db471f3570ef4e8063d45c4fe21ed88ec138
[2025-05-06T05:38:39.426Z] INFO: 47 Job Id in the Worker
[2025-05-06T05:38:39.426Z] INFO: Transaction completed: https://holesky.etherscan.io/tx/0x5f883df2a8bb89e12bd870a28946db471f3570ef4e8063d45c4fe21ed88ec138
[2025-05-06T05:50:35.268Z] ERROR: Transaction failed: Transaction was not mined within 750 seconds. Please make sure your transaction was properly sent and there are no previous pending transaction for the same account. However, be aware that it might still be mined!
	Transaction Hash: 0xf2a333cf6d708cd3196824d0a3d16cc89060c4f4e59e9c24fe5658c07387ae47
[2025-05-06T05:59:17.113Z] INFO: ✅Server running on port 4000
[2025-05-06T05:59:17.140Z] INFO: ✅ MongoDB Connected
[2025-05-06T06:16:43.830Z] INFO: ✅Server running on port 4000
[2025-05-06T06:16:43.863Z] INFO: ✅ MongoDB Connected
[2025-05-06T06:17:17.557Z] INFO: ✅Server running on port 4000
[2025-05-06T06:17:17.610Z] INFO: ✅ MongoDB Connected
[2025-05-06T06:24:13.551Z] INFO: ✅Server running on port 4000
[2025-05-06T06:24:13.586Z] INFO: ✅ MongoDB Connected
