[2025-04-18T09:21:46.788Z] INFO: ✅Server running on port 4000
[2025-04-18T09:22:34.171Z] INFO: ✅Server running on port 4000
[2025-04-18T09:22:34.179Z] INFO: ✅MongoDB Connected
[2025-04-18T09:25:28.608Z] INFO: ✅Server running on port 4000
[2025-04-18T09:25:28.619Z] INFO: ✅MongoDB Connected
[2025-04-18T09:26:00.363Z] INFO: In the Middlewares....
[2025-04-18T09:26:00.851Z] INFO: Adding transaction to Queue 1...
[2025-04-18T09:26:00.869Z] INFO: in the Workerrrr transaction 
[2025-04-18T09:26:00.869Z] INFO: in the Service transaction 
[2025-04-18T09:26:04.387Z] INFO: SaveTransaction------,0xDAf96cB61d28799b3B174C56D3E9335838E5e46D,0xEbF0701BFf3996B1E443Ce74959C8DEd304B1f11,61,0x1c166d4a1c822a0d86c4c3aa9792233ed384801d6c7d9f329c7187bfb8ff870b
[2025-04-18T09:26:13.853Z] INFO: In the Middlewares....
[2025-04-18T09:26:14.214Z] INFO: Adding transaction to Queue 1...
[2025-04-18T09:26:14.677Z] INFO: In the Middlewares....
[2025-04-18T09:26:15.032Z] INFO: Adding transaction to Queue 1...
[2025-04-18T09:26:15.366Z] INFO: In the Middlewares....
[2025-04-18T09:26:15.867Z] INFO: Adding transaction to Queue 1...
[2025-04-18T09:26:16.042Z] INFO: Service Updated,[object Object],0x1c166d4a1c822a0d86c4c3aa9792233ed384801d6c7d9f329c7187bfb8ff870b
[2025-04-18T09:26:16.042Z] INFO: 1 Job Id in the Worker
[2025-04-18T09:26:16.043Z] INFO: Transaction completed: 0x1c166d4a1c822a0d86c4c3aa9792233ed384801d6c7d9f329c7187bfb8ff870b
[2025-04-18T09:26:16.049Z] INFO: in the Workerrrr transaction 
[2025-04-18T09:26:16.049Z] INFO: in the Service transaction 
[2025-04-18T09:26:28.190Z] INFO: SaveTransaction------,0xDAf96cB61d28799b3B174C56D3E9335838E5e46D,0xEbF0701BFf3996B1E443Ce74959C8DEd304B1f11,61,0x38ab4d7c4cff73f9a31dae5c632eeba97eea2ec597553c52283595887b4611cc
[2025-04-18T09:27:02.478Z] INFO: Service Updated,[object Object],0x38ab4d7c4cff73f9a31dae5c632eeba97eea2ec597553c52283595887b4611cc
[2025-04-18T09:27:02.479Z] INFO: 2 Job Id in the Worker
[2025-04-18T09:27:02.479Z] INFO: Transaction completed: 0x38ab4d7c4cff73f9a31dae5c632eeba97eea2ec597553c52283595887b4611cc
[2025-04-18T09:27:02.480Z] INFO: in the Workerrrr transaction 
[2025-04-18T09:27:02.480Z] INFO: in the Service transaction 
[2025-04-18T09:27:07.633Z] INFO: SaveTransaction------,0xDAf96cB61d28799b3B174C56D3E9335838E5e46D,0xEbF0701BFf3996B1E443Ce74959C8DEd304B1f11,61,0x1e56221fedc15c1f3ab49c63c0b8a79efc829ff1e6d05e86814350d193b25b23
[2025-04-18T09:27:26.485Z] INFO: Service Updated,[object Object],0x1e56221fedc15c1f3ab49c63c0b8a79efc829ff1e6d05e86814350d193b25b23
[2025-04-18T09:27:26.485Z] INFO: 3 Job Id in the Worker
[2025-04-18T09:27:26.485Z] INFO: Transaction completed: 0x1e56221fedc15c1f3ab49c63c0b8a79efc829ff1e6d05e86814350d193b25b23
[2025-04-18T09:27:26.490Z] INFO: in the Workerrrr transaction 
[2025-04-18T09:27:26.490Z] INFO: in the Service transaction 
[2025-04-18T09:27:29.181Z] INFO: SaveTransaction------,0xDAf96cB61d28799b3B174C56D3E9335838E5e46D,0xEbF0701BFf3996B1E443Ce74959C8DEd304B1f11,61,0xba09ec5a50d0f9cc8b674df8daa9ae150d4f2b76650bff5788b9649c381cf007
[2025-04-18T09:27:38.104Z] INFO: Service Updated,[object Object],0xba09ec5a50d0f9cc8b674df8daa9ae150d4f2b76650bff5788b9649c381cf007
[2025-04-18T09:27:38.104Z] INFO: 4 Job Id in the Worker
[2025-04-18T09:27:38.105Z] INFO: Transaction completed: 0xba09ec5a50d0f9cc8b674df8daa9ae150d4f2b76650bff5788b9649c381cf007
[2025-04-18T09:28:19.092Z] INFO: In the Middlewares....
[2025-04-18T09:28:19.514Z] INFO: Adding transaction to Queue 1...
[2025-04-18T09:28:19.519Z] INFO: in the Workerrrr transaction 
[2025-04-18T09:28:19.519Z] INFO: in the Service transaction 
[2025-04-18T09:28:19.588Z] INFO: In the Middlewares....
[2025-04-18T09:28:20.201Z] INFO: Adding transaction to Queue 1...
[2025-04-18T09:28:20.541Z] INFO: In the Middlewares....
[2025-04-18T09:28:21.916Z] INFO: Adding transaction to Queue 1...
[2025-04-18T09:28:23.153Z] INFO: SaveTransaction------,0xDAf96cB61d28799b3B174C56D3E9335838E5e46D,0xEbF0701BFf3996B1E443Ce74959C8DEd304B1f11,1,0x531b56e0be4c8ce54f664274ec13601a8e9be11559650148e3dfea1dd8a7bf5f
[2025-04-18T09:28:24.082Z] INFO: In the Middlewares....
[2025-04-18T09:28:24.525Z] INFO: Adding transaction to Queue 1...
[2025-04-18T09:28:25.285Z] INFO: In the Middlewares....
[2025-04-18T09:28:25.663Z] INFO: Adding transaction to Queue 1...
[2025-04-18T09:28:26.586Z] INFO: In the Middlewares....
[2025-04-18T09:28:27.366Z] INFO: Adding transaction to Queue 1...
[2025-04-18T09:28:28.362Z] INFO: In the Middlewares....
[2025-04-18T09:28:28.758Z] INFO: Adding transaction to Queue 1...
[2025-04-18T09:28:29.266Z] INFO: In the Middlewares....
[2025-04-18T09:28:29.752Z] INFO: Adding transaction to Queue 1...
[2025-04-18T09:28:30.163Z] INFO: In the Middlewares....
[2025-04-18T09:28:30.630Z] INFO: Adding transaction to Queue 1...
[2025-04-18T09:28:31.026Z] INFO: In the Middlewares....
[2025-04-18T09:28:31.397Z] INFO: Adding transaction to Queue 1...
[2025-04-18T09:28:31.834Z] INFO: In the Middlewares....
[2025-04-18T09:28:32.332Z] INFO: Adding transaction to Queue 1...
[2025-04-18T09:28:32.578Z] INFO: In the Middlewares....
[2025-04-18T09:28:32.949Z] INFO: Adding transaction to Queue 1...
[2025-04-18T09:28:33.338Z] INFO: In the Middlewares....
[2025-04-18T09:28:33.699Z] INFO: Adding transaction to Queue 1...
[2025-04-18T09:28:34.115Z] INFO: In the Middlewares....
[2025-04-18T09:28:34.484Z] INFO: Adding transaction to Queue 1...
[2025-04-18T09:28:34.967Z] INFO: In the Middlewares....
[2025-04-18T09:28:35.343Z] INFO: Adding transaction to Queue 1...
[2025-04-18T09:28:35.755Z] INFO: In the Middlewares....
[2025-04-18T09:28:36.144Z] INFO: Adding transaction to Queue 1...
[2025-04-18T09:28:37.402Z] INFO: In the Middlewares....
[2025-04-18T09:28:37.775Z] INFO: Adding transaction to Queue 1...
[2025-04-18T09:28:38.043Z] INFO: Service Updated,[object Object],0x531b56e0be4c8ce54f664274ec13601a8e9be11559650148e3dfea1dd8a7bf5f
[2025-04-18T09:28:38.043Z] INFO: 5 Job Id in the Worker
[2025-04-18T09:28:38.043Z] INFO: Transaction completed: 0x531b56e0be4c8ce54f664274ec13601a8e9be11559650148e3dfea1dd8a7bf5f
[2025-04-18T09:28:38.045Z] INFO: in the Workerrrr transaction 
[2025-04-18T09:28:38.045Z] INFO: in the Service transaction 
[2025-04-18T09:28:40.700Z] INFO: In the Middlewares....
[2025-04-18T09:28:41.106Z] INFO: Adding transaction to Queue 1...
[2025-04-18T09:28:41.726Z] INFO: SaveTransaction------,0xDAf96cB61d28799b3B174C56D3E9335838E5e46D,0xEbF0701BFf3996B1E443Ce74959C8DEd304B1f11,1,0x2ed8b30553a237cfabe1f5ca678f30b5b6318db1abf34939580720c974a6d76d
[2025-04-18T09:28:49.665Z] INFO: Service Updated,[object Object],0x2ed8b30553a237cfabe1f5ca678f30b5b6318db1abf34939580720c974a6d76d
[2025-04-18T09:28:49.665Z] INFO: 6 Job Id in the Worker
[2025-04-18T09:28:49.665Z] INFO: Transaction completed: 0x2ed8b30553a237cfabe1f5ca678f30b5b6318db1abf34939580720c974a6d76d
[2025-04-18T09:28:49.667Z] INFO: in the Workerrrr transaction 
[2025-04-18T09:28:49.667Z] INFO: in the Service transaction 
[2025-04-18T09:28:55.247Z] INFO: SaveTransaction------,0xDAf96cB61d28799b3B174C56D3E9335838E5e46D,0xEbF0701BFf3996B1E443Ce74959C8DEd304B1f11,1,0x50808664b9d1502038258e6e93397d001d95f088a0923135da5003c87eedac1a
[2025-04-18T09:29:03.811Z] INFO: Service Updated,[object Object],0x50808664b9d1502038258e6e93397d001d95f088a0923135da5003c87eedac1a
[2025-04-18T09:29:03.812Z] INFO: 7 Job Id in the Worker
[2025-04-18T09:29:03.813Z] INFO: Transaction completed: 0x50808664b9d1502038258e6e93397d001d95f088a0923135da5003c87eedac1a
[2025-04-18T09:29:03.815Z] INFO: in the Workerrrr transaction 
[2025-04-18T09:29:03.815Z] INFO: in the Service transaction 
[2025-04-18T09:29:10.206Z] INFO: SaveTransaction------,0xDAf96cB61d28799b3B174C56D3E9335838E5e46D,0xEbF0701BFf3996B1E443Ce74959C8DEd304B1f11,1,0xd73b80ed60157e411452fad65fb94d7e24c10943a528a601e6f59b3e37094090
[2025-04-18T09:29:27.912Z] INFO: Service Updated,[object Object],0xd73b80ed60157e411452fad65fb94d7e24c10943a528a601e6f59b3e37094090
[2025-04-18T09:29:27.912Z] INFO: 8 Job Id in the Worker
[2025-04-18T09:29:27.912Z] INFO: Transaction completed: 0xd73b80ed60157e411452fad65fb94d7e24c10943a528a601e6f59b3e37094090
[2025-04-18T09:29:27.913Z] INFO: in the Workerrrr transaction 
[2025-04-18T09:29:27.914Z] INFO: in the Service transaction 
[2025-04-18T09:29:31.704Z] INFO: SaveTransaction------,0xDAf96cB61d28799b3B174C56D3E9335838E5e46D,0xEbF0701BFf3996B1E443Ce74959C8DEd304B1f11,1,0x077665f46964f9900606ecfb502d6bda85d6ddff10d89797481627ae6ba6ac5b
[2025-04-18T09:29:39.492Z] INFO: Service Updated,[object Object],0x077665f46964f9900606ecfb502d6bda85d6ddff10d89797481627ae6ba6ac5b
[2025-04-18T09:29:39.492Z] INFO: 9 Job Id in the Worker
[2025-04-18T09:29:39.492Z] INFO: Transaction completed: 0x077665f46964f9900606ecfb502d6bda85d6ddff10d89797481627ae6ba6ac5b
[2025-04-18T09:29:39.494Z] INFO: in the Workerrrr transaction 
[2025-04-18T09:29:39.494Z] INFO: in the Service transaction 
[2025-04-18T09:29:43.229Z] INFO: SaveTransaction------,0xDAf96cB61d28799b3B174C56D3E9335838E5e46D,0xEbF0701BFf3996B1E443Ce74959C8DEd304B1f11,1,0xb804d863fcf3cb578d5ad16841bbd45983299b7a553d01778785066c249b99d7
[2025-04-18T09:29:52.094Z] INFO: Service Updated,[object Object],0xb804d863fcf3cb578d5ad16841bbd45983299b7a553d01778785066c249b99d7
[2025-04-18T09:29:52.094Z] INFO: 10 Job Id in the Worker
[2025-04-18T09:29:52.094Z] INFO: Transaction completed: 0xb804d863fcf3cb578d5ad16841bbd45983299b7a553d01778785066c249b99d7
[2025-04-18T09:29:52.097Z] INFO: in the Workerrrr transaction 
[2025-04-18T09:29:52.097Z] INFO: in the Service transaction 
[2025-04-18T09:29:55.869Z] INFO: SaveTransaction------,0xDAf96cB61d28799b3B174C56D3E9335838E5e46D,0xEbF0701BFf3996B1E443Ce74959C8DEd304B1f11,1,0xdc642a768e52bbcfc31c5f15bd88605ea5480649ce875197509eb45c1d87630a
[2025-04-18T09:30:03.732Z] INFO: Service Updated,[object Object],0xdc642a768e52bbcfc31c5f15bd88605ea5480649ce875197509eb45c1d87630a
[2025-04-18T09:30:03.732Z] INFO: 11 Job Id in the Worker
[2025-04-18T09:30:03.732Z] INFO: Transaction completed: 0xdc642a768e52bbcfc31c5f15bd88605ea5480649ce875197509eb45c1d87630a
[2025-04-18T09:30:03.734Z] INFO: in the Workerrrr transaction 
[2025-04-18T09:30:03.734Z] INFO: in the Service transaction 
[2025-04-18T09:30:08.343Z] INFO: SaveTransaction------,0xDAf96cB61d28799b3B174C56D3E9335838E5e46D,0xEbF0701BFf3996B1E443Ce74959C8DEd304B1f11,1,0x680483044f6378ef12afcc0f8338ed2043eb02641f582e0d9a12ed2f2744014a
[2025-04-18T09:30:14.943Z] INFO: Service Updated,[object Object],0x680483044f6378ef12afcc0f8338ed2043eb02641f582e0d9a12ed2f2744014a
[2025-04-18T09:30:14.943Z] INFO: 12 Job Id in the Worker
[2025-04-18T09:30:14.943Z] INFO: Transaction completed: 0x680483044f6378ef12afcc0f8338ed2043eb02641f582e0d9a12ed2f2744014a
[2025-04-18T09:30:14.945Z] INFO: in the Workerrrr transaction 
[2025-04-18T09:30:14.945Z] INFO: in the Service transaction 
[2025-04-18T09:30:19.007Z] INFO: SaveTransaction------,0xDAf96cB61d28799b3B174C56D3E9335838E5e46D,0xEbF0701BFf3996B1E443Ce74959C8DEd304B1f11,1,0x105cd12b1ea36448993b09d68fd48eaa6a07392bd9ea0421b8973a52f6913066
[2025-04-18T09:30:39.808Z] INFO: Service Updated,[object Object],0x105cd12b1ea36448993b09d68fd48eaa6a07392bd9ea0421b8973a52f6913066
[2025-04-18T09:30:39.808Z] INFO: 13 Job Id in the Worker
[2025-04-18T09:30:39.808Z] INFO: Transaction completed: 0x105cd12b1ea36448993b09d68fd48eaa6a07392bd9ea0421b8973a52f6913066
[2025-04-18T09:30:39.810Z] INFO: in the Workerrrr transaction 
[2025-04-18T09:30:39.810Z] INFO: in the Service transaction 
[2025-04-18T09:30:43.801Z] INFO: SaveTransaction------,0xDAf96cB61d28799b3B174C56D3E9335838E5e46D,0xEbF0701BFf3996B1E443Ce74959C8DEd304B1f11,1,0x2ced95af4523d4294a67388f03e3efe826b0d34333632c41115650ccf03a988f
[2025-04-18T09:31:29.026Z] INFO: Service Updated,[object Object],0x2ced95af4523d4294a67388f03e3efe826b0d34333632c41115650ccf03a988f
[2025-04-18T09:31:29.027Z] INFO: 14 Job Id in the Worker
[2025-04-18T09:31:29.027Z] INFO: Transaction completed: 0x2ced95af4523d4294a67388f03e3efe826b0d34333632c41115650ccf03a988f
[2025-04-18T09:31:29.029Z] INFO: in the Workerrrr transaction 
[2025-04-18T09:31:29.030Z] INFO: in the Service transaction 
[2025-04-18T09:31:32.074Z] INFO: SaveTransaction------,0xDAf96cB61d28799b3B174C56D3E9335838E5e46D,0xEbF0701BFf3996B1E443Ce74959C8DEd304B1f11,1,0x19c421e199ddacaba7263a70d48af76acdead2ed60f97395179c568e1dd6a67f
[2025-04-18T09:31:51.957Z] INFO: Service Updated,[object Object],0x19c421e199ddacaba7263a70d48af76acdead2ed60f97395179c568e1dd6a67f
[2025-04-18T09:31:51.957Z] INFO: 15 Job Id in the Worker
[2025-04-18T09:31:51.957Z] INFO: Transaction completed: 0x19c421e199ddacaba7263a70d48af76acdead2ed60f97395179c568e1dd6a67f
[2025-04-18T09:31:51.959Z] INFO: in the Workerrrr transaction 
[2025-04-18T09:31:51.959Z] INFO: in the Service transaction 
[2025-04-18T09:31:59.774Z] INFO: SaveTransaction------,0xDAf96cB61d28799b3B174C56D3E9335838E5e46D,0xEbF0701BFf3996B1E443Ce74959C8DEd304B1f11,1,0x0ca85227ad09cd01b61187be3d0c5fb56979be7f48ab0de659a4fce6b35777be
[2025-04-18T09:32:27.714Z] INFO: Service Updated,[object Object],0x0ca85227ad09cd01b61187be3d0c5fb56979be7f48ab0de659a4fce6b35777be
[2025-04-18T09:32:27.715Z] INFO: 16 Job Id in the Worker
[2025-04-18T09:32:27.715Z] INFO: Transaction completed: 0x0ca85227ad09cd01b61187be3d0c5fb56979be7f48ab0de659a4fce6b35777be
[2025-04-18T09:32:27.717Z] INFO: in the Workerrrr transaction 
[2025-04-18T09:32:27.717Z] INFO: in the Service transaction 
[2025-04-18T09:32:30.831Z] INFO: SaveTransaction------,0xDAf96cB61d28799b3B174C56D3E9335838E5e46D,0xEbF0701BFf3996B1E443Ce74959C8DEd304B1f11,1,0xd2c602bd348ffb8f40b8ddd7204835a788bd4385a3cff302f4d237ee418e597e
[2025-04-18T09:32:41.506Z] INFO: Service Updated,[object Object],0xd2c602bd348ffb8f40b8ddd7204835a788bd4385a3cff302f4d237ee418e597e
[2025-04-18T09:32:41.506Z] INFO: 17 Job Id in the Worker
[2025-04-18T09:32:41.506Z] INFO: Transaction completed: 0xd2c602bd348ffb8f40b8ddd7204835a788bd4385a3cff302f4d237ee418e597e
[2025-04-18T09:32:41.508Z] INFO: in the Workerrrr transaction 
[2025-04-18T09:32:41.508Z] INFO: in the Service transaction 
[2025-04-18T09:32:44.800Z] INFO: SaveTransaction------,0xDAf96cB61d28799b3B174C56D3E9335838E5e46D,0xEbF0701BFf3996B1E443Ce74959C8DEd304B1f11,1,0x4f23d390630fa41df55b711ba433abcff832c7cf795813efae773c9d6eda34fc
[2025-04-18T09:34:50.394Z] INFO: ✅Server running on port 4000
[2025-04-18T09:34:50.408Z] INFO: in the Workerrrr transaction 
[2025-04-18T09:34:50.408Z] INFO: in the Service transaction 
[2025-04-18T09:34:50.436Z] INFO: ✅MongoDB Connected
[2025-04-18T09:34:54.949Z] INFO: SaveTransaction------,0xDAf96cB61d28799b3B174C56D3E9335838E5e46D,0xEbF0701BFf3996B1E443Ce74959C8DEd304B1f11,1,0x63e4ce2708a2abe395c883a5e97e78244a35e6bb6a45cf6e762604f7f5df2c5a
[2025-04-18T09:35:14.870Z] INFO: Service Updated,[object Object],0x63e4ce2708a2abe395c883a5e97e78244a35e6bb6a45cf6e762604f7f5df2c5a
[2025-04-18T09:35:14.871Z] INFO: 19 Job Id in the Worker
[2025-04-18T09:35:14.871Z] INFO: Transaction completed: 0x63e4ce2708a2abe395c883a5e97e78244a35e6bb6a45cf6e762604f7f5df2c5a
[2025-04-18T09:35:14.873Z] INFO: in the Workerrrr transaction 
[2025-04-18T09:35:14.874Z] INFO: in the Service transaction 
[2025-04-18T09:35:21.602Z] INFO: SaveTransaction------,0xDAf96cB61d28799b3B174C56D3E9335838E5e46D,0xEbF0701BFf3996B1E443Ce74959C8DEd304B1f11,1,0x17ac0d1b3b0199b670275f945d1c0f409d9a087eee14a4ea4acfb4e2fbb2acf5
[2025-04-18T09:35:26.359Z] INFO: Service Updated,[object Object],0x17ac0d1b3b0199b670275f945d1c0f409d9a087eee14a4ea4acfb4e2fbb2acf5
[2025-04-18T09:35:26.359Z] INFO: 20 Job Id in the Worker
[2025-04-18T09:35:26.360Z] INFO: Transaction completed: 0x17ac0d1b3b0199b670275f945d1c0f409d9a087eee14a4ea4acfb4e2fbb2acf5
[2025-04-18T09:35:26.361Z] INFO: in the Workerrrr transaction 
[2025-04-18T09:35:26.362Z] INFO: in the Service transaction 
[2025-04-18T09:35:30.613Z] INFO: SaveTransaction------,0xDAf96cB61d28799b3B174C56D3E9335838E5e46D,0xEbF0701BFf3996B1E443Ce74959C8DEd304B1f11,1,0xfddfa702c07c7edc8c35bf2b45790823fceefb15686e8db25c6942ffa767dceb
[2025-04-18T09:35:41.277Z] INFO: Service Updated,[object Object],0xfddfa702c07c7edc8c35bf2b45790823fceefb15686e8db25c6942ffa767dceb
[2025-04-18T09:35:41.277Z] INFO: 18 Job Id in the Worker
[2025-04-18T09:35:41.278Z] INFO: Transaction completed: 0xfddfa702c07c7edc8c35bf2b45790823fceefb15686e8db25c6942ffa767dceb
[2025-04-18T09:35:41.279Z] INFO: in the Workerrrr transaction 
[2025-04-18T09:35:41.279Z] INFO: in the Service transaction 
[2025-04-18T09:35:44.745Z] INFO: SaveTransaction------,0xDAf96cB61d28799b3B174C56D3E9335838E5e46D,0xEbF0701BFf3996B1E443Ce74959C8DEd304B1f11,1,0xc963465e41b6f8a76754605c9766010528488647155f7fa2e2cd0e9663f0e5d7
[2025-04-18T09:36:02.653Z] INFO: Service Updated,[object Object],0xc963465e41b6f8a76754605c9766010528488647155f7fa2e2cd0e9663f0e5d7
[2025-04-18T09:36:02.653Z] INFO: 21 Job Id in the Worker
[2025-04-18T09:36:02.653Z] INFO: Transaction completed: 0xc963465e41b6f8a76754605c9766010528488647155f7fa2e2cd0e9663f0e5d7
[2025-04-18T09:36:02.656Z] INFO: in the Workerrrr transaction 
[2025-04-18T09:36:02.656Z] INFO: in the Service transaction 
[2025-04-18T09:36:07.558Z] INFO: SaveTransaction------,0xDAf96cB61d28799b3B174C56D3E9335838E5e46D,0xEbF0701BFf3996B1E443Ce74959C8DEd304B1f11,1,0x30b9752ab8f710be9e0137c4d93ff5ccfaeb8a5f236b26e23ecbcc8fdcb14b36
[2025-04-18T09:36:14.565Z] INFO: Service Updated,[object Object],0x30b9752ab8f710be9e0137c4d93ff5ccfaeb8a5f236b26e23ecbcc8fdcb14b36
[2025-04-18T09:36:14.565Z] INFO: 22 Job Id in the Worker
[2025-04-18T09:36:14.565Z] INFO: Transaction completed: 0x30b9752ab8f710be9e0137c4d93ff5ccfaeb8a5f236b26e23ecbcc8fdcb14b36
[2025-04-18T09:40:30.611Z] INFO: ✅Server running on port 4000
[2025-04-18T09:40:30.623Z] INFO: ✅MongoDB Connected
[2025-04-18T09:40:34.422Z] INFO: ✅Server running on port 4000
[2025-04-18T09:40:34.433Z] INFO: ✅MongoDB Connected
[2025-04-18T09:46:45.116Z] INFO: ✅Server running on port 4000
[2025-04-18T09:46:45.130Z] INFO: ✅MongoDB Connected
[2025-04-18T09:47:20.071Z] INFO: ✅Server running on port 4000
[2025-04-18T09:47:20.086Z] INFO: ✅MongoDB Connected
[2025-04-18T09:56:40.413Z] INFO: ✅Server running on port 4000
[2025-04-18T09:56:40.427Z] INFO: ✅MongoDB Connected
[2025-04-18T09:57:03.182Z] INFO: ✅Server running on port 4000
[2025-04-18T09:57:03.198Z] INFO: ✅MongoDB Connected
[2025-04-18T09:58:39.929Z] INFO: ✅Server running on port 4000
[2025-04-18T09:58:39.945Z] INFO: ✅MongoDB Connected
[2025-04-18T09:59:50.873Z] INFO: ✅Server running on port 4000
[2025-04-18T09:59:50.888Z] INFO: ✅MongoDB Connected
[2025-04-18T10:00:31.797Z] INFO: ✅Server running on port 4000
[2025-04-18T10:00:31.813Z] INFO: ✅MongoDB Connected
[2025-04-18T10:00:43.328Z] INFO: In the Middlewares....
[2025-04-18T10:00:43.799Z] INFO: Adding transaction to Queue 1...
[2025-04-18T10:00:43.811Z] INFO: in the Workerrrr transaction 
[2025-04-18T10:00:43.812Z] INFO: in the Service transaction 
[2025-04-18T10:00:43.814Z] ERROR: Transaction failed: Web3 validator found 1 error[s]:
value "0xEbF070" at "/0" must pass "address" validation
[2025-04-18T10:01:33.206Z] INFO: In the Middlewares....
[2025-04-18T10:01:33.767Z] INFO: Adding transaction to Queue 1...
[2025-04-18T10:01:33.774Z] INFO: in the Workerrrr transaction 
[2025-04-18T10:01:33.775Z] INFO: in the Service transaction 
[2025-04-18T10:01:37.882Z] INFO: SaveTransaction------,0xDAf96cB61d28799b3B174C56D3E9335838E5e46D,0xEbF0701BFf3996B1E443Ce74959C8DEd304B1f11,5,0x5f39dd5bd75aab51594225befad67181e382040fdfa622b010cbaad6706a5f00
[2025-04-18T10:02:01.875Z] INFO: Service Updated,[object Object],0x5f39dd5bd75aab51594225befad67181e382040fdfa622b010cbaad6706a5f00
[2025-04-18T10:02:01.875Z] INFO: 24 Job Id in the Worker
[2025-04-18T10:02:01.875Z] INFO: Transaction completed: 0x5f39dd5bd75aab51594225befad67181e382040fdfa622b010cbaad6706a5f00
[2025-04-18T10:03:17.211Z] INFO: In the Middlewares....
[2025-04-18T10:03:17.601Z] INFO: Adding transaction to Queue 2...
[2025-04-18T10:03:17.605Z] INFO: in the Workerrrr transaction 
[2025-04-18T10:03:19.413Z] ERROR: Transaction failed: Error happened while trying to execute a function inside a smart contract
[2025-04-18T10:03:40.029Z] INFO: In the Middlewares....
[2025-04-18T10:03:40.416Z] INFO: Adding transaction to Queue 2...
[2025-04-18T10:03:40.419Z] INFO: in the Workerrrr transaction 
[2025-04-18T10:03:42.445Z] ERROR: Transaction failed: Error happened while trying to execute a function inside a smart contract
[2025-04-18T10:04:24.049Z] INFO: ✅Server running on port 4000
[2025-04-18T10:04:24.068Z] INFO: ✅MongoDB Connected
[2025-04-18T10:04:26.563Z] INFO: In the Middlewares....
[2025-04-18T10:04:27.070Z] INFO: Adding transaction to Queue 2...
[2025-04-18T10:04:27.082Z] INFO: in the Workerrrr transaction 
[2025-04-18T10:04:27.082Z] INFO: 0xDAf96cB61d28799b3B174C56D3E9335838E5e46D,0xEbF0701BFf3996B1E443Ce74959C8DEd304B1f11,5,0xfacce3dca73f4e05690000ae73b9431e206a9a9dff5f14bfc29105cf17ebb73b
[2025-04-18T10:04:30.230Z] ERROR: Transaction failed: Error happened while trying to execute a function inside a smart contract
[2025-04-18T10:06:49.388Z] INFO: ✅Server running on port 4000
[2025-04-18T10:06:49.404Z] INFO: ✅MongoDB Connected
[2025-04-18T10:07:02.987Z] INFO: ✅Server running on port 4000
[2025-04-18T10:07:03.003Z] INFO: ✅MongoDB Connected
[2025-04-18T10:07:04.620Z] INFO: In the Middlewares....
[2025-04-18T10:07:05.141Z] INFO: Adding transaction to Queue 2...
[2025-04-18T10:07:05.149Z] INFO: in the Workerrrr transaction 
[2025-04-18T10:07:05.149Z] INFO: 0xDAf96cB61d28799b3B174C56D3E9335838E5e46D,0xEbF0701BFf3996B1E443Ce74959C8DEd304B1f11,5,0xfacce3dca73f4e05690000ae73b9431e206a9a9dff5f14bfc29105cf17ebb73b
[2025-04-18T10:07:07.689Z] ERROR: Transaction failed: Error happened while trying to execute a function inside a smart contract
[2025-04-18T10:07:52.553Z] INFO: ✅Server running on port 4000
[2025-04-18T10:07:52.569Z] INFO: ✅MongoDB Connected
[2025-04-18T10:07:56.810Z] INFO: In the Middlewares....
[2025-04-18T10:07:57.462Z] INFO: Adding transaction to Queue 2...
[2025-04-18T10:07:57.471Z] INFO: in the Workerrrr transaction 
[2025-04-18T10:07:57.471Z] INFO: 0xDAf96cB61d28799b3B174C56D3E9335838E5e46D,0xEbF0701BFf3996B1E443Ce74959C8DEd304B1f11,5,0xfacce3dca73f4e05690000ae73b9431e206a9a9dff5f14bfc29105cf17ebb73b
[2025-04-18T10:07:59.582Z] ERROR: Transaction failed: Error happened while trying to execute a function inside a smart contract
[2025-04-18T10:08:24.484Z] INFO: ✅Server running on port 4000
[2025-04-18T10:08:24.503Z] INFO: ✅MongoDB Connected
[2025-04-18T10:08:30.388Z] INFO: In the Middlewares....
[2025-04-18T10:08:30.855Z] INFO: Adding transaction to Queue 2...
[2025-04-18T10:08:30.865Z] INFO: in the Workerrrr transaction 
[2025-04-18T10:08:30.866Z] INFO: 0xDAf96cB61d28799b3B174C56D3E9335838E5e46D,0xEbF0701BFf3996B1E443Ce74959C8DEd304B1f11,5,0xfacce3dca73f4e05690000ae73b9431e206a9a9dff5f14bfc29105cf17ebb73b
[2025-04-18T10:08:34.708Z] ERROR: Transaction failed: Error happened while trying to execute a function inside a smart contract
[2025-04-18T10:09:00.015Z] INFO: ✅Server running on port 4000
[2025-04-18T10:09:00.030Z] INFO: ✅MongoDB Connected
[2025-04-18T10:09:01.994Z] INFO: In the Middlewares....
[2025-04-18T10:09:02.541Z] INFO: Adding transaction to Queue 2...
[2025-04-18T10:09:02.550Z] INFO: in the Workerrrr transaction 
[2025-04-18T10:09:02.550Z] INFO: 0xDAf96cB61d28799b3B174C56D3E9335838E5e46D,0xEbF0701BFf3996B1E443Ce74959C8DEd304B1f11,5,0xfacce3dca73f4e05690000ae73b9431e206a9a9dff5f14bfc29105cf17ebb73b
[2025-04-18T10:09:05.182Z] ERROR: Transaction failed: Error happened while trying to execute a function inside a smart contract
[2025-04-18T10:11:47.052Z] INFO: ✅Server running on port 4000
[2025-04-18T10:11:47.067Z] INFO: ✅MongoDB Connected
[2025-04-18T10:11:50.928Z] INFO: In the Middlewares....
[2025-04-18T10:11:51.541Z] INFO: Adding transaction to Queue 2...
[2025-04-18T10:11:51.550Z] INFO: in the Workerrrr transaction 
[2025-04-18T10:11:51.550Z] INFO: 0xDAf96cB61d28799b3B174C56D3E9335838E5e46D,0xEbF0701BFf3996B1E443Ce74959C8DEd304B1f11,5,0xfacce3dca73f4e05690000ae73b9431e206a9a9dff5f14bfc29105cf17ebb73b
[2025-04-18T10:11:54.091Z] ERROR: Transaction failed: Error happened while trying to execute a function inside a smart contract
[2025-04-18T10:12:42.117Z] INFO: ✅Server running on port 4000
[2025-04-18T10:12:42.133Z] INFO: ✅MongoDB Connected
[2025-04-18T10:12:44.212Z] INFO: In the Middlewares....
[2025-04-18T10:12:44.653Z] INFO: Adding transaction to Queue 2...
[2025-04-18T10:12:44.661Z] INFO: in the Workerrrr transaction 
[2025-04-18T10:12:44.662Z] INFO: 0xDAf96cB61d28799b3B174C56D3E9335838E5e46D,0xEbF0701BFf3996B1E443Ce74959C8DEd304B1f11,5,0xfacce3dca73f4e05690000ae73b9431e206a9a9dff5f14bfc29105cf17ebb73b
[2025-04-18T10:12:46.520Z] ERROR: Transaction failed: Error happened while trying to execute a function inside a smart contract
[2025-04-18T10:14:01.098Z] INFO: ✅Server running on port 4000
[2025-04-18T10:14:01.113Z] INFO: ✅MongoDB Connected
[2025-04-18T10:28:34.718Z] INFO: In the Middlewares....
[2025-04-18T10:28:35.594Z] INFO: Adding transaction to Queue 2...
[2025-04-18T10:28:35.614Z] INFO: in the Workerrrr transaction 
[2025-04-18T10:28:35.615Z] INFO: 0xDAf96cB61d28799b3B174C56D3E9335838E5e46D,0xEbF0701BFf3996B1E443Ce74959C8DEd304B1f11,5,0xfacce3dca73f4e05690000ae73b9431e206a9a9dff5f14bfc29105cf17ebb73b
[2025-04-18T10:28:37.795Z] ERROR: Transaction failed: Error happened while trying to execute a function inside a smart contract
[2025-04-18T11:11:36.575Z] INFO: In the Middlewares....
[2025-04-18T11:11:40.803Z] INFO: ApproveRepository: Save tx: 0xEbF0701BFf3996B1E443Ce74959C8DEd304B1f11,0x8adD1b66C6665B69A74Eb4c9f71A9Eb0f48d1D32,5000,0x7dde87a457ca8bce358f305113600bb94cd26be7a4bf01e96d5b8bb97ee6d22f
[2025-04-18T11:12:04.348Z] INFO: ApproveRepository: Updated status of 0x7dde87a457ca8bce358f305113600bb94cd26be7a4bf01e96d5b8bb97ee6d22f -> 2
[2025-04-18T11:12:04.349Z] INFO: Service Updated,[object Object],0x7dde87a457ca8bce358f305113600bb94cd26be7a4bf01e96d5b8bb97ee6d22f
[2025-04-18T11:43:12.369Z] INFO: In the Middlewares....
[2025-04-18T11:43:15.574Z] INFO: ApproveRepository: Save tx: 0xDAf96cB61d28799b3B174C56D3E9335838E5e46D,0x8adD1b66C6665B69A74Eb4c9f71A9Eb0f48d1D32,5000,0x8e502d12cd26b7cf81267f01a1a7a266163cbc25ecfba30617b303db5609a722
[2025-04-18T11:43:26.357Z] INFO: ApproveRepository: Updated status of 0x8e502d12cd26b7cf81267f01a1a7a266163cbc25ecfba30617b303db5609a722 -> 2
[2025-04-18T11:43:26.358Z] INFO: Service Updated,[object Object],0x8e502d12cd26b7cf81267f01a1a7a266163cbc25ecfba30617b303db5609a722
[2025-04-18T11:46:25.002Z] INFO: In the Middlewares....
[2025-04-18T11:46:25.417Z] INFO: Adding transaction to Queue 2...
[2025-04-18T11:46:25.423Z] INFO: in the Workerrrr transaction 
[2025-04-18T11:46:25.424Z] INFO: 0xDAf96cB61d28799b3B174C56D3E9335838E5e46D,0xEbF0701BFf3996B1E443Ce74959C8DEd304B1f11,5,0xfacce3dca73f4e05690000ae73b9431e206a9a9dff5f14bfc29105cf17ebb73b
[2025-04-18T11:46:26.801Z] ERROR: Transaction failed: Error happened while trying to execute a function inside a smart contract
[2025-04-18T11:59:24.436Z] INFO: In the Middlewares....
[2025-04-18T11:59:24.933Z] INFO: Adding transaction to Queue 2...
[2025-04-18T11:59:24.940Z] INFO: in the Workerrrr transaction 
[2025-04-18T11:59:24.941Z] INFO: 0xDAf96cB61d28799b3B174C56D3E9335838E5e46D,0xEbF0701BFf3996B1E443Ce74959C8DEd304B1f11,5,0xfacce3dca73f4e05690000ae73b9431e206a9a9dff5f14bfc29105cf17ebb73b
[2025-04-18T11:59:26.223Z] ERROR: Transaction failed: Error happened while trying to execute a function inside a smart contract
[2025-04-18T12:00:50.093Z] INFO: ✅Server running on port 4000
[2025-04-18T12:00:50.119Z] INFO: ✅MongoDB Connected
[2025-04-18T12:01:03.974Z] INFO: In the Middlewares....
[2025-04-18T12:01:06.157Z] INFO: ApproveRepository: Save tx: 0xDAf96cB61d28799b3B174C56D3E9335838E5e46D,0x8adD1b66C6665B69A74Eb4c9f71A9Eb0f48d1D32,5000,0x497dd9130b4aaa55a54593b8874183ed9a1d68bcb09b83ba4d77fe7c4f066dab
[2025-04-18T12:01:15.868Z] INFO: ApproveRepository: Updated status of 0x497dd9130b4aaa55a54593b8874183ed9a1d68bcb09b83ba4d77fe7c4f066dab -> 2
[2025-04-18T12:01:15.868Z] INFO: Service Updated,[object Object],0x497dd9130b4aaa55a54593b8874183ed9a1d68bcb09b83ba4d77fe7c4f066dab
[2025-04-18T12:01:52.570Z] INFO: In the Middlewares....
[2025-04-18T12:01:53.002Z] INFO: Adding transaction to Queue 2...
[2025-04-18T12:01:53.009Z] INFO: in the Workerrrr transaction 
[2025-04-18T12:01:53.010Z] INFO: 0xDAf96cB61d28799b3B174C56D3E9335838E5e46D,0xEbF0701BFf3996B1E443Ce74959C8DEd304B1f11,5,0xfacce3dca73f4e05690000ae73b9431e206a9a9dff5f14bfc29105cf17ebb73b
[2025-04-18T12:01:53.944Z] ERROR: Transaction failed: Error happened while trying to execute a function inside a smart contract
[2025-04-18T12:02:03.249Z] INFO: In the Middlewares....
[2025-04-18T12:02:03.746Z] INFO: in throw Map error
[2025-04-18T12:02:08.041Z] INFO: In the Middlewares....
[2025-04-18T12:02:08.426Z] INFO: Adding transaction to Queue 2...
[2025-04-18T12:02:08.432Z] INFO: in the Workerrrr transaction 
[2025-04-18T12:02:08.432Z] INFO: 0xDAf96cB61d28799b3B174C56D3E9335838E5e46D,0xEbF0701BFf3996B1E443Ce74959C8DEd304B1f11,500,0xfacce3dca73f4e05690000ae73b9431e206a9a9dff5f14bfc29105cf17ebb73b
[2025-04-18T12:02:09.890Z] ERROR: Transaction failed: Error happened while trying to execute a function inside a smart contract
[2025-04-18T12:02:48.643Z] INFO: ✅Server running on port 4000
[2025-04-18T12:02:48.670Z] INFO: ✅MongoDB Connected
[2025-04-18T12:03:15.678Z] INFO: ✅Server running on port 4000
[2025-04-18T12:03:15.707Z] INFO: ✅MongoDB Connected
[2025-04-18T12:03:24.234Z] INFO: In the Middlewares....
[2025-04-18T12:03:24.754Z] INFO: Adding transaction to Queue 2...
[2025-04-18T12:03:24.759Z] INFO: in the Workerrrr transaction 
[2025-04-18T12:03:24.760Z] INFO: 0xDAf96cB61d28799b3B174C56D3E9335838E5e46D,0xEbF0701BFf3996B1E443Ce74959C8DEd304B1f11,500,0xfacce3dca73f4e05690000ae73b9431e206a9a9dff5f14bfc29105cf17ebb73b
[2025-04-18T12:03:26.236Z] ERROR: Transaction failed: Error happened while trying to execute a function inside a smart contract
[2025-04-18T12:04:19.668Z] INFO: ✅Server running on port 4000
[2025-04-18T12:04:19.693Z] INFO: ✅MongoDB Connected
[2025-04-18T12:04:19.838Z] INFO: In the Middlewares....
[2025-04-18T12:04:20.602Z] INFO: In the Middlewares....
[2025-04-18T12:04:21.320Z] INFO: In the Middlewares....
[2025-04-18T12:14:25.160Z] INFO: In the Middlewares....
[2025-04-18T12:14:25.661Z] INFO: Adding transaction to Queue 2...
[2025-04-18T12:14:25.670Z] INFO: in the Workerrrr transaction 
[2025-04-18T12:14:25.670Z] INFO: 0xDAf96cB61d28799b3B174C56D3E9335838E5e46D,0xEbF0701BFf3996B1E443Ce74959C8DEd304B1f11,500,0xfacce3dca73f4e05690000ae73b9431e206a9a9dff5f14bfc29105cf17ebb73b
[2025-04-18T12:14:27.192Z] ERROR: Transaction failed: Error happened while trying to execute a function inside a smart contract
[2025-04-18T13:03:14.873Z] INFO: In the Middlewares....
[2025-04-18T13:03:25.376Z] INFO: In the Middlewares....
