[2025-05-05T09:02:20.941Z] INFO: ✅Server running on port 4000
[2025-05-05T09:02:39.856Z] INFO: ✅ MongoDB Connected
[2025-05-05T09:12:13.468Z] INFO: ✅Server running on port 4000
[2025-05-05T09:12:13.509Z] INFO: ✅ MongoDB Connected
[2025-05-05T09:12:21.985Z] INFO: ✅Server running on port 4000
[2025-05-05T09:12:22.028Z] INFO: ✅ MongoDB Connected
[2025-05-05T09:24:41.158Z] INFO: ✅Server running on port 4000
[2025-05-05T09:24:41.198Z] INFO: ✅ MongoDB Connected
[2025-05-05T09:26:21.639Z] INFO: ✅Server running on port 4000
[2025-05-05T09:26:21.676Z] INFO: ✅ MongoDB Connected
[2025-05-05T09:26:43.425Z] INFO: ✅Server running on port 4000
[2025-05-05T09:26:43.458Z] INFO: ✅ MongoDB Connected
[2025-05-05T09:27:36.700Z] INFO: ✅Server running on port 4000
[2025-05-05T09:27:36.735Z] INFO: ✅ MongoDB Connected
[2025-05-05T09:36:03.735Z] INFO: ✅Server running on port 4000
[2025-05-05T09:36:03.777Z] INFO: ✅ MongoDB Connected
[2025-05-05T09:37:29.718Z] INFO: ✅Server running on port 4000
[2025-05-05T09:37:29.751Z] INFO: ✅ MongoDB Connected
[2025-05-05T09:48:07.439Z] INFO: ✅Server running on port 4000
[2025-05-05T09:48:07.470Z] INFO: ✅ MongoDB Connected
[2025-05-05T09:48:39.991Z] INFO: ✅Server running on port 4000
[2025-05-05T09:48:40.022Z] INFO: ✅ MongoDB Connected
[2025-05-05T09:50:02.869Z] INFO: ✅Server running on port 4000
[2025-05-05T09:50:02.908Z] INFO: ✅ MongoDB Connected
[2025-05-05T09:57:07.831Z] INFO: ✅Server running on port 4000
[2025-05-05T09:57:07.869Z] INFO: ✅ MongoDB Connected
[2025-05-05T09:59:37.788Z] INFO: ✅Server running on port 4000
[2025-05-05T09:59:37.827Z] INFO: ✅ MongoDB Connected
[2025-05-05T09:59:39.558Z] INFO: in the Worker transaction 
[2025-05-05T09:59:39.559Z] INFO: 0xDAf96cB61d28799b3B174C56D3E9335838E5e46D,0xEbF0701BFf3996B1E443Ce74959C8DEd304B1f11,0,15,0xfacce3dca73f4e05690000ae73b9431e206a9a9dff5f14bfc29105cf17ebb73b
[2025-05-05T09:59:39.559Z] INFO: in the TransferServiceNFT 
[2025-05-05T09:59:43.036Z] INFO: SaveTransaction------,0xDAf96cB61d28799b3B174C56D3E9335838E5e46D,0xEbF0701BFf3996B1E443Ce74959C8DEd304B1f11,0,0x01d631f6e2e9c23386b55210ee74b25b99cab2ba5a1f09f8021e3dd3749d37e6
[2025-05-05T09:59:43.039Z] ERROR: Transaction failed: TransferNFT validation failed: numberOfNFT: Path `numberOfNFT` is required.
[2025-05-05T10:03:20.388Z] INFO: ✅Server running on port 4000
[2025-05-05T10:03:20.421Z] INFO: ✅ MongoDB Connected
[2025-05-05T10:03:57.035Z] INFO: ✅Server running on port 4000
[2025-05-05T10:03:57.071Z] INFO: ✅ MongoDB Connected
[2025-05-05T10:03:58.490Z] INFO: in the Worker transaction 
[2025-05-05T10:03:58.490Z] INFO: 0xDAf96cB61d28799b3B174C56D3E9335838E5e46D,0xEbF0701BFf3996B1E443Ce74959C8DEd304B1f11,0,15,0xfacce3dca73f4e05690000ae73b9431e206a9a9dff5f14bfc29105cf17ebb73b
[2025-05-05T10:03:58.491Z] INFO: in the TransferServiceNFT 
[2025-05-05T10:04:00.573Z] INFO: SaveTransaction------,0xDAf96cB61d28799b3B174C56D3E9335838E5e46D,0xEbF0701BFf3996B1E443Ce74959C8DEd304B1f11,0,0x57f261c54439db7f2d540e4927c96886142a754fa78a5597525caeeb7cb0f5d3
[2025-05-05T10:04:00.576Z] ERROR: Transaction failed: TransferNFT validation failed: numberOfNFT: Path `numberOfNFT` is required.
[2025-05-05T10:07:58.750Z] INFO: ✅Server running on port 4000
[2025-05-05T10:07:58.787Z] INFO: ✅ MongoDB Connected
[2025-05-05T10:08:01.488Z] INFO: in the Worker transaction 
[2025-05-05T10:08:01.488Z] INFO: 0xDAf96cB61d28799b3B174C56D3E9335838E5e46D,0xEbF0701BFf3996B1E443Ce74959C8DEd304B1f11,0,15,0xfacce3dca73f4e05690000ae73b9431e206a9a9dff5f14bfc29105cf17ebb73b
[2025-05-05T10:08:01.489Z] INFO: in the TransferServiceNFT 
[2025-05-05T10:08:04.089Z] INFO: SaveTransaction------,0xDAf96cB61d28799b3B174C56D3E9335838E5e46D,0xEbF0701BFf3996B1E443Ce74959C8DEd304B1f11,0,0x97f053627d93a03defbd508d90d2f5340db5a7e5a148da71d3c733a663dce828
[2025-05-05T10:08:04.092Z] ERROR: Transaction failed: TransferNFT validation failed: numberOfNFT: Path `numberOfNFT` is required.
[2025-05-05T10:09:30.305Z] INFO: ✅Server running on port 4000
[2025-05-05T10:09:30.345Z] INFO: ✅ MongoDB Connected
[2025-05-05T10:09:31.740Z] INFO: in the Worker transaction 
[2025-05-05T10:09:31.741Z] INFO: 0xDAf96cB61d28799b3B174C56D3E9335838E5e46D,0xEbF0701BFf3996B1E443Ce74959C8DEd304B1f11,0,15,0xfacce3dca73f4e05690000ae73b9431e206a9a9dff5f14bfc29105cf17ebb73b
[2025-05-05T10:09:31.742Z] INFO: in the TransferServiceNFT 
[2025-05-05T10:09:34.047Z] INFO: SaveTransaction------,0xDAf96cB61d28799b3B174C56D3E9335838E5e46D,0xEbF0701BFf3996B1E443Ce74959C8DEd304B1f11,0,0x6570d55f33c8f3738ef3f336e89209fc23e5a263bdeb7613816451e859e9ee01
[2025-05-05T10:09:37.613Z] INFO: Service Updated ,[object Object],0x6570d55f33c8f3738ef3f336e89209fc23e5a263bdeb7613816451e859e9ee01
[2025-05-05T10:09:37.614Z] INFO: 4 Job Id in the Worker
[2025-05-05T10:09:37.614Z] INFO: Transaction completed: https://holesky.etherscan.io/tx/0x6570d55f33c8f3738ef3f336e89209fc23e5a263bdeb7613816451e859e9ee01
[2025-05-05T10:10:09.977Z] INFO: in the Worker transaction 
[2025-05-05T10:10:09.978Z] INFO: 0xDAf96cB61d28799b3B174C56D3E9335838E5e46D,0xEbF0701BFf3996B1E443Ce74959C8DEd304B1f11,0,15,0xfacce3dca73f4e05690000ae73b9431e206a9a9dff5f14bfc29105cf17ebb73b
[2025-05-05T10:10:09.979Z] INFO: in the TransferServiceNFT 
[2025-05-05T10:10:12.503Z] INFO: SaveTransaction------,0xDAf96cB61d28799b3B174C56D3E9335838E5e46D,0xEbF0701BFf3996B1E443Ce74959C8DEd304B1f11,0,0x35ebbaad5d172dde34dd371a352728081f8c35eacc38eccee68d745c0afe031e
[2025-05-05T10:10:38.258Z] INFO: Service Updated ,[object Object],0x35ebbaad5d172dde34dd371a352728081f8c35eacc38eccee68d745c0afe031e
[2025-05-05T10:10:38.258Z] INFO: 5 Job Id in the Worker
[2025-05-05T10:10:38.259Z] INFO: Transaction completed: https://holesky.etherscan.io/tx/0x35ebbaad5d172dde34dd371a352728081f8c35eacc38eccee68d745c0afe031e
[2025-05-05T10:10:38.260Z] INFO: in the Worker transaction 
[2025-05-05T10:10:38.260Z] INFO: 0xDAf96cB61d28799b3B174C56D3E9335838E5e46D,0xEbF0701BFf3996B1E443Ce74959C8DEd304B1f11,0,15,0xfacce3dca73f4e05690000ae73b9431e206a9a9dff5f14bfc29105cf17ebb73b
[2025-05-05T10:10:38.260Z] INFO: in the TransferServiceNFT 
[2025-05-05T10:10:40.811Z] INFO: SaveTransaction------,0xDAf96cB61d28799b3B174C56D3E9335838E5e46D,0xEbF0701BFf3996B1E443Ce74959C8DEd304B1f11,0,0xb891f7f209c4c62e337a2b7b9339862ed9dea4fb49654c39dd92be4951506f92
[2025-05-05T10:10:50.560Z] INFO: Service Updated ,[object Object],0xb891f7f209c4c62e337a2b7b9339862ed9dea4fb49654c39dd92be4951506f92
[2025-05-05T10:10:50.560Z] INFO: 6 Job Id in the Worker
[2025-05-05T10:10:50.560Z] INFO: Transaction completed: https://holesky.etherscan.io/tx/0xb891f7f209c4c62e337a2b7b9339862ed9dea4fb49654c39dd92be4951506f92
[2025-05-05T10:10:50.562Z] INFO: in the Worker transaction 
[2025-05-05T10:10:50.563Z] INFO: 0xDAf96cB61d28799b3B174C56D3E9335838E5e46D,0xEbF0701BFf3996B1E443Ce74959C8DEd304B1f11,0,15,0xfacce3dca73f4e05690000ae73b9431e206a9a9dff5f14bfc29105cf17ebb73b
[2025-05-05T10:10:50.563Z] INFO: in the TransferServiceNFT 
[2025-05-05T10:10:53.044Z] INFO: SaveTransaction------,0xDAf96cB61d28799b3B174C56D3E9335838E5e46D,0xEbF0701BFf3996B1E443Ce74959C8DEd304B1f11,0,0xdabc21fbf71334bd486a7168605723fe4add9e706462be81fca2de858ca0f807
[2025-05-05T10:11:01.800Z] INFO: Service Updated ,[object Object],0xdabc21fbf71334bd486a7168605723fe4add9e706462be81fca2de858ca0f807
[2025-05-05T10:11:01.800Z] INFO: 7 Job Id in the Worker
[2025-05-05T10:11:01.800Z] INFO: Transaction completed: https://holesky.etherscan.io/tx/0xdabc21fbf71334bd486a7168605723fe4add9e706462be81fca2de858ca0f807
[2025-05-05T10:11:01.802Z] INFO: in the Worker transaction 
[2025-05-05T10:11:01.802Z] INFO: 0xDAf96cB61d28799b3B174C56D3E9335838E5e46D,0xEbF0701BFf3996B1E443Ce74959C8DEd304B1f11,0,15,0xfacce3dca73f4e05690000ae73b9431e206a9a9dff5f14bfc29105cf17ebb73b
[2025-05-05T10:11:01.802Z] INFO: in the TransferServiceNFT 
[2025-05-05T10:11:04.469Z] INFO: SaveTransaction------,0xDAf96cB61d28799b3B174C56D3E9335838E5e46D,0xEbF0701BFf3996B1E443Ce74959C8DEd304B1f11,0,0x5a394be76d235ec9389eb909887396069c79fa70897a4d87c179fcd1886d9f2e
[2025-05-05T10:11:35.151Z] INFO: Service Updated ,[object Object],0x5a394be76d235ec9389eb909887396069c79fa70897a4d87c179fcd1886d9f2e
[2025-05-05T10:11:35.151Z] INFO: 8 Job Id in the Worker
[2025-05-05T10:11:35.151Z] INFO: Transaction completed: https://holesky.etherscan.io/tx/0x5a394be76d235ec9389eb909887396069c79fa70897a4d87c179fcd1886d9f2e
[2025-05-05T10:25:19.775Z] INFO: ✅Server running on port 4000
[2025-05-05T10:25:19.794Z] INFO: ✅ MongoDB Connected
[2025-05-05T10:30:43.461Z] INFO: ✅Server running on port 4000
[2025-05-05T10:30:43.483Z] INFO: ✅ MongoDB Connected
[2025-05-05T11:09:43.149Z] INFO: ✅Server running on port 4000
[2025-05-05T11:09:43.172Z] INFO: ✅ MongoDB Connected
[2025-05-05T11:10:07.693Z] INFO: ✅Server running on port 4000
[2025-05-05T11:10:07.714Z] INFO: ✅ MongoDB Connected
[2025-05-05T11:11:04.857Z] INFO: ✅Server running on port 4000
[2025-05-05T11:11:04.876Z] INFO: ✅ MongoDB Connected
[2025-05-05T11:12:07.362Z] INFO: ✅Server running on port 4000
[2025-05-05T11:12:07.439Z] INFO: ✅ MongoDB Connected
[2025-05-05T11:12:44.148Z] INFO: ✅Server running on port 4000
[2025-05-05T11:12:44.181Z] INFO: ✅ MongoDB Connected
