[2025-04-29T06:41:41.909Z] INFO: ✅Server running on port 4000
[2025-04-29T06:41:41.944Z] INFO: ✅MongoDB Connected
[2025-04-29T06:43:13.680Z] INFO: ✅Server running on port 4000
[2025-04-29T06:43:13.718Z] INFO: ✅MongoDB Connected
[2025-04-29T06:43:53.675Z] INFO: ✅Server running on port 4000
[2025-04-29T06:43:53.713Z] INFO: ✅MongoDB Connected
[2025-04-29T06:52:39.314Z] INFO: ✅Server running on port 4000
[2025-04-29T06:52:39.339Z] INFO: ✅MongoDB Connected
[2025-04-29T06:54:19.203Z] INFO: ✅Server running on port 4000
[2025-04-29T06:54:19.231Z] INFO: ✅MongoDB Connected
[2025-04-29T11:21:45.824Z] INFO: ✅Server running on port 4000
[2025-04-29T11:21:45.865Z] INFO: ✅MongoDB Connected
[2025-04-29T11:24:54.913Z] INFO: In the Middlewares....
[2025-04-29T11:24:55.701Z] INFO: Adding transaction to Queue 1...
[2025-04-29T11:24:55.721Z] INFO: in the worker's transaction 
[2025-04-29T11:24:55.722Z] INFO: in the Service transaction 
[2025-04-29T11:24:58.533Z] INFO: SaveTransaction------,0xDAf96cB61d28799b3B174C56D3E9335838E5e46D,0xEbF0701BFf3996B1E443Ce74959C8DEd304B1f11,11,0xaa94489423c16eee33c125fd9228d3204659cfc4645ee87e182487cd708e00b0
[2025-04-29T11:25:03.234Z] INFO: Service Updated,[object Object],0xaa94489423c16eee33c125fd9228d3204659cfc4645ee87e182487cd708e00b0
[2025-04-29T11:25:03.235Z] INFO: 25 Job Id in the Worker
[2025-04-29T11:25:03.235Z] INFO: Transaction completed: 0xaa94489423c16eee33c125fd9228d3204659cfc4645ee87e182487cd708e00b0
[2025-04-29T11:27:02.965Z] INFO: ✅Server running on port 4000
[2025-04-29T11:27:02.982Z] INFO: ✅MongoDB Connected
[2025-04-29T11:27:06.592Z] INFO: In the Middlewares....
[2025-04-29T11:27:07.084Z] INFO: Adding transaction to Queue 1...
[2025-04-29T11:27:07.097Z] INFO: in the worker's transaction 
[2025-04-29T11:27:07.098Z] INFO: in the Service transaction 
[2025-04-29T11:27:09.150Z] INFO: SaveTransaction------,0xDAf96cB61d28799b3B174C56D3E9335838E5e46D,0xEbF0701BFf3996B1E443Ce74959C8DEd304B1f11,11,0x4670c2e0189c182bbf3be085ec9a49b375a52cc04d4ffde42063927756ae0c63
[2025-04-29T11:27:13.772Z] INFO: Service Updated,[object Object],0x4670c2e0189c182bbf3be085ec9a49b375a52cc04d4ffde42063927756ae0c63
[2025-04-29T11:27:13.773Z] INFO: 26 Job Id in the Worker
[2025-04-29T11:27:13.773Z] INFO: Transaction completed: https://holesky.etherscan.io/address/0x4670c2e0189c182bbf3be085ec9a49b375a52cc04d4ffde42063927756ae0c63
[2025-04-29T11:29:36.842Z] INFO: ✅Server running on port 4000
[2025-04-29T11:29:36.859Z] INFO: ✅MongoDB Connected
[2025-04-29T11:29:39.568Z] INFO: In the Middlewares....
[2025-04-29T11:29:40.069Z] INFO: Adding transaction to Queue 1...
[2025-04-29T11:29:40.083Z] INFO: in the worker's transaction 
[2025-04-29T11:29:40.083Z] INFO: in the Service transaction 
[2025-04-29T11:29:43.410Z] INFO: SaveTransaction------,0xDAf96cB61d28799b3B174C56D3E9335838E5e46D,0xEbF0701BFf3996B1E443Ce74959C8DEd304B1f11,11,0x96ec301f1f9828c365a24c54a6948e25e77c4951e0c3531d6eb85f891f81db79
[2025-04-29T11:29:51.134Z] INFO: Service Updated,[object Object],0x96ec301f1f9828c365a24c54a6948e25e77c4951e0c3531d6eb85f891f81db79
[2025-04-29T11:29:51.135Z] INFO: 27 Job Id in the Worker
[2025-04-29T11:29:51.135Z] INFO: Transaction completed: https://holesky.etherscan.io/tx/0x96ec301f1f9828c365a24c54a6948e25e77c4951e0c3531d6eb85f891f81db79
[2025-04-29T11:31:18.591Z] INFO: ✅Server running on port 4000
[2025-04-29T11:31:18.605Z] INFO: ✅MongoDB Connected
[2025-04-29T11:31:23.993Z] INFO: In the Middlewares....
[2025-04-29T11:31:24.472Z] INFO: Adding transaction to Queue 1...
[2025-04-29T11:31:24.488Z] INFO: in the worker's transaction 
[2025-04-29T11:31:24.490Z] INFO: in the Service transaction 
[2025-04-29T11:31:26.900Z] INFO: SaveTransaction------,0xDAf96cB61d28799b3B174C56D3E9335838E5e46D,0xEbF0701BFf3996B1E443Ce74959C8DEd304B1f11,11,0x3e9e38a3164510920e5f584062f21e8017956ba7b64086b21fc52d1ede22011c
[2025-04-29T11:31:37.674Z] INFO: Service Updated,[object Object],0x3e9e38a3164510920e5f584062f21e8017956ba7b64086b21fc52d1ede22011c
[2025-04-29T11:31:37.675Z] INFO: 28 Job Id in the Worker
[2025-04-29T11:31:37.675Z] INFO: Transaction completed: https://holesky.etherscan.io/tx/0x3e9e38a3164510920e5f584062f21e8017956ba7b64086b21fc52d1ede22011c
[2025-04-29T12:37:27.873Z] INFO: ✅Server running on port 4000
[2025-04-29T12:37:27.887Z] INFO: ✅MongoDB Connected
[2025-04-29T12:38:12.393Z] INFO: ✅Server running on port 4000
[2025-04-29T12:38:12.407Z] INFO: ✅MongoDB Connected
[2025-04-29T12:40:52.417Z] INFO: ✅Server running on port 4000
[2025-04-29T12:40:52.435Z] INFO: ✅MongoDB Connected
