[2025-04-01T05:53:48.150Z] INFO: createMint 
[2025-04-01T05:54:02.982Z] INFO: Service Updated,[object Object],0x1cc4c6e7967ba0ad570878f9c657979bc9cdc15394b8f70314554d53d4c9fe3e
[2025-04-01T05:54:02.989Z] INFO: DB Updated,0xDAf96cB61d28799b3B174C56D3E9335838E5e46D,0xDAf96cB61d28799b3B174C56D3E9335838E5e46D,9876543,0x1cc4c6e7967ba0ad570878f9c657979bc9cdc15394b8f70314554d53d4c9fe3e
[2025-04-01T05:56:47.035Z] INFO: createMint 
[2025-04-01T05:56:59.160Z] INFO: processMint error
[2025-04-01T05:56:59.162Z] INFO: createMint error
[2025-04-01T05:57:12.180Z] INFO: createMint 
[2025-04-01T05:57:37.741Z] INFO: Service Updated,[object Object],0x7615c89dc7b44278b3c719ddbd0082ddbd3c26eb10c58eacecb8ca3fa19d74a6
[2025-04-01T05:57:37.746Z] INFO: DB Updated,0xDAf96cB61d28799b3B174C56D3E9335838E5e46D,0xDAf96cB61d28799b3B174C56D3E9335838E5e46D,9876543,0x7615c89dc7b44278b3c719ddbd0082ddbd3c26eb10c58eacecb8ca3fa19d74a6
[2025-04-01T06:02:45.151Z] INFO: createMint 
[2025-04-01T06:02:45.283Z] INFO: processMint error
[2025-04-01T06:02:45.284Z] INFO: createMint error
[2025-04-01T06:03:02.102Z] INFO: createMint 
[2025-04-01T06:03:03.005Z] INFO: processMint error
[2025-04-01T06:03:03.005Z] INFO: createMint error
[2025-04-01T06:03:42.546Z] INFO: createMint 
[2025-04-01T06:03:43.855Z] INFO: processMint error
[2025-04-01T06:03:43.855Z] INFO: createMint error
[2025-04-01T06:04:23.350Z] INFO: createMint 
[2025-04-01T06:04:23.441Z] INFO: processMint error
[2025-04-01T06:04:23.442Z] INFO: createMint error
[2025-04-01T06:04:58.750Z] INFO: createMint 
[2025-04-01T06:05:00.443Z] INFO: processMint error
[2025-04-01T06:05:00.448Z] INFO: createMint error Transaction failed
[2025-04-01T06:07:05.833Z] INFO: createMint 
[2025-04-01T06:07:07.503Z] INFO: Txhash [object Object]
[2025-04-01T06:07:13.747Z] INFO: Service Updated,[object Object],0xe3cac2f00c3434d60e032a9f719384fec4833e40d402bfdc1d04bd327c4be5e6
[2025-04-01T06:07:13.753Z] INFO: DB Updated,0xDAf96cB61d28799b3B174C56D3E9335838E5e46D,0xDAf96cB61d28799b3B174C56D3E9335838E5e46D,1123,0xe3cac2f00c3434d60e032a9f719384fec4833e40d402bfdc1d04bd327c4be5e6
[2025-04-01T07:21:11.262Z] INFO: createTransfer
[2025-04-01T07:21:11.452Z] INFO: processTransfer error
[2025-04-01T07:21:11.454Z] INFO: createTransfer error
[2025-04-01T08:44:42.426Z] INFO: createTransfer
[2025-04-01T08:44:43.506Z] INFO: processTransfer error
[2025-04-01T08:44:43.507Z] INFO: createTransfer error
[2025-04-01T08:45:19.757Z] INFO: createTransfer
[2025-04-01T08:45:20.356Z] INFO: processTransfer error
[2025-04-01T08:45:20.358Z] INFO: createTransfer error
[2025-04-01T08:47:13.166Z] INFO: createTransfer
[2025-04-01T08:47:13.889Z] INFO: price from tatum [object Object]
[2025-04-01T08:47:13.954Z] INFO: processTransfer error
[2025-04-01T08:47:13.959Z] INFO: createTransfer error
[2025-04-01T08:49:03.074Z] INFO: createTransfer
[2025-04-01T08:49:03.603Z] INFO: price from tatum [object Object]
[2025-04-01T08:49:12.933Z] INFO: Service Updated,[object Object],0x441cdde25669c02bbedd20be52cc1425696acf87cdc941c1a2e1000334c5d764
[2025-04-01T08:49:12.938Z] INFO: DB Updated,0xDAf96cB61d28799b3B174C56D3E9335838E5e46D,0xEbF0701BFf3996B1E443Ce74959C8DEd304B1f11,1,0x441cdde25669c02bbedd20be52cc1425696acf87cdc941c1a2e1000334c5d764
[2025-04-01T08:50:46.281Z] INFO: createTransfer
[2025-04-01T08:50:46.947Z] INFO: price from tatum [object Object]
[2025-04-01T08:50:49.749Z] INFO: processTransfer error
[2025-04-01T08:50:49.761Z] INFO: createTransfer error
[2025-04-01T08:52:40.558Z] INFO: createTransfer
[2025-04-01T08:52:41.385Z] INFO: price from tatum 9793010997
[2025-04-01T08:52:51.916Z] INFO: Service Updated,[object Object],0x00910b13e3c9b5c20c71c5bce38ba661fedea6b91d8aec9bb1da8b10f707b5ff
[2025-04-01T08:52:51.922Z] INFO: DB Updated,0xDAf96cB61d28799b3B174C56D3E9335838E5e46D,0xEbF0701BFf3996B1E443Ce74959C8DEd304B1f11,1,0x00910b13e3c9b5c20c71c5bce38ba661fedea6b91d8aec9bb1da8b10f707b5ff
[2025-04-01T10:21:55.832Z] INFO: createTransfer
[2025-04-01T10:21:56.744Z] INFO: price from tatum 2141682418
[2025-04-01T10:21:59.537Z] INFO: DB Updated,0xDAf96cB61d28799b3B174C56D3E9335838E5e46D,0xEbF0701BFf3996B1E443Ce74959C8DEd304B1f11,1,0x1dfdfa34523130716838ae8558c6f4edf9656c8afbb069b28517aa6ff89f059c
[2025-04-01T10:21:59.540Z] INFO: processTransfer error
[2025-04-01T10:21:59.545Z] INFO: createTransfer error
[2025-04-01T10:23:42.969Z] INFO: createTransfer
[2025-04-01T10:23:43.484Z] INFO: price from tatum 2094638944
[2025-04-01T10:23:46.392Z] INFO: DB Updated,0xDAf96cB61d28799b3B174C56D3E9335838E5e46D,0xEbF0701BFf3996B1E443Ce74959C8DEd304B1f11,1,0xcc042055dfbab4ec783a3738c8899680cda426fa3b9dba78ab17dcf733b169a7
[2025-04-01T10:23:46.395Z] INFO: processTransfer error
[2025-04-01T10:23:46.396Z] INFO: createTransfer error
[2025-04-01T10:26:16.497Z] INFO: createTransfer
[2025-04-01T10:26:17.112Z] INFO: price from tatum 975907510
[2025-04-01T10:26:20.142Z] INFO: DB Updated,0xDAf96cB61d28799b3B174C56D3E9335838E5e46D,0xEbF0701BFf3996B1E443Ce74959C8DEd304B1f11,1,0x47043e9ba60f097430561b8af9ca7c214a705eea3c48503a7121dd73ac7becaa
[2025-04-01T10:26:20.146Z] INFO: processTransfer error
[2025-04-01T10:26:20.153Z] INFO: createTransfer error
[2025-04-01T10:28:28.810Z] INFO: createTransfer
[2025-04-01T10:28:29.412Z] INFO: price from tatum 903125803
[2025-04-01T10:28:32.145Z] INFO: 0x3bb687b011331575f2ca7de35fff8e9635d261d4f9c796168e821f0e9ae9bd1d
[2025-04-01T10:28:32.149Z] INFO: DB Updated,0xDAf96cB61d28799b3B174C56D3E9335838E5e46D,0xEbF0701BFf3996B1E443Ce74959C8DEd304B1f11,1,0x3bb687b011331575f2ca7de35fff8e9635d261d4f9c796168e821f0e9ae9bd1d
[2025-04-01T10:28:32.153Z] INFO: processTransfer error
[2025-04-01T10:28:32.160Z] INFO: createTransfer error
[2025-04-01T10:34:23.345Z] INFO: createTransfer
[2025-04-01T10:34:23.887Z] INFO: price from tatum 558311151
[2025-04-01T10:34:26.447Z] INFO: DB Updated,0xDAf96cB61d28799b3B174C56D3E9335838E5e46D,0xEbF0701BFf3996B1E443Ce74959C8DEd304B1f11,1,0x42fb12471f0ec56a73f7fb186c8276d7e887b8c11572c070fc265a0980596125
[2025-04-01T10:34:26.451Z] INFO: processTransfer error
[2025-04-01T10:34:26.458Z] INFO: createTransfer error
[2025-04-01T10:35:14.355Z] INFO: createTransfer
[2025-04-01T10:35:14.943Z] INFO: price from tatum 620964649
[2025-04-01T10:35:27.266Z] INFO: Service Updated,[object Object],0x856cd18944c24c242b60f490b6cfe00bad2b47edc3d3bb98ccc353a5bb24b067
[2025-04-01T10:46:29.184Z] INFO: createTransfer
[2025-04-01T10:46:29.853Z] INFO: price from tatum 355908986
[2025-04-01T10:46:37.840Z] INFO: Service Updated,[object Object],0x534c90066f1a3058fc9b29adfc6a7eb49e520ccac195657b75b131678378ae21
[2025-04-01T10:48:45.959Z] INFO: createTransfer
[2025-04-01T10:48:46.594Z] INFO: price from tatum 292915264
[2025-04-01T10:49:28.591Z] INFO: Service Updated,[object Object],0x36bedfb96ef66615a5051178b3f4e820d38a11857b6a1ff0c15a4441e0dcda82
[2025-04-01T10:49:28.597Z] INFO: DB Updated,0xDAf96cB61d28799b3B174C56D3E9335838E5e46D,0xEbF0701BFf3996B1E443Ce74959C8DEd304B1f11,1,0x36bedfb96ef66615a5051178b3f4e820d38a11857b6a1ff0c15a4441e0dcda82
[2025-04-01T10:49:28.618Z] INFO: createTransfer error
[2025-04-01T10:51:28.479Z] INFO: createTransfer
[2025-04-01T10:51:29.083Z] INFO: price from tatum 445276385
[2025-04-01T10:51:39.360Z] INFO: Service Updated,[object Object],0x7e8b53e322d96625d9ade67ec1062ada9a3cda198e1d1a3ba8dfa3530693513f
[2025-04-01T10:51:39.365Z] INFO: DB Updated,0xDAf96cB61d28799b3B174C56D3E9335838E5e46D,0xEbF0701BFf3996B1E443Ce74959C8DEd304B1f11,1,0x7e8b53e322d96625d9ade67ec1062ada9a3cda198e1d1a3ba8dfa3530693513f
[2025-04-01T10:51:39.383Z] INFO: createTransfer error
[2025-04-01T10:52:23.909Z] INFO: createTransfer
[2025-04-01T10:52:24.446Z] INFO: price from tatum 518225899
[2025-04-01T10:52:38.950Z] INFO: Service Updated,[object Object],0xe2892c8923ec87884fe6cbcba84d585b5ed7f78ee11f684c57fcba746b958a21
[2025-04-01T10:52:38.955Z] INFO: DB Updated,0xDAf96cB61d28799b3B174C56D3E9335838E5e46D,0xEbF0701BFf3996B1E443Ce74959C8DEd304B1f11,1,0xe2892c8923ec87884fe6cbcba84d585b5ed7f78ee11f684c57fcba746b958a21
[2025-04-01T10:52:38.975Z] INFO: createTransfer error
[2025-04-01T10:54:41.040Z] INFO: createTransfer
[2025-04-01T10:54:41.848Z] INFO: price from tatum 734336172
[2025-04-01T10:54:49.000Z] INFO: Service Updated,[object Object],0x244904cafa9a7524d8569c9c2a3378abb57aa4995cc79bea7932d02376c78ca9
[2025-04-01T10:54:49.005Z] INFO: DB Updated,0xDAf96cB61d28799b3B174C56D3E9335838E5e46D,0xEbF0701BFf3996B1E443Ce74959C8DEd304B1f11,1,0x244904cafa9a7524d8569c9c2a3378abb57aa4995cc79bea7932d02376c78ca9
[2025-04-01T10:54:49.025Z] INFO: createTransfer error
[2025-04-01T10:57:27.651Z] INFO: createTransfer
[2025-04-01T10:57:27.796Z] INFO: processTransfer error
[2025-04-01T10:57:27.799Z] INFO: createTransfer error
[2025-04-01T10:57:42.139Z] INFO: createTransfer
[2025-04-01T10:57:42.260Z] INFO: processTransfer error
[2025-04-01T10:57:42.263Z] INFO: createTransfer error
[2025-04-01T10:57:44.844Z] INFO: createTransfer
[2025-04-01T10:57:44.868Z] INFO: processTransfer error
[2025-04-01T10:57:44.869Z] INFO: createTransfer error
[2025-04-01T10:57:45.571Z] INFO: createTransfer
[2025-04-01T10:57:45.604Z] INFO: processTransfer error
[2025-04-01T10:57:45.605Z] INFO: createTransfer error
[2025-04-01T10:57:46.082Z] INFO: createTransfer
[2025-04-01T10:57:46.107Z] INFO: processTransfer error
[2025-04-01T10:57:46.108Z] INFO: createTransfer error
[2025-04-01T10:57:59.132Z] INFO: createTransfer
[2025-04-01T10:57:59.237Z] INFO: processTransfer error
[2025-04-01T10:57:59.239Z] INFO: createTransfer error
[2025-04-01T11:00:08.439Z] INFO: createTransfer
[2025-04-01T11:00:09.058Z] INFO: price from tatum 2850372881
[2025-04-01T11:00:26.671Z] INFO: Service Updated,[object Object],0x5a9ea98855d43ec71e87420213976f00690137d85374553a9ea3c44006b89fa6
[2025-04-01T11:00:26.679Z] INFO: DB Updated,0xDAf96cB61d28799b3B174C56D3E9335838E5e46D,0xEbF0701BFf3996B1E443Ce74959C8DEd304B1f11,1,0x5a9ea98855d43ec71e87420213976f00690137d85374553a9ea3c44006b89fa6
[2025-04-01T11:00:26.699Z] INFO: createTransfer error
[2025-04-01T11:03:47.801Z] INFO: createTransfer
[2025-04-01T11:03:47.962Z] INFO: processTransfer error
[2025-04-01T11:03:47.965Z] INFO: createTransfer error
[2025-04-01T11:04:02.056Z] INFO: createTransfer
[2025-04-01T11:04:02.082Z] INFO: processTransfer error
[2025-04-01T11:04:02.083Z] INFO: createTransfer error
[2025-04-01T11:10:49.242Z] INFO: createTransfer
[2025-04-01T11:10:49.401Z] INFO: processTransfer error
[2025-04-01T11:10:49.403Z] INFO: createTransfer error
[2025-04-01T11:20:33.136Z] INFO: createTransfer
[2025-04-01T11:20:33.716Z] INFO: price from tatum 8630357915
[2025-04-01T11:20:51.637Z] INFO: Service Updated,[object Object],0x91b866118775ef6de808d4c0b1ce3d8e89bcada9f6785d7c1a33904afc479b12
[2025-04-01T11:20:51.643Z] INFO: DB Updated,0xDAf96cB61d28799b3B174C56D3E9335838E5e46D,0xEbF0701BFf3996B1E443Ce74959C8DEd304B1f11,1,0x91b866118775ef6de808d4c0b1ce3d8e89bcada9f6785d7c1a33904afc479b12
[2025-04-01T11:20:51.661Z] INFO: createTransfer error
[2025-04-01T11:24:16.857Z] INFO: createTransfer
[2025-04-01T11:24:16.981Z] INFO: processTransfer error
[2025-04-01T11:24:16.984Z] INFO: createTransfer error
[2025-04-01T11:24:42.381Z] INFO: createTransfer
[2025-04-01T11:24:42.406Z] INFO: processTransfer error
[2025-04-01T11:24:42.407Z] INFO: createTransfer error
[2025-04-01T11:24:43.420Z] INFO: createTransfer
[2025-04-01T11:24:44.200Z] INFO: price from tatum 7765651736
[2025-04-01T11:24:44.221Z] INFO: processTransfer error
[2025-04-01T11:24:44.222Z] INFO: createTransfer error
[2025-04-01T11:25:00.260Z] INFO: createTransfer
[2025-04-01T11:25:00.756Z] INFO: price from tatum 7879069914
[2025-04-01T11:25:14.552Z] INFO: Service Updated,[object Object],0x5e76ebae85ae94fc3261647f0341b9a3a6e87012d6bc2b2ea68e2acc515512f4
[2025-04-01T11:25:14.558Z] INFO: DB Updated,0xDAf96cB61d28799b3B174C56D3E9335838E5e46D,0xEbF0701BFf3996B1E443Ce74959C8DEd304B1f11,1,0x5e76ebae85ae94fc3261647f0341b9a3a6e87012d6bc2b2ea68e2acc515512f4
[2025-04-01T11:25:14.574Z] INFO: createTransfer error
[2025-04-01T11:28:40.165Z] INFO: createTransfer
[2025-04-01T11:28:40.726Z] INFO: price from tatum 8291129358
[2025-04-01T11:28:50.360Z] INFO: Service Updated,[object Object],0x7224785b2f09199ab0d1c65f0a81ac434f56723903184b4f90119292299aefce
[2025-04-01T11:28:50.365Z] INFO: DB Updated,0xDAf96cB61d28799b3B174C56D3E9335838E5e46D,0xEbF0701BFf3996B1E443Ce74959C8DEd304B1f11,1,0x7224785b2f09199ab0d1c65f0a81ac434f56723903184b4f90119292299aefce
[2025-04-01T11:28:50.382Z] INFO: createTransfer error
[2025-04-01T11:29:45.545Z] INFO: createTransfer
[2025-04-01T11:29:46.084Z] INFO: price from tatum 8535159584
[2025-04-01T11:30:01.744Z] INFO: Service Updated,[object Object],0xa9be5aaf5440d568f2b4ef0638e1593aac59f657f0e5f22b49d0c8d56041f543
[2025-04-01T11:30:01.750Z] INFO: DB Updated,0xDAf96cB61d28799b3B174C56D3E9335838E5e46D,0xEbF0701BFf3996B1E443Ce74959C8DEd304B1f11,1,0xa9be5aaf5440d568f2b4ef0638e1593aac59f657f0e5f22b49d0c8d56041f543
[2025-04-01T11:30:01.767Z] INFO: createTransfer error
[2025-04-01T11:31:54.025Z] INFO: createTransfer
[2025-04-01T11:31:54.589Z] INFO: price from tatum 7621440230
[2025-04-01T11:32:23.847Z] INFO: processTransfer error
[2025-04-01T11:32:23.853Z] INFO: createTransfer error
[2025-04-01T11:33:08.588Z] INFO: createTransfer
[2025-04-01T11:33:08.713Z] INFO: processTransfer error
[2025-04-01T11:33:08.715Z] INFO: createTransfer error
[2025-04-01T11:33:44.762Z] INFO: createTransfer
[2025-04-01T11:33:44.789Z] INFO: processTransfer error
[2025-04-01T11:33:44.790Z] INFO: createTransfer error
[2025-04-01T11:33:45.580Z] INFO: createTransfer
[2025-04-01T11:33:45.606Z] INFO: processTransfer error
[2025-04-01T11:33:45.607Z] INFO: createTransfer error
[2025-04-01T11:33:45.814Z] INFO: createTransfer
[2025-04-01T11:33:45.831Z] INFO: processTransfer error
[2025-04-01T11:33:45.831Z] INFO: createTransfer error
[2025-04-01T11:33:47.597Z] INFO: createTransfer
[2025-04-01T11:33:47.621Z] INFO: processTransfer error
[2025-04-01T11:33:47.622Z] INFO: createTransfer error
[2025-04-01T11:33:48.019Z] INFO: createTransfer
[2025-04-01T11:33:48.034Z] INFO: processTransfer error
[2025-04-01T11:33:48.035Z] INFO: createTransfer error
[2025-04-01T11:33:48.192Z] INFO: createTransfer
[2025-04-01T11:33:48.204Z] INFO: processTransfer error
[2025-04-01T11:33:48.205Z] INFO: createTransfer error
[2025-04-01T11:33:48.378Z] INFO: createTransfer
[2025-04-01T11:33:48.394Z] INFO: processTransfer error
[2025-04-01T11:33:48.395Z] INFO: createTransfer error
[2025-04-01T11:33:48.533Z] INFO: createTransfer
[2025-04-01T11:33:48.551Z] INFO: processTransfer error
[2025-04-01T11:33:48.551Z] INFO: createTransfer error
[2025-04-01T11:33:48.709Z] INFO: createTransfer
[2025-04-01T11:33:48.725Z] INFO: processTransfer error
[2025-04-01T11:33:48.725Z] INFO: createTransfer error
[2025-04-01T11:33:48.870Z] INFO: createTransfer
[2025-04-01T11:33:48.884Z] INFO: processTransfer error
[2025-04-01T11:33:48.885Z] INFO: createTransfer error
[2025-04-01T11:33:49.237Z] INFO: createTransfer
[2025-04-01T11:33:49.260Z] INFO: processTransfer error
[2025-04-01T11:33:49.260Z] INFO: createTransfer error
[2025-04-01T11:33:49.421Z] INFO: createTransfer
[2025-04-01T11:33:49.437Z] INFO: processTransfer error
[2025-04-01T11:33:49.437Z] INFO: createTransfer error
[2025-04-01T11:33:58.241Z] INFO: createTransfer
[2025-04-01T11:33:58.357Z] INFO: processTransfer error
[2025-04-01T11:33:58.359Z] INFO: createTransfer error
[2025-04-01T11:34:32.182Z] INFO: createTransfer
[2025-04-01T11:34:32.319Z] INFO: processTransfer error
[2025-04-01T11:34:32.325Z] INFO: createTransfer error
[2025-04-01T11:35:50.210Z] INFO: createTransfer
[2025-04-01T11:35:50.368Z] INFO: processTransfer error
[2025-04-01T11:35:50.370Z] INFO: createTransfer error
[2025-04-01T11:38:03.057Z] INFO: createTransfer
[2025-04-01T11:38:03.637Z] INFO: price from tatum 4508543402
[2025-04-01T11:38:03.699Z] INFO: processTransfer error
[2025-04-01T11:38:03.701Z] INFO: createTransfer error
[2025-04-01T11:38:18.032Z] INFO: createTransfer
[2025-04-01T11:38:18.591Z] INFO: price from tatum 4087911116
[2025-04-01T11:38:18.612Z] INFO: processTransfer error
[2025-04-01T11:38:18.618Z] INFO: createTransfer error
[2025-04-01T11:40:17.376Z] INFO: createTransfer
[2025-04-01T11:40:17.515Z] INFO: processTransfer error
[2025-04-01T11:40:17.517Z] INFO: createTransfer error
[2025-04-01T11:41:43.176Z] INFO: createTransfer
[2025-04-01T11:41:43.684Z] INFO: price from tatum 2557838572
[2025-04-01T11:41:43.747Z] INFO: processTransfer error
[2025-04-01T11:41:43.755Z] INFO: createTransfer error
[2025-04-01T11:43:51.898Z] INFO: createTransfer
[2025-04-01T11:43:51.901Z] INFO: 1
[2025-04-01T11:43:51.949Z] INFO: 2
[2025-04-01T11:43:52.059Z] INFO: processTransfer error
[2025-04-01T11:43:52.062Z] INFO: createTransfer error
[2025-04-01T11:43:54.958Z] INFO: createTransfer
[2025-04-01T11:43:54.958Z] INFO: 1
[2025-04-01T11:43:54.962Z] INFO: 2
[2025-04-01T11:43:55.487Z] INFO: price from tatum 3355649057
[2025-04-01T11:43:55.488Z] INFO: 3
[2025-04-01T11:43:55.550Z] INFO: processTransfer error
[2025-04-01T11:43:55.551Z] INFO: createTransfer error
[2025-04-01T11:46:10.414Z] INFO: createTransfer
[2025-04-01T11:46:10.415Z] INFO: 1
[2025-04-01T11:46:10.454Z] INFO: 2
[2025-04-01T11:46:11.289Z] INFO: price from tatum 35590356
[2025-04-01T11:46:11.290Z] INFO: 3
[2025-04-01T11:46:11.313Z] INFO: processTransfer error
[2025-04-01T11:46:11.320Z] INFO: createTransfer error
[2025-04-01T11:47:01.606Z] INFO: createTransfer
[2025-04-01T11:47:01.607Z] INFO: 1
[2025-04-01T11:47:01.645Z] INFO: 2
[2025-04-01T11:47:01.690Z] INFO: processTransfer error
[2025-04-01T11:47:01.694Z] INFO: createTransfer error
[2025-04-01T11:47:09.657Z] INFO: createTransfer
[2025-04-01T11:47:09.657Z] INFO: 1
[2025-04-01T11:47:09.661Z] INFO: 2
[2025-04-01T11:47:09.674Z] INFO: processTransfer error
[2025-04-01T11:47:09.675Z] INFO: createTransfer error
[2025-04-01T11:47:10.324Z] INFO: createTransfer
[2025-04-01T11:47:10.324Z] INFO: 1
[2025-04-01T11:47:10.329Z] INFO: 2
[2025-04-01T11:47:10.349Z] INFO: processTransfer error
[2025-04-01T11:47:10.350Z] INFO: createTransfer error
[2025-04-01T11:47:20.593Z] INFO: createTransfer
[2025-04-01T11:47:20.594Z] INFO: 1
[2025-04-01T11:47:20.631Z] INFO: 2
[2025-04-01T11:47:20.679Z] INFO: processTransfer error
[2025-04-01T11:47:20.682Z] INFO: createTransfer error
[2025-04-01T11:57:48.678Z] INFO: createTransfer
[2025-04-01T11:57:48.679Z] INFO: 1
[2025-04-01T11:57:48.712Z] INFO: 2
[2025-04-01T11:57:48.796Z] INFO: processTransfer error
[2025-04-01T11:57:48.799Z] INFO: createTransfer error
[2025-04-01T11:59:52.342Z] INFO: createTransfer
[2025-04-01T11:59:52.344Z] INFO: 1
[2025-04-01T11:59:52.380Z] INFO: 2
[2025-04-01T11:59:52.429Z] INFO: processTransfer error request to https://eth-holesky.g.alchemy.com/v2/d_oLrIQuW2mNOhc0Z5WvBMpHzOPeBGDV failed, reason: connect ECONNREFUSED 104.19.157.14:443
[2025-04-01T11:59:52.432Z] INFO: createTransfer error
[2025-04-01T12:00:05.307Z] INFO: createTransfer
[2025-04-01T12:00:05.308Z] INFO: 1
[2025-04-01T12:00:05.312Z] INFO: 2
[2025-04-01T12:00:05.347Z] INFO: processTransfer error request to https://eth-holesky.g.alchemy.com/v2/d_oLrIQuW2mNOhc0Z5WvBMpHzOPeBGDV failed, reason: connect ECONNREFUSED 104.19.157.14:443
[2025-04-01T12:00:05.348Z] INFO: createTransfer error
[2025-04-01T12:00:06.031Z] INFO: createTransfer
[2025-04-01T12:00:06.031Z] INFO: 1
[2025-04-01T12:00:06.036Z] INFO: 2
[2025-04-01T12:00:06.783Z] INFO: price from tatum 35590356
[2025-04-01T12:00:06.783Z] INFO: 3
[2025-04-01T12:00:06.805Z] INFO: processTransfer error request to https://eth-holesky.g.alchemy.com/v2/d_oLrIQuW2mNOhc0Z5WvBMpHzOPeBGDV failed, reason: connect ECONNREFUSED 104.19.158.14:443
[2025-04-01T12:00:06.806Z] INFO: createTransfer error
[2025-04-01T12:02:55.098Z] INFO: createTransfer
[2025-04-01T12:02:55.099Z] INFO: 1
[2025-04-01T12:02:55.131Z] INFO: 2
[2025-04-01T12:02:55.198Z] INFO: processTransfer error request to https://eth-holesky.g.alchemy.com/v2/d_oLrIQuW2mNOhc0Z5WvBMpHzOPeBGDV failed, reason: connect ECONNREFUSED 104.19.158.14:443
[2025-04-01T12:02:55.201Z] INFO: createTransfer error
[2025-04-01T12:19:54.258Z] INFO: createTransfer
[2025-04-01T12:19:54.259Z] INFO: 1
[2025-04-01T12:19:54.297Z] INFO: 2
[2025-04-01T12:19:55.124Z] INFO: price from tatum 35590356
[2025-04-01T12:19:55.125Z] INFO: 3
[2025-04-01T12:19:55.501Z] INFO: 4
[2025-04-01T12:19:55.501Z] INFO: 5
[2025-04-01T12:19:57.744Z] INFO: 6
[2025-04-01T12:20:02.028Z] INFO: Service Updated,[object Object],0x00748a10d9b17e980b1de346e2f6b14dfe58276b65d3bcb5d1aa5484d84f8a65
[2025-04-01T12:20:02.034Z] INFO: DB Updated------,0xDAf96cB61d28799b3B174C56D3E9335838E5e46D,0xEbF0701BFf3996B1E443Ce74959C8DEd304B1f11,11,0x00748a10d9b17e980b1de346e2f6b14dfe58276b65d3bcb5d1aa5484d84f8a65
[2025-04-01T12:20:02.053Z] INFO: createTransfer error
[2025-04-01T12:29:52.342Z] INFO: createTransfer
[2025-04-01T12:29:52.344Z] INFO: 1
[2025-04-01T12:29:52.380Z] INFO: 2
[2025-04-01T12:29:53.076Z] INFO: price from tatum 35590356
[2025-04-01T12:29:53.077Z] INFO: 3
[2025-04-01T12:29:53.450Z] INFO: 4
[2025-04-01T12:29:53.450Z] INFO: 5
[2025-04-01T12:29:54.933Z] INFO: 6
[2025-04-01T12:30:01.980Z] INFO: Service Updated,[object Object],0x268bd46c62ef871d99db21001752a243ff398fa135727479b23829dbe7f5c86a
[2025-04-01T12:30:01.986Z] INFO: DB Updated------,0xDAf96cB61d28799b3B174C56D3E9335838E5e46D,0xEbF0701BFf3996B1E443Ce74959C8DEd304B1f11,11,0x268bd46c62ef871d99db21001752a243ff398fa135727479b23829dbe7f5c86a
[2025-04-01T12:30:02.005Z] INFO: createTransfer error
