[2025-04-04T05:12:09.255Z] INFO: ✅Server running on port 4000
[2025-04-04T05:12:09.267Z] INFO: ✅MongoDB Connected
[2025-04-04T05:13:19.456Z] INFO: ✅Server running on port 4000
[2025-04-04T05:13:19.466Z] INFO: ✅MongoDB Connected
[2025-04-04T05:13:56.608Z] INFO: ✅Server running on port 4000
[2025-04-04T05:13:56.618Z] INFO: ✅MongoDB Connected
[2025-04-04T05:16:28.834Z] INFO: ✅Server running on port 4000
[2025-04-04T05:16:28.844Z] INFO: ✅MongoDB Connected
[2025-04-04T05:53:25.701Z] INFO: ✅Server running on port 4000
[2025-04-04T05:53:25.717Z] INFO: ✅MongoDB Connected
[2025-04-04T05:56:25.671Z] INFO: ✅Server running on port 4000
[2025-04-04T05:56:25.682Z] INFO: ✅MongoDB Connected
[2025-04-04T06:22:14.299Z] INFO: ✅Server running on port 4000
[2025-04-04T06:22:14.311Z] INFO: ✅MongoDB Connected
[2025-04-04T07:00:44.567Z] INFO: ✅Server running on port 4000
[2025-04-04T07:00:44.580Z] INFO: ✅MongoDB Connected
[2025-04-04T07:00:45.569Z] INFO: createTransfer
[2025-04-04T07:00:46.814Z] INFO: CONTRACT USER BALANCE,989999999999999831150
[2025-04-04T07:00:46.815Z] INFO: 1
[2025-04-04T07:00:46.816Z] INFO: 2
[2025-04-04T07:00:47.629Z] INFO: price from tatum 49301421
[2025-04-04T07:00:47.629Z] INFO: 3
[2025-04-04T07:00:48.375Z] INFO: 4
[2025-04-04T07:00:48.376Z] INFO: 5
[2025-04-04T07:00:49.595Z] INFO: processTransfer error Web3 validator found 1 error[s]:
value "true" at "/0" must pass "bytes" validation
[2025-04-04T07:00:49.596Z] INFO: createTransfer error
[2025-04-04T07:01:05.256Z] INFO: createTransfer
[2025-04-04T07:01:06.599Z] INFO: CONTRACT USER BALANCE,989999999999999831150
[2025-04-04T07:01:06.600Z] INFO: 1
[2025-04-04T07:01:06.601Z] INFO: 2
[2025-04-04T07:01:07.046Z] INFO: price from tatum 58081359
[2025-04-04T07:01:07.047Z] INFO: 3
[2025-04-04T07:01:08.004Z] INFO: 4
[2025-04-04T07:01:08.005Z] INFO: 5
[2025-04-04T07:01:08.982Z] INFO: processTransfer error Web3 validator found 1 error[s]:
value "true" at "/0" must pass "bytes" validation
[2025-04-04T07:01:08.983Z] INFO: createTransfer error
[2025-04-04T07:05:33.025Z] INFO: ✅Server running on port 4000
[2025-04-04T07:05:33.036Z] INFO: ✅MongoDB Connected
[2025-04-04T07:07:33.161Z] INFO: ✅Server running on port 4000
[2025-04-04T07:07:33.172Z] INFO: ✅MongoDB Connected
[2025-04-04T07:07:35.672Z] INFO: createTransfer
[2025-04-04T07:07:36.628Z] INFO: CONTRACT USER BALANCE,989999999999999831150
[2025-04-04T07:07:36.629Z] INFO: 1
[2025-04-04T07:07:36.630Z] INFO: 2
[2025-04-04T07:07:37.341Z] INFO: price from tatum 70087044
[2025-04-04T07:07:37.341Z] INFO: 3
[2025-04-04T07:07:38.157Z] INFO: 4
[2025-04-04T07:07:38.158Z] INFO: 5
[2025-04-04T07:07:40.636Z] INFO: processTransfer error Web3 validator found 1 error[s]:
value "true" at "/0" must pass "bytes" validation
[2025-04-04T07:07:40.637Z] INFO: createTransfer error
[2025-04-04T07:08:00.333Z] INFO: ✅Server running on port 4000
[2025-04-04T07:08:00.346Z] INFO: ✅MongoDB Connected
[2025-04-04T07:20:13.038Z] INFO: ✅Server running on port 4000
[2025-04-04T07:20:13.051Z] INFO: ✅MongoDB Connected
[2025-04-04T07:20:14.258Z] INFO: createTransfer
[2025-04-04T07:20:15.234Z] INFO: CONTRACT USER BALANCE,989999999999999831150
[2025-04-04T07:20:15.235Z] INFO: 1
[2025-04-04T07:20:15.237Z] INFO: 2
[2025-04-04T07:20:15.710Z] INFO: price from tatum 87300187
[2025-04-04T07:20:15.710Z] INFO: 3
[2025-04-04T07:20:16.556Z] INFO: 4
[2025-04-04T07:20:16.557Z] INFO: 5
[2025-04-04T07:20:19.090Z] INFO: processTransfer error Web3 validator found 1 error[s]:
value "true" at "/0" must pass "bytes" validation
[2025-04-04T07:20:19.090Z] INFO: createTransfer error
[2025-04-04T07:24:24.403Z] INFO: ✅Server running on port 4000
[2025-04-04T07:24:24.414Z] INFO: ✅MongoDB Connected
[2025-04-04T07:24:37.422Z] INFO: ✅Server running on port 4000
[2025-04-04T07:24:37.434Z] INFO: ✅MongoDB Connected
[2025-04-04T07:25:33.934Z] INFO: ✅Server running on port 4000
[2025-04-04T07:25:33.953Z] INFO: ✅MongoDB Connected
[2025-04-04T07:25:52.237Z] INFO: ✅Server running on port 4000
[2025-04-04T07:25:52.254Z] INFO: ✅MongoDB Connected
[2025-04-04T07:34:24.988Z] INFO: ✅Server running on port 4000
[2025-04-04T07:34:24.999Z] INFO: ✅MongoDB Connected
[2025-04-04T07:34:36.185Z] INFO: ✅Server running on port 4000
[2025-04-04T07:34:36.197Z] INFO: ✅MongoDB Connected
[2025-04-04T07:34:54.357Z] INFO: ✅Server running on port 4000
[2025-04-04T07:34:54.370Z] INFO: ✅MongoDB Connected
[2025-04-04T07:35:45.992Z] INFO: ✅Server running on port 4000
[2025-04-04T07:35:46.004Z] INFO: ✅MongoDB Connected
[2025-04-04T08:28:27.595Z] INFO: ✅Server running on port 4000
[2025-04-04T08:28:27.610Z] INFO: ✅MongoDB Connected
[2025-04-04T08:28:42.784Z] INFO: ✅Server running on port 4000
[2025-04-04T08:28:42.795Z] INFO: ✅MongoDB Connected
[2025-04-04T08:28:44.183Z] INFO: createTransfer
[2025-04-04T08:28:44.829Z] INFO: CONTRACT USER BALANCE,989999999999999831150
[2025-04-04T08:28:44.830Z] INFO: 1
[2025-04-04T08:28:44.832Z] INFO: 2
[2025-04-04T08:28:45.914Z] INFO: price from tatum 2284454160
[2025-04-04T08:28:45.915Z] INFO: 3
[2025-04-04T08:28:46.254Z] INFO: 4
[2025-04-04T08:28:46.255Z] INFO: 5
[2025-04-04T08:28:48.270Z] INFO: processTransfer error Maximum call stack size exceeded
[2025-04-04T08:28:48.271Z] INFO: createTransfer error
[2025-04-04T08:29:02.420Z] INFO: createTransfer
[2025-04-04T08:29:03.260Z] INFO: CONTRACT USER BALANCE,989999999999999831150
[2025-04-04T08:29:03.260Z] INFO: 1
[2025-04-04T08:29:03.261Z] INFO: 2
[2025-04-04T08:29:04.020Z] INFO: price from tatum 2440867545
[2025-04-04T08:29:04.020Z] INFO: 3
[2025-04-04T08:29:04.585Z] INFO: 4
[2025-04-04T08:29:04.586Z] INFO: 5
[2025-04-04T08:29:06.592Z] INFO: processTransfer error Maximum call stack size exceeded
[2025-04-04T08:29:06.593Z] INFO: createTransfer error
[2025-04-04T08:30:36.637Z] INFO: ✅Server running on port 4000
[2025-04-04T08:30:36.650Z] INFO: ✅MongoDB Connected
[2025-04-04T08:30:39.572Z] INFO: createTransfer
[2025-04-04T08:30:40.432Z] INFO: CONTRACT USER BALANCE,989999999999999831150
[2025-04-04T08:30:40.433Z] INFO: 1
[2025-04-04T08:30:40.435Z] INFO: 2
[2025-04-04T08:30:41.280Z] INFO: price from tatum 1120167984
[2025-04-04T08:30:41.280Z] INFO: 3
[2025-04-04T08:30:41.619Z] INFO: 4
[2025-04-04T08:30:41.620Z] INFO: 5
[2025-04-04T08:30:43.200Z] INFO: processTransfer error Maximum call stack size exceeded
[2025-04-04T08:30:43.201Z] INFO: createTransfer error
[2025-04-04T08:32:38.475Z] INFO: ✅Server running on port 4000
[2025-04-04T08:32:38.487Z] INFO: ✅MongoDB Connected
[2025-04-04T08:32:39.011Z] INFO: createTransfer
[2025-04-04T08:32:39.817Z] INFO: CONTRACT USER BALANCE,989999999999999831150
[2025-04-04T08:32:39.818Z] INFO: 1
[2025-04-04T08:32:39.820Z] INFO: 2
[2025-04-04T08:32:40.305Z] INFO: price from tatum 1051900267
[2025-04-04T08:32:40.306Z] INFO: 3
[2025-04-04T08:32:41.166Z] INFO: 4
[2025-04-04T08:32:41.167Z] INFO: 5
[2025-04-04T08:32:43.084Z] INFO: processTransfer error Maximum call stack size exceeded
[2025-04-04T08:32:43.085Z] INFO: createTransfer error
[2025-04-04T08:35:34.334Z] INFO: ✅Server running on port 4000
[2025-04-04T08:35:34.349Z] INFO: ✅MongoDB Connected
[2025-04-04T08:42:49.907Z] INFO: ✅Server running on port 4000
[2025-04-04T08:42:49.919Z] INFO: ✅MongoDB Connected
[2025-04-04T08:43:01.262Z] INFO: ✅Server running on port 4000
[2025-04-04T08:43:01.272Z] INFO: ✅MongoDB Connected
[2025-04-04T08:43:04.324Z] INFO: createTransfer
[2025-04-04T08:43:04.752Z] INFO: CONTRACT USER BALANCE,989999999999999831150
[2025-04-04T08:43:04.753Z] INFO: 1
[2025-04-04T08:43:04.755Z] INFO: 2
[2025-04-04T08:43:07.050Z] INFO: price from tatum 806516515
[2025-04-04T08:43:07.050Z] INFO: 3
[2025-04-04T08:43:07.864Z] INFO: 4
[2025-04-04T08:43:07.864Z] INFO: 5
[2025-04-04T08:43:09.874Z] INFO: processTransfer error Maximum call stack size exceeded
[2025-04-04T08:43:09.874Z] INFO: createTransfer error
[2025-04-04T08:43:44.737Z] INFO: ✅Server running on port 4000
[2025-04-04T08:43:44.748Z] INFO: ✅MongoDB Connected
[2025-04-04T08:43:45.419Z] INFO: createTransfer
[2025-04-04T08:43:45.837Z] INFO: CONTRACT USER BALANCE,989999999999999831150
[2025-04-04T08:43:45.838Z] INFO: 1
[2025-04-04T08:43:45.840Z] INFO: 2
[2025-04-04T08:43:46.623Z] INFO: price from tatum 970260098
[2025-04-04T08:43:46.624Z] INFO: 3
[2025-04-04T08:43:46.952Z] INFO: 4
[2025-04-04T08:43:46.953Z] INFO: 5
[2025-04-04T08:43:49.027Z] INFO: processTransfer error Maximum call stack size exceeded
[2025-04-04T08:43:49.027Z] INFO: createTransfer error
[2025-04-04T08:44:49.443Z] INFO: ✅Server running on port 4000
[2025-04-04T08:44:49.459Z] INFO: ✅MongoDB Connected
[2025-04-04T08:45:33.461Z] INFO: ✅Server running on port 4000
[2025-04-04T08:45:33.471Z] INFO: ✅MongoDB Connected
[2025-04-04T08:45:53.468Z] INFO: ✅Server running on port 4000
[2025-04-04T08:45:53.481Z] INFO: ✅MongoDB Connected
[2025-04-04T08:45:57.994Z] INFO: createTransfer
[2025-04-04T08:45:58.485Z] INFO: CONTRACT USER BALANCE,989999999999999831150
[2025-04-04T08:45:58.486Z] INFO: 1
[2025-04-04T08:45:58.488Z] INFO: 2
[2025-04-04T08:45:58.933Z] INFO: price from tatum 725908022
[2025-04-04T08:45:58.933Z] INFO: 3
[2025-04-04T08:45:59.621Z] INFO: 4
[2025-04-04T08:45:59.622Z] INFO: 5
[2025-04-04T08:46:01.052Z] INFO: processTransfer error Maximum call stack size exceeded
[2025-04-04T08:46:01.053Z] INFO: createTransfer error
[2025-04-04T08:46:49.864Z] INFO: ✅Server running on port 4000
[2025-04-04T08:46:49.876Z] INFO: ✅MongoDB Connected
[2025-04-04T08:48:29.848Z] INFO: ✅Server running on port 4000
[2025-04-04T08:48:29.858Z] INFO: ✅MongoDB Connected
[2025-04-04T08:48:33.497Z] INFO: createTransfer
[2025-04-04T08:48:34.484Z] INFO: CONTRACT USER BALANCE,989999999999999831150
[2025-04-04T08:48:34.485Z] INFO: 1
[2025-04-04T08:48:34.486Z] INFO: 2
[2025-04-04T08:48:34.988Z] INFO: price from tatum 707388133
[2025-04-04T08:48:34.988Z] INFO: 3
[2025-04-04T08:48:35.447Z] INFO: 4
[2025-04-04T08:48:35.447Z] INFO: 5
[2025-04-04T08:48:35.451Z] INFO: signedTx
[2025-04-04T08:48:35.451Z] INFO: 6
[2025-04-04T08:48:35.453Z] INFO: createTransfer error
[2025-04-04T08:49:10.962Z] INFO: ✅Server running on port 4000
[2025-04-04T08:49:10.976Z] INFO: ✅MongoDB Connected
[2025-04-04T08:49:13.071Z] INFO: createTransfer
[2025-04-04T08:49:13.847Z] INFO: CONTRACT USER BALANCE,989999999999999831150
[2025-04-04T08:49:13.848Z] INFO: 1
[2025-04-04T08:49:13.850Z] INFO: 2
[2025-04-04T08:49:14.687Z] INFO: price from tatum 716057260
[2025-04-04T08:49:14.687Z] INFO: 3
[2025-04-04T08:49:15.593Z] INFO: 4
[2025-04-04T08:49:15.593Z] INFO: 5
[2025-04-04T08:49:17.130Z] INFO: processTransfer error Maximum call stack size exceeded
[2025-04-04T08:49:17.130Z] INFO: createTransfer error
[2025-04-04T08:51:08.011Z] INFO: ✅Server running on port 4000
[2025-04-04T08:51:08.024Z] INFO: ✅MongoDB Connected
[2025-04-04T08:51:10.361Z] INFO: createTransfer
[2025-04-04T08:51:10.748Z] INFO: CONTRACT USER BALANCE,989999999999999831150
[2025-04-04T08:51:10.749Z] INFO: 1
[2025-04-04T08:51:10.751Z] INFO: 2
[2025-04-04T08:51:11.205Z] INFO: price from tatum 748519449
[2025-04-04T08:51:11.205Z] INFO: 3
[2025-04-04T08:51:11.568Z] INFO: 4
[2025-04-04T08:51:11.569Z] INFO: 5
[2025-04-04T08:51:13.620Z] INFO: signedTx
[2025-04-04T08:51:13.620Z] INFO: 6
[2025-04-04T08:51:13.621Z] INFO: createTransfer error
[2025-04-04T08:52:10.990Z] INFO: ✅Server running on port 4000
[2025-04-04T08:52:11.003Z] INFO: ✅MongoDB Connected
[2025-04-04T08:52:14.160Z] INFO: createTransfer
[2025-04-04T08:52:14.581Z] INFO: CONTRACT USER BALANCE,989999999999999831150
[2025-04-04T08:52:14.582Z] INFO: 1
[2025-04-04T08:52:14.583Z] INFO: 2
[2025-04-04T08:52:15.559Z] INFO: price from tatum 768763512
[2025-04-04T08:52:15.559Z] INFO: 3
[2025-04-04T08:52:15.911Z] INFO: 4
[2025-04-04T08:52:15.912Z] INFO: 5
[2025-04-04T08:52:17.519Z] INFO: signedTx
[2025-04-04T08:52:17.519Z] INFO: 6
[2025-04-04T08:52:17.520Z] INFO: createTransfer error
[2025-04-04T08:53:34.653Z] INFO: ✅Server running on port 4000
[2025-04-04T08:53:34.666Z] INFO: ✅MongoDB Connected
[2025-04-04T08:53:40.065Z] INFO: createTransfer
[2025-04-04T08:53:40.841Z] INFO: CONTRACT USER BALANCE,989999999999999831150
[2025-04-04T08:53:40.842Z] INFO: 1
[2025-04-04T08:53:40.843Z] INFO: 2
[2025-04-04T08:53:41.829Z] INFO: price from tatum 831545291
[2025-04-04T08:53:41.829Z] INFO: 3
[2025-04-04T08:53:42.652Z] INFO: 4
[2025-04-04T08:53:42.652Z] INFO: 5
[2025-04-04T08:53:43.722Z] INFO: signedTx
[2025-04-04T08:53:43.722Z] INFO: 6
[2025-04-04T08:53:43.724Z] INFO: DB Updated------,0xDAf96cB61d28799b3B174C56D3E9335838E5e46D,0xEbF0701BFf3996B1E443Ce74959C8DEd304B1f11,1,0x050d4dff625a067d357235ce0b0145ab4eb037d22902e49a94c942cdc9b74500
[2025-04-04T08:53:51.453Z] INFO: Service Updated,[object Object],0x050d4dff625a067d357235ce0b0145ab4eb037d22902e49a94c942cdc9b74500
[2025-04-04T08:53:51.454Z] INFO: createTransfer error
[2025-04-04T08:54:40.101Z] INFO: ✅Server running on port 4000
[2025-04-04T08:54:40.125Z] INFO: ✅MongoDB Connected
[2025-04-04T08:55:49.758Z] INFO: ✅Server running on port 4000
[2025-04-04T08:55:49.771Z] INFO: ✅MongoDB Connected
[2025-04-04T08:57:48.022Z] INFO: ✅Server running on port 4000
[2025-04-04T08:57:48.032Z] INFO: ✅MongoDB Connected
[2025-04-04T08:57:48.659Z] INFO: createTransfer
[2025-04-04T08:57:49.551Z] INFO: CONTRACT USER BALANCE,989999999999999831149
[2025-04-04T08:57:49.552Z] INFO: 1
[2025-04-04T08:57:49.554Z] INFO: 2
[2025-04-04T08:57:50.073Z] INFO: price from tatum 920837929
[2025-04-04T08:57:50.073Z] INFO: 3
[2025-04-04T08:57:50.977Z] INFO: 4
[2025-04-04T08:57:50.978Z] INFO: 5
[2025-04-04T08:57:52.786Z] INFO: signedTx
[2025-04-04T08:57:52.786Z] INFO: 6
[2025-04-04T08:57:52.788Z] INFO: SaveTransaction------,0xDAf96cB61d28799b3B174C56D3E9335838E5e46D,0xEbF0701BFf3996B1E443Ce74959C8DEd304B1f11,1,0x7d1755ff885e0df0b6fe6a907e3c0292ed34b968af968747d5221a1b466c57b6
[2025-04-04T08:58:02.833Z] INFO: Service Updated,[object Object],0x7d1755ff885e0df0b6fe6a907e3c0292ed34b968af968747d5221a1b466c57b6
[2025-04-04T08:58:02.837Z] INFO: createTransfer error
[2025-04-04T08:58:59.423Z] INFO: ✅Server running on port 4000
[2025-04-04T08:58:59.436Z] INFO: ✅MongoDB Connected
[2025-04-04T08:58:59.962Z] INFO: createTransfer
[2025-04-04T08:59:00.385Z] INFO: CONTRACT USER BALANCE,989999999999999831148
[2025-04-04T08:59:00.386Z] INFO: 1
[2025-04-04T08:59:00.387Z] INFO: 2
[2025-04-04T08:59:00.857Z] INFO: price from tatum 929563740
[2025-04-04T08:59:00.858Z] INFO: 3
[2025-04-04T08:59:01.637Z] INFO: 4
[2025-04-04T08:59:01.638Z] INFO: 5
[2025-04-04T08:59:04.158Z] INFO: signedTx
[2025-04-04T08:59:04.158Z] INFO: 6
[2025-04-04T08:59:04.160Z] INFO: SaveTransaction------,0xDAf96cB61d28799b3B174C56D3E9335838E5e46D,0xEbF0701BFf3996B1E443Ce74959C8DEd304B1f11,1,0xf39618feebc47a5a7590544ba6262909e4c2414990c914f5cfb2d0bb2da98e21
[2025-04-04T08:59:15.876Z] INFO: Service Updated,[object Object],0xf39618feebc47a5a7590544ba6262909e4c2414990c914f5cfb2d0bb2da98e21
[2025-04-04T08:59:15.886Z] INFO: updateTransactionStatus------,0xf39618feebc47a5a7590544ba6262909e4c2414990c914f5cfb2d0bb2da98e21,2
[2025-04-04T09:01:37.345Z] INFO: ✅Server running on port 4000
[2025-04-04T09:01:37.355Z] INFO: ✅MongoDB Connected
[2025-04-04T09:11:45.293Z] INFO: ✅Server running on port 4000
[2025-04-04T09:11:45.303Z] INFO: ✅MongoDB Connected
[2025-04-04T09:12:18.834Z] INFO: ✅Server running on port 4000
[2025-04-04T09:12:18.847Z] INFO: ✅MongoDB Connected
[2025-04-04T09:13:43.473Z] INFO: ✅Server running on port 4000
[2025-04-04T09:13:43.484Z] INFO: ✅MongoDB Connected
[2025-04-04T09:14:24.643Z] INFO: ✅Server running on port 4000
[2025-04-04T09:14:24.654Z] INFO: ✅MongoDB Connected
[2025-04-04T09:14:25.044Z] INFO: createTransfer
[2025-04-04T09:14:25.915Z] INFO: CONTRACT USER BALANCE,989999999999999831147
[2025-04-04T09:14:25.916Z] INFO: 1
[2025-04-04T09:14:25.918Z] INFO: 2
[2025-04-04T09:14:26.838Z] INFO: price from tatum 2274943683
[2025-04-04T09:14:26.838Z] INFO: 3
[2025-04-04T09:14:27.562Z] INFO: 4
[2025-04-04T09:14:27.563Z] INFO: 5
[2025-04-04T09:14:30.070Z] INFO: signedTx
[2025-04-04T09:14:30.070Z] INFO: 6
[2025-04-04T09:14:30.072Z] INFO: SaveTransaction------,0xDAf96cB61d28799b3B174C56D3E9335838E5e46D,0xEbF0701BFf3996B1E443Ce74959C8DEd304B1f11,1,0x890afcefc61e5e08eaeb74938e0a097fbbb9338076a9d84d284d3bd76eb3745e
[2025-04-04T09:14:38.921Z] INFO: Service Updated,[object Object],0x890afcefc61e5e08eaeb74938e0a097fbbb9338076a9d84d284d3bd76eb3745e
[2025-04-04T09:14:38.934Z] INFO: updateTransactionStatus------,0x890afcefc61e5e08eaeb74938e0a097fbbb9338076a9d84d284d3bd76eb3745e,2
[2025-04-04T09:18:51.363Z] INFO: ✅Server running on port 4000
[2025-04-04T09:18:51.379Z] INFO: ✅MongoDB Connected
[2025-04-04T09:19:00.391Z] INFO: ✅Server running on port 4000
[2025-04-04T09:19:00.401Z] INFO: ✅MongoDB Connected
[2025-04-04T09:19:13.560Z] INFO: ✅Server running on port 4000
[2025-04-04T09:19:13.569Z] INFO: ✅MongoDB Connected
[2025-04-04T09:20:53.492Z] INFO: ✅Server running on port 4000
[2025-04-04T09:20:53.504Z] INFO: ✅MongoDB Connected
[2025-04-04T09:21:24.306Z] INFO: ✅Server running on port 4000
[2025-04-04T09:21:24.319Z] INFO: ✅MongoDB Connected
[2025-04-04T09:22:22.531Z] INFO: ✅Server running on port 4000
[2025-04-04T09:22:22.542Z] INFO: ✅MongoDB Connected
[2025-04-04T09:23:06.417Z] INFO: ✅Server running on port 4000
[2025-04-04T09:23:06.430Z] INFO: ✅MongoDB Connected
[2025-04-04T09:23:23.158Z] INFO: ✅Server running on port 4000
[2025-04-04T09:23:23.172Z] INFO: ✅MongoDB Connected
[2025-04-04T09:23:42.849Z] INFO: ✅Server running on port 4000
[2025-04-04T09:23:42.864Z] INFO: ✅MongoDB Connected
[2025-04-04T09:23:52.784Z] INFO: ✅Server running on port 4000
[2025-04-04T09:23:52.796Z] INFO: ✅MongoDB Connected
[2025-04-04T09:24:11.808Z] INFO: ✅Server running on port 4000
[2025-04-04T09:24:11.831Z] INFO: ✅MongoDB Connected
[2025-04-04T09:24:35.950Z] INFO: ✅Server running on port 4000
[2025-04-04T09:24:35.962Z] INFO: ✅MongoDB Connected
[2025-04-04T09:30:11.826Z] INFO: ✅Server running on port 4000
[2025-04-04T09:30:11.836Z] INFO: ✅MongoDB Connected
[2025-04-04T09:31:23.566Z] INFO: ✅Server running on port 4000
[2025-04-04T09:31:23.579Z] INFO: ✅MongoDB Connected
[2025-04-04T09:31:47.155Z] INFO: ✅Server running on port 4000
[2025-04-04T09:31:47.166Z] INFO: ✅MongoDB Connected
[2025-04-04T09:32:06.947Z] INFO: ✅Server running on port 4000
[2025-04-04T09:32:06.961Z] INFO: ✅MongoDB Connected
[2025-04-04T09:32:34.529Z] INFO: ✅Server running on port 4000
[2025-04-04T09:32:34.539Z] INFO: ✅MongoDB Connected
[2025-04-04T09:32:58.532Z] INFO: ✅Server running on port 4000
[2025-04-04T09:32:58.542Z] INFO: ✅MongoDB Connected
[2025-04-04T09:33:41.859Z] INFO: ✅Server running on port 4000
[2025-04-04T09:33:41.869Z] INFO: ✅MongoDB Connected
[2025-04-04T09:34:00.934Z] INFO: ✅Server running on port 4000
[2025-04-04T09:34:00.948Z] INFO: ✅MongoDB Connected
[2025-04-04T09:34:21.133Z] INFO: ✅Server running on port 4000
[2025-04-04T09:34:21.143Z] INFO: ✅MongoDB Connected
[2025-04-04T09:34:56.579Z] INFO: ✅Server running on port 4000
[2025-04-04T09:34:56.589Z] INFO: ✅MongoDB Connected
[2025-04-04T09:35:09.339Z] INFO: ✅Server running on port 4000
[2025-04-04T09:35:09.350Z] INFO: ✅MongoDB Connected
[2025-04-04T09:35:37.369Z] INFO: ✅Server running on port 4000
[2025-04-04T09:35:37.379Z] INFO: ✅MongoDB Connected
[2025-04-04T09:35:51.336Z] INFO: ✅Server running on port 4000
[2025-04-04T09:35:51.349Z] INFO: ✅MongoDB Connected
[2025-04-04T09:36:14.125Z] INFO: ✅Server running on port 4000
[2025-04-04T09:36:14.140Z] INFO: ✅MongoDB Connected
[2025-04-04T09:37:17.808Z] INFO: ✅Server running on port 4000
[2025-04-04T09:37:17.818Z] INFO: ✅MongoDB Connected
[2025-04-04T09:38:31.120Z] INFO: ✅Server running on port 4000
[2025-04-04T09:38:31.130Z] INFO: ✅MongoDB Connected
[2025-04-04T09:39:21.345Z] INFO: ✅Server running on port 4000
[2025-04-04T09:39:21.357Z] INFO: ✅MongoDB Connected
[2025-04-04T09:39:32.265Z] INFO: ✅Server running on port 4000
[2025-04-04T09:39:32.277Z] INFO: ✅MongoDB Connected
[2025-04-04T09:40:26.282Z] INFO: ✅Server running on port 4000
[2025-04-04T09:40:26.295Z] INFO: ✅MongoDB Connected
[2025-04-04T09:40:35.014Z] INFO: CONTRACT USER BALANCE,989999999999999831146
[2025-04-04T09:40:38.225Z] INFO: SaveTransaction------,0xDAf96cB61d28799b3B174C56D3E9335838E5e46D,0xEbF0701BFf3996B1E443Ce74959C8DEd304B1f11,1,0x429856b3c2c8ca33f14eed9b8a55eb6d082be7a9dbf6560424ed114572a1fb9c
[2025-04-04T09:40:51.117Z] INFO: updateTransactionStatus------,0x429856b3c2c8ca33f14eed9b8a55eb6d082be7a9dbf6560424ed114572a1fb9c,2
[2025-04-04T09:40:51.118Z] INFO: Service Updated,[object Object],0x429856b3c2c8ca33f14eed9b8a55eb6d082be7a9dbf6560424ed114572a1fb9c
[2025-04-04T09:42:20.496Z] INFO: ✅Server running on port 4000
[2025-04-04T09:42:20.507Z] INFO: ✅MongoDB Connected
[2025-04-04T09:42:27.015Z] INFO: ✅Server running on port 4000
[2025-04-04T09:42:27.026Z] INFO: ✅MongoDB Connected
[2025-04-04T09:42:28.282Z] INFO: CONTRACT USER BALANCE,989999999999999831145
[2025-04-04T09:42:31.397Z] INFO: SaveTransaction------,0xDAf96cB61d28799b3B174C56D3E9335838E5e46D,0xEbF0701BFf3996B1E443Ce74959C8DEd304B1f11,1,0x71f97f089a0c51056e337821eb1bc2438088d301e7e3c728ba116fad64c896ab
[2025-04-04T09:42:41.143Z] INFO: updateTransactionStatus------,0x71f97f089a0c51056e337821eb1bc2438088d301e7e3c728ba116fad64c896ab,2
[2025-04-04T09:42:41.144Z] INFO: Service Updated,[object Object],0x71f97f089a0c51056e337821eb1bc2438088d301e7e3c728ba116fad64c896ab
[2025-04-04T09:42:41.145Z] INFO: createTransfer error
[2025-04-04T09:45:46.626Z] INFO: CONTRACT USER BALANCE,989999999999999831144
[2025-04-04T09:45:50.843Z] INFO: SaveTransaction------,0xDAf96cB61d28799b3B174C56D3E9335838E5e46D,0xEbF0701BFf3996B1E443Ce74959C8DEd304B1f11,1,0x09d8a59c4ba5563fea804477d2a790c51d0edf372bd35fce0455fc3f1a1ae33c
[2025-04-04T09:46:05.293Z] INFO: updateTransactionStatus------,0x09d8a59c4ba5563fea804477d2a790c51d0edf372bd35fce0455fc3f1a1ae33c,2
[2025-04-04T09:46:05.294Z] INFO: Service Updated,[object Object],0x09d8a59c4ba5563fea804477d2a790c51d0edf372bd35fce0455fc3f1a1ae33c
[2025-04-04T09:46:05.294Z] INFO: createTransfer error
[2025-04-04T09:46:59.704Z] INFO: ✅Server running on port 4000
[2025-04-04T09:46:59.717Z] INFO: ✅MongoDB Connected
[2025-04-04T09:47:03.317Z] INFO: CONTRACT USER BALANCE,989999999999999831143
[2025-04-04T09:47:06.862Z] INFO: SaveTransaction------,0xDAf96cB61d28799b3B174C56D3E9335838E5e46D,0xEbF0701BFf3996B1E443Ce74959C8DEd304B1f11,1,0xc10e075b8c11dcceebd7839f0753a04da76bf6b6d68c536f573dcc424341ec00
[2025-04-04T09:47:28.257Z] INFO: updateTransactionStatus------,0xc10e075b8c11dcceebd7839f0753a04da76bf6b6d68c536f573dcc424341ec00,2
[2025-04-04T09:47:28.257Z] INFO: Service Updated,[object Object],0xc10e075b8c11dcceebd7839f0753a04da76bf6b6d68c536f573dcc424341ec00
[2025-04-04T09:47:28.260Z] INFO: createTransfer error
[2025-04-04T09:55:17.697Z] INFO: ✅Server running on port 4000
[2025-04-04T09:55:17.710Z] INFO: ✅MongoDB Connected
[2025-04-04T09:55:21.002Z] INFO: CONTRACT USER BALANCE,989999999999999831142
[2025-04-04T09:55:24.536Z] INFO: SaveTransaction------,0xDAf96cB61d28799b3B174C56D3E9335838E5e46D,0xEbF0701BFf3996B1E443Ce74959C8DEd304B1f11,1,0x9de25f98a682d0055bc647682e30dd14670f456a6dd7e1105a4b48ea68920e59
[2025-04-04T09:55:41.787Z] INFO: updateTransactionStatus------,0x9de25f98a682d0055bc647682e30dd14670f456a6dd7e1105a4b48ea68920e59,2
[2025-04-04T09:55:41.789Z] INFO: Service Updated,[object Object],0x9de25f98a682d0055bc647682e30dd14670f456a6dd7e1105a4b48ea68920e59
[2025-04-04T09:55:41.790Z] INFO: createTransfer error
[2025-04-04T09:55:59.056Z] INFO: ✅Server running on port 4000
[2025-04-04T09:55:59.067Z] INFO: ✅MongoDB Connected
[2025-04-04T09:56:01.138Z] INFO: CONTRACT USER BALANCE,989999999999999831141
[2025-04-04T09:56:03.764Z] INFO: SaveTransaction------,0xDAf96cB61d28799b3B174C56D3E9335838E5e46D,0xEbF0701BFf3996B1E443Ce74959C8DEd304B1f11,1,0xe051d45efcf57436cce82c8b6fc3876ab288fa24d8d65ac11d7f0fed2aa0452d
[2025-04-04T09:56:18.575Z] INFO: updateTransactionStatus------,0xe051d45efcf57436cce82c8b6fc3876ab288fa24d8d65ac11d7f0fed2aa0452d,2
[2025-04-04T09:56:18.576Z] INFO: Service Updated,[object Object],0xe051d45efcf57436cce82c8b6fc3876ab288fa24d8d65ac11d7f0fed2aa0452d
[2025-04-04T09:56:18.577Z] INFO: createTransfer error
[2025-04-04T09:57:33.785Z] INFO: ✅Server running on port 4000
[2025-04-04T09:57:33.796Z] INFO: ✅MongoDB Connected
[2025-04-04T09:57:50.650Z] INFO: ✅Server running on port 4000
[2025-04-04T09:57:50.660Z] INFO: ✅MongoDB Connected
[2025-04-04T09:57:52.035Z] INFO: CONTRACT USER BALANCE,989999999999999831140
[2025-04-04T09:57:56.913Z] INFO: SaveTransaction------,0xDAf96cB61d28799b3B174C56D3E9335838E5e46D,0xEbF0701BFf3996B1E443Ce74959C8DEd304B1f11,1,0x9668a95c350ebe2bb4de1e0cc093b93fc7669cba1b08ca8858f37e08f369f618
[2025-04-04T09:58:15.437Z] INFO: updateTransactionStatus------,0x9668a95c350ebe2bb4de1e0cc093b93fc7669cba1b08ca8858f37e08f369f618,2
[2025-04-04T09:58:15.437Z] INFO: Service Updated,[object Object],0x9668a95c350ebe2bb4de1e0cc093b93fc7669cba1b08ca8858f37e08f369f618
[2025-04-04T09:58:56.034Z] INFO: ✅Server running on port 4000
[2025-04-04T09:58:56.044Z] INFO: ✅MongoDB Connected
[2025-04-04T10:00:05.684Z] INFO: ✅Server running on port 4000
[2025-04-04T10:00:05.695Z] INFO: ✅MongoDB Connected
[2025-04-04T10:00:07.413Z] INFO: CONTRACT USER BALANCE,989999999999999831139
[2025-04-04T10:00:11.344Z] INFO: SaveTransaction------,0xDAf96cB61d28799b3B174C56D3E9335838E5e46D,0xEbF0701BFf3996B1E443Ce74959C8DEd304B1f11,1,0x50e294efcb83f79ce79c390528faf0876e0f8c6e9b1c6c78439b43c269c2ffff
[2025-04-04T10:00:26.024Z] INFO: updateTransactionStatus------,0x50e294efcb83f79ce79c390528faf0876e0f8c6e9b1c6c78439b43c269c2ffff,2
[2025-04-04T10:00:26.025Z] INFO: Service Updated,[object Object],0x50e294efcb83f79ce79c390528faf0876e0f8c6e9b1c6c78439b43c269c2ffff
[2025-04-04T10:00:44.297Z] INFO: ✅Server running on port 4000
[2025-04-04T10:00:44.307Z] INFO: ✅MongoDB Connected
[2025-04-04T10:01:01.436Z] INFO: ✅Server running on port 4000
[2025-04-04T10:01:01.446Z] INFO: ✅MongoDB Connected
[2025-04-04T10:01:53.127Z] INFO: ✅Server running on port 4000
[2025-04-04T10:01:53.137Z] INFO: ✅MongoDB Connected
[2025-04-04T10:04:26.356Z] INFO: ✅Server running on port 4000
[2025-04-04T10:04:26.366Z] INFO: ✅MongoDB Connected
[2025-04-04T10:08:28.223Z] INFO: ✅Server running on port 4000
[2025-04-04T10:08:28.231Z] INFO: ✅MongoDB Connected
[2025-04-04T10:08:36.004Z] INFO: ✅Server running on port 4000
[2025-04-04T10:08:36.024Z] INFO: ✅MongoDB Connected
[2025-04-04T10:15:32.210Z] INFO: ✅Server running on port 4000
[2025-04-04T10:15:32.220Z] INFO: ✅MongoDB Connected
[2025-04-04T10:15:59.716Z] INFO: ✅Server running on port 4000
[2025-04-04T10:15:59.722Z] INFO: ✅MongoDB Connected
[2025-04-04T10:16:30.315Z] INFO: ✅Server running on port 4000
[2025-04-04T10:16:30.347Z] INFO: ✅MongoDB Connected
[2025-04-04T10:16:35.349Z] INFO: ✅Server running on port 4000
[2025-04-04T10:16:35.355Z] INFO: ✅MongoDB Connected
[2025-04-04T10:17:05.312Z] INFO: ✅Server running on port 4000
[2025-04-04T10:17:05.321Z] INFO: ✅MongoDB Connected
[2025-04-04T10:21:20.620Z] INFO: ✅Server running on port 4000
[2025-04-04T10:21:20.628Z] INFO: ✅MongoDB Connected
[2025-04-04T10:21:28.832Z] INFO: ✅Server running on port 4000
[2025-04-04T10:21:28.838Z] INFO: ✅MongoDB Connected
[2025-04-04T10:22:02.173Z] INFO: ✅Server running on port 4000
[2025-04-04T10:22:02.183Z] INFO: ✅MongoDB Connected
[2025-04-04T10:26:15.990Z] INFO: ✅Server running on port 4000
[2025-04-04T10:26:15.998Z] INFO: ✅MongoDB Connected
[2025-04-04T10:26:47.515Z] INFO: ✅Server running on port 4000
[2025-04-04T10:26:47.521Z] INFO: ✅MongoDB Connected
[2025-04-04T10:28:19.597Z] INFO: CONTRACT USER BALANCE,989999999999999831138
[2025-04-04T10:28:23.688Z] INFO: SaveTransaction------,0xDAf96cB61d28799b3B174C56D3E9335838E5e46D,0xEbF0701BFf3996B1E443Ce74959C8DEd304B1f11,1,0xbb418da3fdab9e0b9393df8e931376371cd965358d6ce86061818d1a6841aaf3
[2025-04-04T10:28:39.153Z] INFO: updateTransactionStatus------,0xbb418da3fdab9e0b9393df8e931376371cd965358d6ce86061818d1a6841aaf3,2
[2025-04-04T10:28:39.153Z] INFO: Service Updated,[object Object],0xbb418da3fdab9e0b9393df8e931376371cd965358d6ce86061818d1a6841aaf3
[2025-04-04T10:28:54.504Z] INFO: createTransfer error
[2025-04-04T10:29:15.499Z] INFO: ✅Server running on port 4000
[2025-04-04T10:29:15.508Z] INFO: ✅MongoDB Connected
[2025-04-04T10:29:20.437Z] INFO: createTransfer error
[2025-04-04T10:30:50.285Z] INFO: ✅Server running on port 4000
[2025-04-04T10:30:50.292Z] INFO: ✅MongoDB Connected
[2025-04-04T10:31:00.833Z] INFO: createTransfer error
[2025-04-04T10:44:39.670Z] INFO: ✅Server running on port 4000
[2025-04-04T10:44:39.679Z] INFO: ✅MongoDB Connected
[2025-04-04T10:44:45.530Z] INFO: createTransfer error
[2025-04-04T10:45:56.258Z] INFO: ✅Server running on port 4000
[2025-04-04T10:45:56.266Z] INFO: ✅MongoDB Connected
[2025-04-04T10:45:56.869Z] INFO: createTransfer error
[2025-04-04T10:46:39.248Z] INFO: ✅Server running on port 4000
[2025-04-04T10:46:39.258Z] INFO: ✅MongoDB Connected
[2025-04-04T10:46:41.216Z] INFO: CONTRACT USER BALANCE,989999999999999831137
[2025-04-04T10:46:45.578Z] INFO: SaveTransaction------,0xDAf96cB61d28799b3B174C56D3E9335838E5e46D,0xEbF0701BFf3996B1E443Ce74959C8DEd304B1f11,1,0x7b424c9a575164216a3aa472f8818829b3000432c6a48e6e418d765bd4b08ecd
[2025-04-04T10:47:02.644Z] INFO: updateTransactionStatus------,0x7b424c9a575164216a3aa472f8818829b3000432c6a48e6e418d765bd4b08ecd,2
[2025-04-04T10:47:02.644Z] INFO: Service Updated,[object Object],0x7b424c9a575164216a3aa472f8818829b3000432c6a48e6e418d765bd4b08ecd
[2025-04-04T10:47:14.921Z] INFO: createTransfer error
[2025-04-04T10:47:33.572Z] INFO: ✅Server running on port 4000
[2025-04-04T10:47:33.581Z] INFO: ✅MongoDB Connected
[2025-04-04T10:47:34.498Z] INFO: createTransfer error
[2025-04-04T10:48:04.283Z] INFO: ✅Server running on port 4000
[2025-04-04T10:48:04.294Z] INFO: ✅MongoDB Connected
[2025-04-04T10:48:45.161Z] INFO: ✅Server running on port 4000
[2025-04-04T10:48:45.167Z] INFO: ✅MongoDB Connected
[2025-04-04T10:51:17.461Z] INFO: ✅Server running on port 4000
[2025-04-04T10:51:17.469Z] INFO: ✅MongoDB Connected
[2025-04-04T10:52:18.227Z] INFO: ✅Server running on port 4000
[2025-04-04T10:52:18.236Z] INFO: ✅MongoDB Connected
[2025-04-04T10:52:36.410Z] INFO: ✅Server running on port 4000
[2025-04-04T10:52:36.418Z] INFO: ✅MongoDB Connected
[2025-04-04T10:53:41.048Z] INFO: ✅Server running on port 4000
[2025-04-04T10:53:41.063Z] INFO: ✅MongoDB Connected
[2025-04-04T10:54:04.514Z] INFO: ✅Server running on port 4000
[2025-04-04T10:54:04.521Z] INFO: ✅MongoDB Connected
[2025-04-04T10:56:19.843Z] INFO: ✅Server running on port 4000
[2025-04-04T10:56:19.850Z] INFO: ✅MongoDB Connected
[2025-04-04T10:56:24.573Z] INFO: ✅Server running on port 4000
[2025-04-04T10:56:24.579Z] INFO: ✅MongoDB Connected
[2025-04-04T10:56:30.116Z] INFO: ✅Server running on port 4000
[2025-04-04T10:56:30.127Z] INFO: ✅MongoDB Connected
[2025-04-04T10:57:04.713Z] INFO: ✅Server running on port 4000
[2025-04-04T10:57:04.721Z] INFO: ✅MongoDB Connected
[2025-04-04T10:57:21.051Z] INFO: ✅Server running on port 4000
[2025-04-04T10:57:21.057Z] INFO: ✅MongoDB Connected
[2025-04-04T10:58:07.515Z] INFO: ✅Server running on port 4000
[2025-04-04T10:58:07.522Z] INFO: ✅MongoDB Connected
[2025-04-04T11:01:42.872Z] INFO: ✅Server running on port 4000
[2025-04-04T11:01:42.879Z] INFO: ✅MongoDB Connected
[2025-04-04T11:02:15.537Z] INFO: CONTRACT USER BALANCE,989999999999999831136
[2025-04-04T11:02:20.206Z] INFO: SaveTransaction------,0xDAf96cB61d28799b3B174C56D3E9335838E5e46D,0xEbF0701BFf3996B1E443Ce74959C8DEd304B1f11,1,0xecefb1404f6febe97ff606978984afc79adc9817196159514087ed748667eb14
[2025-04-04T11:02:38.959Z] INFO: updateTransactionStatus------,0xecefb1404f6febe97ff606978984afc79adc9817196159514087ed748667eb14,2
[2025-04-04T11:02:38.959Z] INFO: Service Updated,[object Object],0xecefb1404f6febe97ff606978984afc79adc9817196159514087ed748667eb14
[2025-04-04T11:08:39.794Z] INFO: ✅Server running on port 4000
[2025-04-04T11:08:39.803Z] INFO: ✅MongoDB Connected
[2025-04-04T11:08:47.080Z] INFO: ✅Server running on port 4000
[2025-04-04T11:08:47.089Z] INFO: ✅MongoDB Connected
[2025-04-04T11:18:43.719Z] INFO: ✅Server running on port 4000
[2025-04-04T11:18:43.734Z] INFO: ✅MongoDB Connected
[2025-04-04T11:20:19.944Z] INFO: ✅Server running on port 4000
[2025-04-04T11:20:19.958Z] INFO: ✅MongoDB Connected
[2025-04-04T11:21:00.405Z] INFO: ✅Server running on port 4000
[2025-04-04T11:21:00.419Z] INFO: ✅MongoDB Connected
[2025-04-04T11:31:57.336Z] INFO: ✅Server running on port 4000
[2025-04-04T11:31:57.346Z] INFO: ✅MongoDB Connected
[2025-04-04T11:51:56.333Z] INFO: ✅Server running on port 4000
[2025-04-04T11:51:56.344Z] INFO: ✅MongoDB Connected
[2025-04-04T11:59:31.751Z] INFO: ✅Server running on port 4000
[2025-04-04T11:59:31.763Z] INFO: ✅MongoDB Connected
[2025-04-04T12:00:06.660Z] INFO: ✅Server running on port 4000
[2025-04-04T12:00:06.672Z] INFO: ✅MongoDB Connected
[2025-04-04T12:02:01.400Z] INFO: ✅Server running on port 4000
[2025-04-04T12:02:01.412Z] INFO: ✅MongoDB Connected
[2025-04-04T12:07:45.606Z] INFO: ✅Server running on port 4000
[2025-04-04T12:07:45.621Z] INFO: ✅MongoDB Connected
[2025-04-04T13:01:48.054Z] INFO: ✅Server running on port 4000
[2025-04-04T13:01:48.076Z] INFO: ✅MongoDB Connected
[2025-04-04T13:04:00.001Z] INFO: ✅Server running on port 4000
[2025-04-04T13:04:00.023Z] INFO: ✅MongoDB Connected
[2025-04-04T13:20:01.583Z] INFO: ✅Server running on port 4000
[2025-04-04T13:20:01.597Z] INFO: ✅MongoDB Connected
[2025-04-04T13:20:06.981Z] INFO: ✅Server running on port 4000
[2025-04-04T13:20:06.996Z] INFO: ✅MongoDB Connected
[2025-04-04T13:20:19.658Z] INFO: ✅Server running on port 4000
[2025-04-04T13:20:19.669Z] INFO: ✅MongoDB Connected
[2025-04-04T13:22:10.336Z] INFO: ✅Server running on port 4000
[2025-04-04T13:22:10.347Z] INFO: ✅MongoDB Connected
[2025-04-04T13:22:27.107Z] INFO: ✅Server running on port 4000
[2025-04-04T13:22:27.120Z] INFO: ✅MongoDB Connected
[2025-04-04T13:23:29.028Z] INFO: ✅Server running on port 4000
[2025-04-04T13:23:29.040Z] INFO: ✅MongoDB Connected
[2025-04-04T13:24:03.386Z] INFO: ✅Server running on port 4000
[2025-04-04T13:24:03.396Z] INFO: ✅MongoDB Connected
[2025-04-04T13:24:37.604Z] INFO: ✅Server running on port 4000
[2025-04-04T13:24:37.616Z] INFO: ✅MongoDB Connected
[2025-04-04T13:25:03.259Z] INFO: ✅Server running on port 4000
[2025-04-04T13:25:03.269Z] INFO: ✅MongoDB Connected
[2025-04-04T13:27:58.675Z] INFO: ✅Server running on port 4000
[2025-04-04T13:27:58.693Z] INFO: ✅MongoDB Connected
[2025-04-04T13:28:46.248Z] INFO: ✅Server running on port 4000
[2025-04-04T13:28:46.258Z] INFO: ✅MongoDB Connected
