[2025-04-09T05:06:20.892Z] INFO: ✅Server running on port 4000
[2025-04-09T05:06:20.909Z] INFO: ✅MongoDB Connected
[2025-04-09T05:06:44.071Z] INFO: ✅Server running on port 4000
[2025-04-09T05:06:44.083Z] INFO: ✅MongoDB Connected
[2025-04-09T05:06:50.406Z] INFO: ✅Server running on port 4000
[2025-04-09T05:06:50.421Z] INFO: ✅MongoDB Connected
[2025-04-09T05:07:06.406Z] INFO: ✅Server running on port 4000
[2025-04-09T05:07:06.417Z] INFO: ✅MongoDB Connected
[2025-04-09T05:07:31.981Z] INFO: ✅Server running on port 4000
[2025-04-09T05:07:32.009Z] INFO: ✅MongoDB Connected
[2025-04-09T05:21:02.191Z] INFO: ✅Server running on port 4000
[2025-04-09T05:21:02.202Z] INFO: ✅MongoDB Connected
[2025-04-09T05:21:24.935Z] INFO: ✅Server running on port 4000
[2025-04-09T05:21:24.946Z] INFO: ✅MongoDB Connected
[2025-04-09T05:22:29.060Z] INFO: ✅Server running on port 4000
[2025-04-09T05:22:29.070Z] INFO: ✅MongoDB Connected
[2025-04-09T05:23:55.712Z] INFO: ✅Server running on port 4000
[2025-04-09T05:23:55.724Z] INFO: ✅MongoDB Connected
[2025-04-09T05:25:04.582Z] INFO: ✅Server running on port 4000
[2025-04-09T05:25:04.595Z] INFO: ✅MongoDB Connected
[2025-04-09T05:25:31.029Z] INFO: ✅Server running on port 4000
[2025-04-09T05:25:31.039Z] INFO: ✅MongoDB Connected
[2025-04-09T05:25:47.636Z] INFO: ✅Server running on port 4000
[2025-04-09T05:25:47.651Z] INFO: ✅MongoDB Connected
[2025-04-09T05:26:18.444Z] INFO: ✅Server running on port 4000
[2025-04-09T05:26:18.456Z] INFO: ✅MongoDB Connected
[2025-04-09T05:26:44.276Z] INFO: ✅Server running on port 4000
[2025-04-09T05:26:44.285Z] INFO: ✅MongoDB Connected
[2025-04-09T05:28:10.147Z] INFO: ✅Server running on port 4000
[2025-04-09T05:28:10.160Z] INFO: ✅MongoDB Connected
[2025-04-09T05:34:00.390Z] INFO: ✅Server running on port 4000
[2025-04-09T05:34:00.402Z] INFO: ✅MongoDB Connected
[2025-04-09T05:35:28.100Z] INFO: ✅Server running on port 4000
[2025-04-09T05:35:28.114Z] INFO: ✅MongoDB Connected
[2025-04-09T05:35:59.636Z] INFO: ✅Server running on port 4000
[2025-04-09T05:35:59.651Z] INFO: ✅MongoDB Connected
[2025-04-09T05:36:26.781Z] INFO: ✅Server running on port 4000
[2025-04-09T05:36:26.792Z] INFO: ✅MongoDB Connected
[2025-04-09T05:37:03.589Z] INFO: ✅Server running on port 4000
[2025-04-09T05:37:03.609Z] INFO: ✅MongoDB Connected
[2025-04-09T05:37:16.819Z] INFO: ✅Server running on port 4000
[2025-04-09T05:37:16.831Z] INFO: ✅MongoDB Connected
[2025-04-09T05:37:21.811Z] INFO: SaveTransaction------,0xDAf96cB61d28799b3B174C56D3E9335838E5e46D,0xEbF0701BFf3996B1E443Ce74959C8DEd304B1f11,12,0xd5fcc5ba67bd6fc3e64f968c00fe59036bc56676fcab7a383b8ef83e1cbce031
[2025-04-09T05:37:37.585Z] INFO: updateTransactionStatus------,0xd5fcc5ba67bd6fc3e64f968c00fe59036bc56676fcab7a383b8ef83e1cbce031,2
[2025-04-09T05:37:37.587Z] INFO: Service Updated,[object Object],0xd5fcc5ba67bd6fc3e64f968c00fe59036bc56676fcab7a383b8ef83e1cbce031
[2025-04-09T05:37:37.589Z] INFO: SaveTransaction------,0xDAf96cB61d28799b3B174C56D3E9335838E5e46D,0xEbF0701BFf3996B1E443Ce74959C8DEd304B1f11,12,0xd5fcc5ba67bd6fc3e64f968c00fe59036bc56676fcab7a383b8ef83e1cbce031
[2025-04-09T05:38:26.603Z] INFO: ✅Server running on port 4000
[2025-04-09T05:38:26.613Z] INFO: ✅MongoDB Connected
[2025-04-09T05:42:55.054Z] INFO: ✅Server running on port 4000
[2025-04-09T05:42:55.064Z] INFO: ✅MongoDB Connected
[2025-04-09T05:43:07.402Z] INFO: SaveTransaction------,0xDAf96cB61d28799b3B174C56D3E9335838E5e46D,0xEbF0701BFf3996B1E443Ce74959C8DEd304B1f11,13,0xad99c49c4d139973ffd81b658fc0b7ad2702034080e2df6d85623f717b45c8f0
[2025-04-09T05:43:14.568Z] INFO: updateTransactionStatus------,0xad99c49c4d139973ffd81b658fc0b7ad2702034080e2df6d85623f717b45c8f0,2
[2025-04-09T05:43:14.569Z] INFO: Service Updated,[object Object],0xad99c49c4d139973ffd81b658fc0b7ad2702034080e2df6d85623f717b45c8f0
[2025-04-09T05:43:14.570Z] INFO: SaveTransaction------,0xDAf96cB61d28799b3B174C56D3E9335838E5e46D,0xEbF0701BFf3996B1E443Ce74959C8DEd304B1f11,13,0xad99c49c4d139973ffd81b658fc0b7ad2702034080e2df6d85623f717b45c8f0
[2025-04-09T05:44:51.052Z] INFO: ✅Server running on port 4000
[2025-04-09T05:44:51.069Z] INFO: ✅MongoDB Connected
[2025-04-09T05:44:56.165Z] INFO: SaveTransaction------,0xDAf96cB61d28799b3B174C56D3E9335838E5e46D,0xEbF0701BFf3996B1E443Ce74959C8DEd304B1f11,14,0x4890e11ae8842fa6e45e7539c631806d5a109a07e2191d35a07673c69d7e265a
[2025-04-09T05:45:02.608Z] INFO: updateTransactionStatus------,0x4890e11ae8842fa6e45e7539c631806d5a109a07e2191d35a07673c69d7e265a,2
[2025-04-09T05:45:02.609Z] INFO: Service Updated,[object Object],0x4890e11ae8842fa6e45e7539c631806d5a109a07e2191d35a07673c69d7e265a
[2025-04-09T05:45:02.610Z] INFO: SaveTransaction------,0xDAf96cB61d28799b3B174C56D3E9335838E5e46D,0xEbF0701BFf3996B1E443Ce74959C8DEd304B1f11,14,0x4890e11ae8842fa6e45e7539c631806d5a109a07e2191d35a07673c69d7e265a
[2025-04-09T05:45:38.644Z] INFO: ✅Server running on port 4000
[2025-04-09T05:45:38.654Z] INFO: ✅MongoDB Connected
[2025-04-09T05:45:43.968Z] INFO: SaveTransaction------,0xDAf96cB61d28799b3B174C56D3E9335838E5e46D,0xEbF0701BFf3996B1E443Ce74959C8DEd304B1f11,14,0x841d01237dd0bd1e3d425c67c62512a486fb078c5c338c0478da7fec2408ff75
[2025-04-09T05:45:50.247Z] INFO: updateTransactionStatus------,0x841d01237dd0bd1e3d425c67c62512a486fb078c5c338c0478da7fec2408ff75,2
[2025-04-09T05:45:50.248Z] INFO: Service Updated,[object Object],0x841d01237dd0bd1e3d425c67c62512a486fb078c5c338c0478da7fec2408ff75
[2025-04-09T05:45:50.249Z] INFO: SaveTransaction------,0xDAf96cB61d28799b3B174C56D3E9335838E5e46D,0xEbF0701BFf3996B1E443Ce74959C8DEd304B1f11,14,0x841d01237dd0bd1e3d425c67c62512a486fb078c5c338c0478da7fec2408ff75
[2025-04-09T05:53:09.009Z] INFO: ✅Server running on port 4000
[2025-04-09T05:53:09.024Z] INFO: ✅MongoDB Connected
[2025-04-09T06:11:49.005Z] INFO: ✅Server running on port 4000
[2025-04-09T06:11:49.018Z] INFO: ✅MongoDB Connected
[2025-04-09T06:11:56.854Z] INFO: ✅Server running on port 4000
[2025-04-09T06:11:56.863Z] INFO: ✅MongoDB Connected
[2025-04-09T06:14:58.821Z] INFO: ✅Server running on port 4000
[2025-04-09T06:14:58.831Z] INFO: ✅MongoDB Connected
[2025-04-09T06:51:13.280Z] INFO: ✅Server running on port 4000
[2025-04-09T06:51:13.293Z] INFO: ✅MongoDB Connected
[2025-04-09T06:51:23.138Z] INFO: ✅Server running on port 4000
[2025-04-09T06:51:23.151Z] INFO: ✅MongoDB Connected
[2025-04-09T06:52:54.657Z] INFO: ✅Server running on port 4000
[2025-04-09T06:52:54.670Z] INFO: ✅MongoDB Connected
[2025-04-09T06:53:10.629Z] INFO: ✅Server running on port 4000
[2025-04-09T06:53:10.642Z] INFO: ✅MongoDB Connected
[2025-04-09T06:54:54.472Z] INFO: ✅Server running on port 4000
[2025-04-09T06:54:54.482Z] INFO: ✅MongoDB Connected
[2025-04-09T06:56:14.519Z] INFO: ✅Server running on port 4000
[2025-04-09T06:56:14.532Z] INFO: ✅MongoDB Connected
[2025-04-09T06:56:38.757Z] INFO: ✅Server running on port 4000
[2025-04-09T06:56:38.768Z] INFO: ✅MongoDB Connected
[2025-04-09T06:57:06.221Z] INFO: ✅Server running on port 4000
[2025-04-09T06:57:06.234Z] INFO: ✅MongoDB Connected
[2025-04-09T06:57:49.879Z] INFO: ✅Server running on port 4000
[2025-04-09T06:57:49.894Z] INFO: ✅MongoDB Connected
[2025-04-09T06:57:59.068Z] INFO: ✅Server running on port 4000
[2025-04-09T06:57:59.081Z] INFO: ✅MongoDB Connected
[2025-04-09T06:58:48.291Z] INFO: ✅Server running on port 4000
[2025-04-09T06:58:48.302Z] INFO: ✅MongoDB Connected
[2025-04-09T07:02:54.051Z] INFO: ✅Server running on port 4000
[2025-04-09T07:02:54.063Z] INFO: ✅MongoDB Connected
[2025-04-09T07:03:52.429Z] INFO: ✅Server running on port 4000
[2025-04-09T07:03:52.438Z] INFO: ✅MongoDB Connected
[2025-04-09T07:04:27.630Z] INFO: ✅Server running on port 4000
[2025-04-09T07:04:27.645Z] INFO: ✅MongoDB Connected
[2025-04-09T07:04:53.259Z] INFO: ✅Server running on port 4000
[2025-04-09T07:04:53.272Z] INFO: ✅MongoDB Connected
[2025-04-09T07:05:03.830Z] INFO: ✅Server running on port 4000
[2025-04-09T07:05:03.846Z] INFO: ✅MongoDB Connected
[2025-04-09T07:05:13.197Z] INFO: ✅Server running on port 4000
[2025-04-09T07:05:13.207Z] INFO: ✅MongoDB Connected
[2025-04-09T07:22:12.230Z] INFO: ✅Server running on port 4000
[2025-04-09T07:22:12.245Z] INFO: ✅MongoDB Connected
[2025-04-09T07:22:24.770Z] INFO: ✅Server running on port 4000
[2025-04-09T07:22:24.784Z] INFO: ✅MongoDB Connected
[2025-04-09T07:25:28.697Z] INFO: ✅Server running on port 4000
[2025-04-09T07:25:28.709Z] INFO: ✅MongoDB Connected
[2025-04-09T08:23:43.975Z] INFO: ✅Server running on port 4000
[2025-04-09T08:23:43.985Z] INFO: ✅MongoDB Connected
[2025-04-09T08:23:57.595Z] INFO: ✅Server running on port 4000
[2025-04-09T08:23:57.602Z] INFO: ✅MongoDB Connected
[2025-04-09T08:24:01.467Z] INFO: ✅Server running on port 4000
[2025-04-09T08:24:01.475Z] INFO: ✅MongoDB Connected
[2025-04-09T08:24:19.834Z] INFO: ✅Server running on port 4000
[2025-04-09T08:24:19.840Z] INFO: ✅MongoDB Connected
[2025-04-09T08:25:41.107Z] INFO: ✅Server running on port 4000
[2025-04-09T08:25:41.117Z] INFO: ✅MongoDB Connected
[2025-04-09T08:26:29.711Z] INFO: ✅Server running on port 4000
[2025-04-09T08:26:29.720Z] INFO: ✅MongoDB Connected
[2025-04-09T08:28:38.684Z] INFO: ✅Server running on port 4000
[2025-04-09T08:28:38.690Z] INFO: ✅MongoDB Connected
[2025-04-09T08:29:44.957Z] INFO: ✅Server running on port 4000
[2025-04-09T08:29:44.965Z] INFO: ✅MongoDB Connected
[2025-04-09T08:31:23.104Z] INFO: ✅Server running on port 4000
[2025-04-09T08:31:23.112Z] INFO: ✅MongoDB Connected
[2025-04-09T08:32:04.620Z] INFO: ✅Server running on port 4000
[2025-04-09T08:32:04.631Z] INFO: ✅MongoDB Connected
[2025-04-09T08:32:16.366Z] INFO: ✅Server running on port 4000
[2025-04-09T08:32:16.372Z] INFO: ✅MongoDB Connected
[2025-04-09T08:32:24.722Z] INFO: ✅Server running on port 4000
[2025-04-09T08:32:24.730Z] INFO: ✅MongoDB Connected
[2025-04-09T08:33:05.389Z] INFO: ✅Server running on port 4000
[2025-04-09T08:33:05.397Z] INFO: ✅MongoDB Connected
[2025-04-09T08:33:39.271Z] INFO: ✅Server running on port 4000
[2025-04-09T08:33:39.277Z] INFO: ✅MongoDB Connected
[2025-04-09T08:37:31.740Z] INFO: ✅Server running on port 4000
[2025-04-09T08:37:31.748Z] INFO: ✅MongoDB Connected
[2025-04-09T08:39:07.197Z] INFO: ✅Server running on port 4000
[2025-04-09T08:39:07.205Z] INFO: ✅MongoDB Connected
[2025-04-09T08:39:10.690Z] INFO: ✅Server running on port 4000
[2025-04-09T08:39:10.700Z] INFO: ✅MongoDB Connected
[2025-04-09T08:39:16.398Z] INFO: ✅Server running on port 4000
[2025-04-09T08:39:16.406Z] INFO: ✅MongoDB Connected
[2025-04-09T08:39:26.766Z] INFO: ✅Server running on port 4000
[2025-04-09T08:39:26.774Z] INFO: ✅MongoDB Connected
[2025-04-09T08:39:34.922Z] INFO: ✅Server running on port 4000
[2025-04-09T08:39:34.929Z] INFO: ✅MongoDB Connected
[2025-04-09T08:39:53.530Z] INFO: ✅Server running on port 4000
[2025-04-09T08:39:53.537Z] INFO: ✅MongoDB Connected
[2025-04-09T08:40:31.196Z] INFO: ✅Server running on port 4000
[2025-04-09T08:40:31.202Z] INFO: ✅MongoDB Connected
[2025-04-09T08:50:30.179Z] INFO: ✅Server running on port 4000
[2025-04-09T08:50:30.185Z] INFO: ✅MongoDB Connected
[2025-04-09T08:51:15.068Z] INFO: ✅Server running on port 4000
[2025-04-09T08:51:15.074Z] INFO: ✅MongoDB Connected
[2025-04-09T09:15:57.331Z] INFO: ✅Server running on port 4000
[2025-04-09T09:15:57.344Z] INFO: ✅MongoDB Connected
[2025-04-09T09:16:41.993Z] INFO: ✅Server running on port 4000
[2025-04-09T09:16:42.002Z] INFO: ✅MongoDB Connected
[2025-04-09T09:50:34.990Z] INFO: ✅Server running on port 4000
[2025-04-09T09:50:35.006Z] INFO: ✅MongoDB Connected
[2025-04-09T09:51:28.384Z] INFO: ✅Server running on port 4000
[2025-04-09T09:51:28.396Z] INFO: ✅MongoDB Connected
[2025-04-09T09:57:45.609Z] INFO: ✅Server running on port 4000
[2025-04-09T09:57:45.620Z] INFO: ✅MongoDB Connected
[2025-04-09T09:57:53.618Z] INFO: ✅Server running on port 4000
[2025-04-09T09:57:53.631Z] INFO: ✅MongoDB Connected
[2025-04-09T09:58:19.664Z] INFO: ✅Server running on port 4000
[2025-04-09T09:58:19.676Z] INFO: ✅MongoDB Connected
[2025-04-09T09:59:07.956Z] INFO: ✅Server running on port 4000
[2025-04-09T09:59:07.967Z] INFO: ✅MongoDB Connected
[2025-04-09T09:59:16.910Z] INFO: ✅Server running on port 4000
[2025-04-09T09:59:16.921Z] INFO: ✅MongoDB Connected
[2025-04-09T11:02:39.568Z] INFO: ✅Server running on port 4000
[2025-04-09T11:02:39.591Z] INFO: ✅MongoDB Connected
[2025-04-09T11:03:16.331Z] INFO: ✅Server running on port 4000
[2025-04-09T11:03:16.348Z] INFO: ✅MongoDB Connected
[2025-04-09T11:03:26.102Z] INFO: ✅Server running on port 4000
[2025-04-09T11:03:26.115Z] INFO: ✅MongoDB Connected
[2025-04-09T11:07:49.006Z] INFO: ✅Server running on port 4000
[2025-04-09T11:07:49.022Z] INFO: ✅MongoDB Connected
[2025-04-09T11:15:15.847Z] INFO: ✅Server running on port 4000
[2025-04-09T11:15:15.870Z] INFO: ✅MongoDB Connected
[2025-04-09T11:15:32.323Z] INFO: ✅Server running on port 4000
[2025-04-09T11:15:32.341Z] INFO: ✅MongoDB Connected
[2025-04-09T11:16:33.918Z] INFO: ✅Server running on port 4000
[2025-04-09T11:16:33.936Z] INFO: ✅MongoDB Connected
[2025-04-09T11:18:51.223Z] INFO: ✅Server running on port 4000
[2025-04-09T11:18:51.239Z] INFO: ✅MongoDB Connected
[2025-04-09T11:20:03.177Z] INFO: ✅Server running on port 4000
[2025-04-09T11:20:03.199Z] INFO: ✅MongoDB Connected
[2025-04-09T11:22:59.558Z] INFO: ✅Server running on port 4000
[2025-04-09T11:22:59.578Z] INFO: ✅MongoDB Connected
[2025-04-09T11:23:38.181Z] INFO: ✅Server running on port 4000
[2025-04-09T11:23:38.199Z] INFO: ✅MongoDB Connected
[2025-04-09T11:24:15.049Z] INFO: ✅Server running on port 4000
[2025-04-09T11:24:15.125Z] INFO: ✅MongoDB Connected
[2025-04-09T11:24:59.242Z] INFO: ✅Server running on port 4000
[2025-04-09T11:24:59.262Z] INFO: ✅MongoDB Connected
[2025-04-09T11:25:40.220Z] INFO: ✅Server running on port 4000
[2025-04-09T11:25:40.240Z] INFO: ✅MongoDB Connected
[2025-04-09T11:26:03.533Z] INFO: ✅Server running on port 4000
[2025-04-09T11:26:03.556Z] INFO: ✅MongoDB Connected
[2025-04-09T11:26:38.439Z] INFO: ✅Server running on port 4000
[2025-04-09T11:26:38.458Z] INFO: ✅MongoDB Connected
[2025-04-09T11:27:21.551Z] INFO: ✅Server running on port 4000
[2025-04-09T11:27:21.575Z] INFO: ✅MongoDB Connected
[2025-04-09T11:27:29.398Z] INFO: ✅Server running on port 4000
[2025-04-09T11:27:29.426Z] INFO: ✅MongoDB Connected
[2025-04-09T11:40:00.977Z] INFO: ✅Server running on port 4000
[2025-04-09T11:40:00.999Z] INFO: ✅MongoDB Connected
[2025-04-09T11:41:41.036Z] INFO: ✅Server running on port 4000
[2025-04-09T11:41:41.056Z] INFO: ✅MongoDB Connected
[2025-04-09T11:41:47.041Z] INFO: SaveTransaction------,0xDAf96cB61d28799b3B174C56D3E9335838E5e46D,0xEbF0701BFf3996B1E443Ce74959C8DEd304B1f11,12,0xd1d0514ebb69f901a6ef9e8b78bc2b1730bd97c80a39b5a9fea7b296e5845620
[2025-04-09T11:42:04.300Z] INFO: updateTransactionStatus------,0xd1d0514ebb69f901a6ef9e8b78bc2b1730bd97c80a39b5a9fea7b296e5845620,2
[2025-04-09T11:42:04.301Z] INFO: Service Updated,[object Object],0xd1d0514ebb69f901a6ef9e8b78bc2b1730bd97c80a39b5a9fea7b296e5845620
[2025-04-09T11:42:04.301Z] INFO: Transaction completed: 0xd1d0514ebb69f901a6ef9e8b78bc2b1730bd97c80a39b5a9fea7b296e5845620
[2025-04-09T11:43:41.234Z] INFO: ✅Server running on port 4000
[2025-04-09T11:43:41.255Z] INFO: ✅MongoDB Connected
[2025-04-09T11:44:05.159Z] INFO: ✅Server running on port 4000
[2025-04-09T11:44:05.185Z] INFO: ✅MongoDB Connected
[2025-04-09T11:44:20.225Z] INFO: ✅Server running on port 4000
[2025-04-09T11:44:20.245Z] INFO: ✅MongoDB Connected
[2025-04-09T11:44:34.553Z] INFO: ✅Server running on port 4000
[2025-04-09T11:44:34.581Z] INFO: ✅MongoDB Connected
[2025-04-09T11:44:39.895Z] INFO: SaveTransaction------,0xDAf96cB61d28799b3B174C56D3E9335838E5e46D,0xEbF0701BFf3996B1E443Ce74959C8DEd304B1f11,12,0x678f47c62d4c0878f58d9b3ec6ec37f837a60c21b53054f278ab7eb4d12bfe16
[2025-04-09T11:44:50.660Z] INFO: updateTransactionStatus------,0x678f47c62d4c0878f58d9b3ec6ec37f837a60c21b53054f278ab7eb4d12bfe16,2
[2025-04-09T11:44:50.661Z] INFO: Service Updated,[object Object],0x678f47c62d4c0878f58d9b3ec6ec37f837a60c21b53054f278ab7eb4d12bfe16
[2025-04-09T11:44:50.661Z] INFO: Transaction completed: 0x678f47c62d4c0878f58d9b3ec6ec37f837a60c21b53054f278ab7eb4d12bfe16
[2025-04-09T11:47:33.733Z] INFO: SaveTransaction------,0xDAf96cB61d28799b3B174C56D3E9335838E5e46D,0xEbF0701BFf3996B1E443Ce74959C8DEd304B1f11,123,0xe75cf3183a5efc009352f86f143f90ed63f65f5a2e2225498a96c63d467d9a49
[2025-04-09T11:47:39.311Z] INFO: updateTransactionStatus------,0xe75cf3183a5efc009352f86f143f90ed63f65f5a2e2225498a96c63d467d9a49,2
[2025-04-09T11:47:39.311Z] INFO: Service Updated,[object Object],0xe75cf3183a5efc009352f86f143f90ed63f65f5a2e2225498a96c63d467d9a49
[2025-04-09T11:47:39.311Z] INFO: Transaction completed: 0xe75cf3183a5efc009352f86f143f90ed63f65f5a2e2225498a96c63d467d9a49
[2025-04-09T11:50:11.748Z] INFO: SaveTransaction------,0xDAf96cB61d28799b3B174C56D3E9335838E5e46D,0xEbF0701BFf3996B1E443Ce74959C8DEd304B1f11,123,0x1dca2d9e5f6f006e0a83d69677bf8296ac7723a23f8bf9b5ce052bbdbfa83315
[2025-04-09T11:51:16.645Z] INFO: updateTransactionStatus------,0x1dca2d9e5f6f006e0a83d69677bf8296ac7723a23f8bf9b5ce052bbdbfa83315,2
[2025-04-09T11:51:16.646Z] INFO: Service Updated,[object Object],0x1dca2d9e5f6f006e0a83d69677bf8296ac7723a23f8bf9b5ce052bbdbfa83315
[2025-04-09T11:51:16.646Z] INFO: Transaction completed: 0x1dca2d9e5f6f006e0a83d69677bf8296ac7723a23f8bf9b5ce052bbdbfa83315
[2025-04-09T11:51:18.393Z] INFO: SaveTransaction------,0xDAf96cB61d28799b3B174C56D3E9335838E5e46D,0xEbF0701BFf3996B1E443Ce74959C8DEd304B1f11,123,0xaeccac76a976d177f782598a7bf8b53998953af275a03b910f514231224b082a
[2025-04-09T11:51:28.521Z] INFO: updateTransactionStatus------,0xaeccac76a976d177f782598a7bf8b53998953af275a03b910f514231224b082a,2
[2025-04-09T11:51:28.522Z] INFO: Service Updated,[object Object],0xaeccac76a976d177f782598a7bf8b53998953af275a03b910f514231224b082a
[2025-04-09T11:51:28.522Z] INFO: Transaction completed: 0xaeccac76a976d177f782598a7bf8b53998953af275a03b910f514231224b082a
[2025-04-09T11:53:54.179Z] INFO: ✅Server running on port 4000
[2025-04-09T11:53:54.200Z] INFO: ✅MongoDB Connected
[2025-04-09T11:54:19.843Z] INFO: SaveTransaction------,0xDAf96cB61d28799b3B174C56D3E9335838E5e46D,0xEbF0701BFf3996B1E443Ce74959C8DEd304B1f11,123,0x5a6b8701e8d7fb2185600de594a414230257853264d1f333d8a4dcafe38532c2
[2025-04-09T11:54:39.184Z] INFO: updateTransactionStatus------,0x5a6b8701e8d7fb2185600de594a414230257853264d1f333d8a4dcafe38532c2,2
[2025-04-09T11:54:39.185Z] INFO: Service Updated,[object Object],0x5a6b8701e8d7fb2185600de594a414230257853264d1f333d8a4dcafe38532c2
[2025-04-09T11:54:39.185Z] INFO: Transaction completed: 0x5a6b8701e8d7fb2185600de594a414230257853264d1f333d8a4dcafe38532c2
[2025-04-09T11:54:41.685Z] INFO: SaveTransaction------,0xDAf96cB61d28799b3B174C56D3E9335838E5e46D,0xEbF0701BFf3996B1E443Ce74959C8DEd304B1f11,123,0xbde8050d1079e01890217dceee736f95e7efa858cbdd1c32a349a93ae89b3f92
[2025-04-09T11:54:50.996Z] INFO: updateTransactionStatus------,0xbde8050d1079e01890217dceee736f95e7efa858cbdd1c32a349a93ae89b3f92,2
[2025-04-09T11:54:50.997Z] INFO: Service Updated,[object Object],0xbde8050d1079e01890217dceee736f95e7efa858cbdd1c32a349a93ae89b3f92
[2025-04-09T11:54:50.997Z] INFO: Transaction completed: 0xbde8050d1079e01890217dceee736f95e7efa858cbdd1c32a349a93ae89b3f92
[2025-04-09T11:54:53.502Z] INFO: SaveTransaction------,0xDAf96cB61d28799b3B174C56D3E9335838E5e46D,0xEbF0701BFf3996B1E443Ce74959C8DEd304B1f11,123,0xb76500b0adaaef7c73dfa971963ed4519be0381dc5b3bf66ae52f4414440b86a
[2025-04-09T11:55:02.350Z] INFO: updateTransactionStatus------,0xb76500b0adaaef7c73dfa971963ed4519be0381dc5b3bf66ae52f4414440b86a,2
[2025-04-09T11:55:02.350Z] INFO: Service Updated,[object Object],0xb76500b0adaaef7c73dfa971963ed4519be0381dc5b3bf66ae52f4414440b86a
[2025-04-09T11:55:02.351Z] INFO: Transaction completed: 0xb76500b0adaaef7c73dfa971963ed4519be0381dc5b3bf66ae52f4414440b86a
[2025-04-09T11:55:04.103Z] INFO: SaveTransaction------,0xDAf96cB61d28799b3B174C56D3E9335838E5e46D,0xEbF0701BFf3996B1E443Ce74959C8DEd304B1f11,123,0x94769e72316ea76d441b8210ed615bbae31ea3162e1c92a0bb2e81d19a7fb40a
[2025-04-09T11:55:26.561Z] INFO: updateTransactionStatus------,0x94769e72316ea76d441b8210ed615bbae31ea3162e1c92a0bb2e81d19a7fb40a,2
[2025-04-09T11:55:26.562Z] INFO: Service Updated,[object Object],0x94769e72316ea76d441b8210ed615bbae31ea3162e1c92a0bb2e81d19a7fb40a
[2025-04-09T11:55:26.562Z] INFO: Transaction completed: 0x94769e72316ea76d441b8210ed615bbae31ea3162e1c92a0bb2e81d19a7fb40a
[2025-04-09T11:55:28.360Z] INFO: SaveTransaction------,0xDAf96cB61d28799b3B174C56D3E9335838E5e46D,0xEbF0701BFf3996B1E443Ce74959C8DEd304B1f11,123,0x76897bf9624b607f25fb701a981e578de95e564068a942275fda305634b00ddc
[2025-04-09T11:55:50.281Z] INFO: updateTransactionStatus------,0x76897bf9624b607f25fb701a981e578de95e564068a942275fda305634b00ddc,2
[2025-04-09T11:55:50.282Z] INFO: Service Updated,[object Object],0x76897bf9624b607f25fb701a981e578de95e564068a942275fda305634b00ddc
[2025-04-09T11:55:50.282Z] INFO: Transaction completed: 0x76897bf9624b607f25fb701a981e578de95e564068a942275fda305634b00ddc
[2025-04-09T11:59:46.760Z] INFO: ✅Server running on port 4000
[2025-04-09T11:59:46.782Z] INFO: ✅MongoDB Connected
[2025-04-09T12:00:28.187Z] INFO: SaveTransaction------,0xDAf96cB61d28799b3B174C56D3E9335838E5e46D,0xEbF0701BFf3996B1E443Ce74959C8DEd304B1f11,61,0x79d93dfb3d9e52999171bd252bf892146e14395e4c2eac3a78b3f8c1927267a9
[2025-04-09T12:00:38.003Z] INFO: updateTransactionStatus------,0x79d93dfb3d9e52999171bd252bf892146e14395e4c2eac3a78b3f8c1927267a9,2
[2025-04-09T12:00:38.004Z] INFO: Service Updated,[object Object],0x79d93dfb3d9e52999171bd252bf892146e14395e4c2eac3a78b3f8c1927267a9
[2025-04-09T12:00:38.004Z] INFO: Transaction completed: 0x79d93dfb3d9e52999171bd252bf892146e14395e4c2eac3a78b3f8c1927267a9
[2025-04-09T12:00:41.021Z] INFO: SaveTransaction------,0xDAf96cB61d28799b3B174C56D3E9335838E5e46D,0xEbF0701BFf3996B1E443Ce74959C8DEd304B1f11,61,0xd47167474bdca6883637a3f4ffdffdfee45953826d813399e2eb5d9d9b9c257b
[2025-04-09T12:00:49.778Z] INFO: updateTransactionStatus------,0xd47167474bdca6883637a3f4ffdffdfee45953826d813399e2eb5d9d9b9c257b,2
[2025-04-09T12:00:49.778Z] INFO: Service Updated,[object Object],0xd47167474bdca6883637a3f4ffdffdfee45953826d813399e2eb5d9d9b9c257b
[2025-04-09T12:00:49.779Z] INFO: Transaction completed: 0xd47167474bdca6883637a3f4ffdffdfee45953826d813399e2eb5d9d9b9c257b
[2025-04-09T12:00:52.975Z] INFO: SaveTransaction------,0xDAf96cB61d28799b3B174C56D3E9335838E5e46D,0xEbF0701BFf3996B1E443Ce74959C8DEd304B1f11,61,0x4b5018e56c9ef7a9aec66070d0b434b31599a573e3c3c508341540b6017bbbf6
[2025-04-09T12:01:02.302Z] INFO: updateTransactionStatus------,0x4b5018e56c9ef7a9aec66070d0b434b31599a573e3c3c508341540b6017bbbf6,2
[2025-04-09T12:01:02.303Z] INFO: Service Updated,[object Object],0x4b5018e56c9ef7a9aec66070d0b434b31599a573e3c3c508341540b6017bbbf6
[2025-04-09T12:01:02.303Z] INFO: Transaction completed: 0x4b5018e56c9ef7a9aec66070d0b434b31599a573e3c3c508341540b6017bbbf6
[2025-04-09T12:01:04.237Z] INFO: SaveTransaction------,0xDAf96cB61d28799b3B174C56D3E9335838E5e46D,0xEbF0701BFf3996B1E443Ce74959C8DEd304B1f11,61,0x181a534709ea42f5ab0d26113c2231db329946101e1fc14df644219de1a2be02
[2025-04-09T12:01:16.529Z] INFO: updateTransactionStatus------,0x181a534709ea42f5ab0d26113c2231db329946101e1fc14df644219de1a2be02,2
[2025-04-09T12:01:16.530Z] INFO: Service Updated,[object Object],0x181a534709ea42f5ab0d26113c2231db329946101e1fc14df644219de1a2be02
[2025-04-09T12:01:16.530Z] INFO: Transaction completed: 0x181a534709ea42f5ab0d26113c2231db329946101e1fc14df644219de1a2be02
[2025-04-09T12:01:18.386Z] INFO: SaveTransaction------,0xDAf96cB61d28799b3B174C56D3E9335838E5e46D,0xEbF0701BFf3996B1E443Ce74959C8DEd304B1f11,61,0x3de8321224a509db49112688cf064e1a9819e89c71ac4fceea481f73e2c9cf77
[2025-04-09T12:01:40.734Z] INFO: updateTransactionStatus------,0x3de8321224a509db49112688cf064e1a9819e89c71ac4fceea481f73e2c9cf77,2
[2025-04-09T12:01:40.735Z] INFO: Service Updated,[object Object],0x3de8321224a509db49112688cf064e1a9819e89c71ac4fceea481f73e2c9cf77
[2025-04-09T12:01:40.735Z] INFO: Transaction completed: 0x3de8321224a509db49112688cf064e1a9819e89c71ac4fceea481f73e2c9cf77
[2025-04-09T12:01:42.875Z] INFO: SaveTransaction------,0xDAf96cB61d28799b3B174C56D3E9335838E5e46D,0xEbF0701BFf3996B1E443Ce74959C8DEd304B1f11,61,0xc9a1f2019c6e0516ab44f3948ce95a4121fea494d036e07f68e226dd02a85af9
[2025-04-09T12:02:02.631Z] INFO: updateTransactionStatus------,0xc9a1f2019c6e0516ab44f3948ce95a4121fea494d036e07f68e226dd02a85af9,2
[2025-04-09T12:02:02.632Z] INFO: Service Updated,[object Object],0xc9a1f2019c6e0516ab44f3948ce95a4121fea494d036e07f68e226dd02a85af9
[2025-04-09T12:02:02.632Z] INFO: Transaction completed: 0xc9a1f2019c6e0516ab44f3948ce95a4121fea494d036e07f68e226dd02a85af9
[2025-04-09T12:02:04.712Z] INFO: SaveTransaction------,0xDAf96cB61d28799b3B174C56D3E9335838E5e46D,0xEbF0701BFf3996B1E443Ce74959C8DEd304B1f11,61,0x421ff2e5252040de8a6e15757994dd6d3fa1507463ee7fa07dceebc57eacd974
[2025-04-09T12:02:17.034Z] INFO: updateTransactionStatus------,0x421ff2e5252040de8a6e15757994dd6d3fa1507463ee7fa07dceebc57eacd974,2
[2025-04-09T12:02:17.034Z] INFO: Service Updated,[object Object],0x421ff2e5252040de8a6e15757994dd6d3fa1507463ee7fa07dceebc57eacd974
[2025-04-09T12:02:17.035Z] INFO: Transaction completed: 0x421ff2e5252040de8a6e15757994dd6d3fa1507463ee7fa07dceebc57eacd974
[2025-04-09T12:02:19.503Z] INFO: SaveTransaction------,0xDAf96cB61d28799b3B174C56D3E9335838E5e46D,0xEbF0701BFf3996B1E443Ce74959C8DEd304B1f11,61,0x57bdd9d92010d665aeedc9e665fc5cafe7749a3f944159fc1f92c91c6ba1adcd
[2025-04-09T12:02:29.262Z] INFO: updateTransactionStatus------,0x57bdd9d92010d665aeedc9e665fc5cafe7749a3f944159fc1f92c91c6ba1adcd,2
[2025-04-09T12:02:29.262Z] INFO: Service Updated,[object Object],0x57bdd9d92010d665aeedc9e665fc5cafe7749a3f944159fc1f92c91c6ba1adcd
[2025-04-09T12:02:29.262Z] INFO: Transaction completed: 0x57bdd9d92010d665aeedc9e665fc5cafe7749a3f944159fc1f92c91c6ba1adcd
[2025-04-09T12:02:30.967Z] INFO: SaveTransaction------,0xDAf96cB61d28799b3B174C56D3E9335838E5e46D,0xEbF0701BFf3996B1E443Ce74959C8DEd304B1f11,61,0x4cf4d49fb015ddbdd726b986fa06daa86d7764281d6a3bc1d46718b18ce25bdb
[2025-04-09T12:02:50.811Z] INFO: updateTransactionStatus------,0x4cf4d49fb015ddbdd726b986fa06daa86d7764281d6a3bc1d46718b18ce25bdb,2
[2025-04-09T12:02:50.812Z] INFO: Service Updated,[object Object],0x4cf4d49fb015ddbdd726b986fa06daa86d7764281d6a3bc1d46718b18ce25bdb
[2025-04-09T12:02:50.812Z] INFO: Transaction completed: 0x4cf4d49fb015ddbdd726b986fa06daa86d7764281d6a3bc1d46718b18ce25bdb
[2025-04-09T12:02:53.295Z] INFO: SaveTransaction------,0xDAf96cB61d28799b3B174C56D3E9335838E5e46D,0xEbF0701BFf3996B1E443Ce74959C8DEd304B1f11,61,0x7610e039599c582d30a51e8034ced6f723063bdd7dfcb988355ad61022a382bf
[2025-04-09T12:03:04.112Z] INFO: updateTransactionStatus------,0x7610e039599c582d30a51e8034ced6f723063bdd7dfcb988355ad61022a382bf,2
[2025-04-09T12:03:04.112Z] INFO: Service Updated,[object Object],0x7610e039599c582d30a51e8034ced6f723063bdd7dfcb988355ad61022a382bf
[2025-04-09T12:03:04.112Z] INFO: Transaction completed: 0x7610e039599c582d30a51e8034ced6f723063bdd7dfcb988355ad61022a382bf
