[2025-04-30T04:53:02.035Z] INFO: ✅Server running on port 4000
[2025-04-30T04:53:02.057Z] INFO: ✅MongoDB Connected
[2025-04-30T11:56:10.103Z] INFO: ✅Server running on port 4000
[2025-04-30T11:56:10.126Z] INFO: ✅MongoDB Connected
[2025-04-30T11:57:07.355Z] INFO: In the Middlewares....
[2025-04-30T11:57:07.371Z] INFO: Adding transaction to Queue 3...
[2025-04-30T11:57:07.386Z] INFO: in the Worker transaction 
[2025-04-30T11:57:07.386Z] INFO: 0xDAf96cB61d28799b3B174C56D3E9335838E5e46D,0xEbF0701BFf3996B1E443Ce74959C8DEd304B1f11,14,0xfacce3dca73f4e05690000ae73b9431e206a9a9dff5f14bfc29105cf17ebb73b
[2025-04-30T11:57:10.156Z] INFO: SaveTransaction------,0xDAf96cB61d28799b3B174C56D3E9335838E5e46D,0xEbF0701BFf3996B1E443Ce74959C8DEd304B1f11,14,0xc861e0a185c0942fcbc1666d61e67b6245bf94ae3fed1912cba41459c29a20d6
[2025-04-30T11:57:14.885Z] INFO: Service Updated,[object Object],0xc861e0a185c0942fcbc1666d61e67b6245bf94ae3fed1912cba41459c29a20d6
[2025-04-30T11:57:14.886Z] INFO: 1 Job Id in the Worker
[2025-04-30T11:57:14.886Z] INFO: Transaction completed: 0xc861e0a185c0942fcbc1666d61e67b6245bf94ae3fed1912cba41459c29a20d6
[2025-04-30T12:02:48.851Z] INFO: ✅Server running on port 4000
[2025-04-30T12:02:48.887Z] INFO: ✅MongoDB Connected
[2025-04-30T12:03:07.193Z] INFO: ✅Server running on port 4000
[2025-04-30T12:03:07.220Z] INFO: ✅MongoDB Connected
[2025-04-30T12:04:56.776Z] INFO: ✅Server running on port 4000
[2025-04-30T12:04:56.876Z] INFO: ✅MongoDB Connected
[2025-04-30T12:07:03.823Z] INFO: ✅Server running on port 4000
[2025-04-30T12:07:03.866Z] INFO: ✅MongoDB Connected
[2025-04-30T12:32:09.193Z] INFO: ✅Server running on port 4000
[2025-04-30T12:32:09.233Z] INFO: ✅MongoDB Connected
[2025-04-30T12:33:23.194Z] INFO: ✅Server running on port 4000
[2025-04-30T12:33:23.258Z] INFO: ✅MongoDB Connected
[2025-04-30T12:33:42.319Z] INFO: ✅Server running on port 4000
[2025-04-30T12:33:42.357Z] INFO: ✅MongoDB Connected
[2025-04-30T12:34:29.941Z] INFO: ✅Server running on port 4000
[2025-04-30T12:34:29.980Z] INFO: ✅MongoDB Connected
[2025-04-30T12:34:37.379Z] INFO: ✅Server running on port 4000
[2025-04-30T12:34:37.419Z] INFO: ✅MongoDB Connected
[2025-04-30T12:35:32.592Z] INFO: ✅Server running on port 4000
[2025-04-30T12:35:32.620Z] INFO: ✅MongoDB Connected
[2025-04-30T12:35:37.190Z] INFO: In the Middlewares....
[2025-04-30T12:35:37.198Z] INFO: Adding transaction to Queue 3...
[2025-04-30T12:35:37.212Z] INFO: in the Worker transaction 
[2025-04-30T12:35:37.212Z] INFO: 0xDAf96cB61d28799b3B174C56D3E9335838E5e46D,0xEbF0701BFf3996B1E443Ce74959C8DEd304B1f11,140,0xfacce3dca73f4e05690000ae73b9431e206a9a9dff5f14bfc29105cf17ebb73b
[2025-04-30T12:35:40.229Z] INFO: SaveTransaction------,0xDAf96cB61d28799b3B174C56D3E9335838E5e46D,0xEbF0701BFf3996B1E443Ce74959C8DEd304B1f11,140,0xc3ef047a1220639a45cc5f66ed5b1bb42b960623f558df499943075febb8ff09
[2025-04-30T12:36:26.248Z] INFO: ✅Server running on port 4000
[2025-04-30T12:36:26.311Z] INFO: ✅MongoDB Connected
[2025-04-30T12:36:56.329Z] INFO: in the Worker transaction 
[2025-04-30T12:36:56.332Z] INFO: 0xDAf96cB61d28799b3B174C56D3E9335838E5e46D,0xEbF0701BFf3996B1E443Ce74959C8DEd304B1f11,140,0xfacce3dca73f4e05690000ae73b9431e206a9a9dff5f14bfc29105cf17ebb73b
[2025-04-30T12:36:58.903Z] INFO: SaveTransaction------,0xDAf96cB61d28799b3B174C56D3E9335838E5e46D,0xEbF0701BFf3996B1E443Ce74959C8DEd304B1f11,140,0xf42b602d3b898b8c135f5e25897538619cc641784dd9ea903844291aa457dd3d
[2025-04-30T12:37:01.782Z] INFO: Service Updated,[object Object],0xf42b602d3b898b8c135f5e25897538619cc641784dd9ea903844291aa457dd3d
[2025-04-30T12:37:01.782Z] INFO: 2 Job Id in the Worker
[2025-04-30T12:37:01.782Z] INFO: Transaction completed: https://holesky.etherscan.io/tx/0xf42b602d3b898b8c135f5e25897538619cc641784dd9ea903844291aa457dd3d
[2025-04-30T12:47:06.714Z] INFO: In the Middlewares....
[2025-04-30T12:47:06.723Z] INFO: Adding transaction to Queue 3...
[2025-04-30T12:47:06.746Z] INFO: in the Worker transaction 
[2025-04-30T12:47:06.746Z] INFO: 0xDAf96cB61d28799b3B174C56D3E9335838E5e46D,0xEbF0701BFf3996B1E443Ce74959C8DEd304B1f11,150,0xfacce3dca73f4e05690000ae73b9431e206a9a9dff5f14bfc29105cf17ebb73b
[2025-04-30T12:47:53.231Z] INFO: ✅Server running on port 4000
[2025-04-30T12:47:53.352Z] INFO: ✅MongoDB Connected
[2025-04-30T12:48:00.147Z] INFO: In the Middlewares....
[2025-04-30T12:48:00.151Z] INFO: Adding transaction to Queue 3...
[2025-04-30T12:48:00.159Z] INFO: in the Worker transaction 
[2025-04-30T12:48:00.159Z] INFO: 0xDAf96cB61d28799b3B174C56D3E9335838E5e46D,0xEbF0701BFf3996B1E443Ce74959C8DEd304B1f11,160,0xfacce3dca73f4e05690000ae73b9431e206a9a9dff5f14bfc29105cf17ebb73b
[2025-04-30T12:48:02.617Z] INFO: SaveTransaction------,0xDAf96cB61d28799b3B174C56D3E9335838E5e46D,0xEbF0701BFf3996B1E443Ce74959C8DEd304B1f11,160,0x5dd68c99e95eba594d1ecd87e78469934a42c08c67284dc455d2dcbd44fd368a
[2025-04-30T12:48:59.440Z] INFO: ✅Server running on port 4000
[2025-04-30T12:48:59.462Z] INFO: ✅MongoDB Connected
[2025-04-30T12:48:59.483Z] INFO: in the Worker transaction 
[2025-04-30T12:48:59.484Z] INFO: 0xDAf96cB61d28799b3B174C56D3E9335838E5e46D,0xEbF0701BFf3996B1E443Ce74959C8DEd304B1f11,150,0xfacce3dca73f4e05690000ae73b9431e206a9a9dff5f14bfc29105cf17ebb73b
[2025-04-30T12:49:01.747Z] INFO: SaveTransaction------,0xDAf96cB61d28799b3B174C56D3E9335838E5e46D,0xEbF0701BFf3996B1E443Ce74959C8DEd304B1f11,150,0x73d2e4fed267f21897d40f978fc4adf9f08d94f9f7356086c8516d182ac74079
[2025-04-30T12:49:27.653Z] INFO: Service Updated,[object Object],0x73d2e4fed267f21897d40f978fc4adf9f08d94f9f7356086c8516d182ac74079
[2025-04-30T12:49:27.654Z] INFO: 3 Job Id in the Worker
[2025-04-30T12:49:27.654Z] INFO: Transaction completed: https://holesky.etherscan.io/tx/0x73d2e4fed267f21897d40f978fc4adf9f08d94f9f7356086c8516d182ac74079
[2025-04-30T12:49:29.486Z] INFO: in the Worker transaction 
[2025-04-30T12:49:29.487Z] INFO: 0xDAf96cB61d28799b3B174C56D3E9335838E5e46D,0xEbF0701BFf3996B1E443Ce74959C8DEd304B1f11,160,0xfacce3dca73f4e05690000ae73b9431e206a9a9dff5f14bfc29105cf17ebb73b
[2025-04-30T12:49:32.909Z] INFO: SaveTransaction------,0xDAf96cB61d28799b3B174C56D3E9335838E5e46D,0xEbF0701BFf3996B1E443Ce74959C8DEd304B1f11,160,0x10c1d4b8a89512d6af69148f750a58c570b7eca12ecb7aeff004fe6a34d31c04
[2025-04-30T12:49:40.048Z] INFO: Service Updated,[object Object],0x10c1d4b8a89512d6af69148f750a58c570b7eca12ecb7aeff004fe6a34d31c04
[2025-04-30T12:49:40.048Z] INFO: 4 Job Id in the Worker
[2025-04-30T12:49:40.050Z] INFO: Transaction completed: https://holesky.etherscan.io/tx/0x10c1d4b8a89512d6af69148f750a58c570b7eca12ecb7aeff004fe6a34d31c04
[2025-04-30T12:56:42.419Z] INFO: In the Middlewares....
[2025-04-30T12:56:42.432Z] INFO: Adding transaction to Queue 3...
[2025-04-30T12:56:42.450Z] INFO: in the Worker transaction 
[2025-04-30T12:56:42.451Z] INFO: 0xDAf96cB61d28799b3B174C56D3E9335838E5e46D,0xEbF0701BFf3996B1E443Ce74959C8DEd304B1f11,170,0xfacce3dca73f4e05690000ae73b9431e206a9a9dff5f14bfc29105cf17ebb73b
[2025-04-30T12:56:44.804Z] INFO: SaveTransaction------,0xDAf96cB61d28799b3B174C56D3E9335838E5e46D,0xEbF0701BFf3996B1E443Ce74959C8DEd304B1f11,170,0xf2e6e2322f4d40015f313aef4cebaef93fb3d266370f8ed6c967251919429ed5
[2025-04-30T12:57:11.812Z] INFO: ✅Server running on port 4000
[2025-04-30T12:57:11.858Z] INFO: ✅MongoDB Connected
[2025-04-30T12:57:41.870Z] INFO: in the Worker transaction 
[2025-04-30T12:57:41.872Z] INFO: 0xDAf96cB61d28799b3B174C56D3E9335838E5e46D,0xEbF0701BFf3996B1E443Ce74959C8DEd304B1f11,170,0xfacce3dca73f4e05690000ae73b9431e206a9a9dff5f14bfc29105cf17ebb73b
[2025-04-30T12:57:44.370Z] INFO: SaveTransaction------,0xDAf96cB61d28799b3B174C56D3E9335838E5e46D,0xEbF0701BFf3996B1E443Ce74959C8DEd304B1f11,170,0x628827b632172e01cca659c28261fb8d8f1b2195997757730429f5aa566b5a5e
[2025-04-30T12:58:03.076Z] INFO: Service Updated,[object Object],0x628827b632172e01cca659c28261fb8d8f1b2195997757730429f5aa566b5a5e
[2025-04-30T12:58:03.077Z] INFO: 5 Job Id in the Worker
[2025-04-30T12:58:03.077Z] INFO: Transaction completed: https://holesky.etherscan.io/tx/0x628827b632172e01cca659c28261fb8d8f1b2195997757730429f5aa566b5a5e
